Using pre-set license
Built from '2020.3/staging' branch; Version is '2020.3.6f1 (338bb68529b2) revision 3378102'; Using compiler version '192528614'; Build Type 'Release'
OS: 'Windows 10 Pro; OS build 22616.100; Version 2009; 64bit' Language: 'en' Physical Memory: 16160 MB
BatchMode: 1, IsHumanControllingUs: 0, StartBugReporterOnCrash: 0, Is64bit: 1, IsPro: 0

 COMMAND LINE ARGUMENTS:
D:\UnityHub\Editor\2020.3.6f1\Editor\Unity.exe
-adb2
-batchMode
-noUpm
-name
AssetImportWorker1
-projectPath
D:/GitHub/FantasyRPG/FantasyGame
-logFile
Logs/AssetImportWorker1.log
-srvPort
64919
Successfully changed project path to: D:/GitHub/FantasyRPG/FantasyGame
D:/GitHub/FantasyRPG/FantasyGame
Using Asset Import Pipeline V2.
Refreshing native plugins compatible for Editor in 262.37 ms, found 1 plugins.
Preloading 0 native plugins for Editor in 0.00 ms.
Initialize engine version: 2020.3.6f1 (338bb68529b2)
[Subsystems] Discovering subsystems at path D:/UnityHub/Editor/2020.3.6f1/Editor/Data/Resources/UnitySubsystems
[Subsystems] Discovering subsystems at path D:/GitHub/FantasyRPG/FantasyGame/Assets
GfxDevice: creating device client; threaded=0
Direct3D:
    Version:  Direct3D 11.0 [level 11.1]
    Renderer: NVIDIA GeForce MX350 (ID=0x1c94)
    Vendor:   
    VRAM:     1979 MB
    Driver:   30.0.14.7196
Shader 'Universal Render Pipeline/Particles/Lit': fallback shader 'Universal Render Pipeline/Particles/SimpleLit' not found
Initialize mono
Mono path[0] = 'D:/UnityHub/Editor/2020.3.6f1/Editor/Data/Managed'
Mono path[1] = 'D:/UnityHub/Editor/2020.3.6f1/Editor/Data/MonoBleedingEdge/lib/mono/unityjit'
Mono config path = 'D:/UnityHub/Editor/2020.3.6f1/Editor/Data/MonoBleedingEdge/etc'
Using monoOptions --debugger-agent=transport=dt_socket,embedding=1,server=y,suspend=n,address=127.0.0.1:56720
Begin MonoManager ReloadAssembly
Registering precompiled unity dll's ...
Register platform support module: D:/UnityHub/Editor/2020.3.6f1/Editor/Data/PlaybackEngines/WindowsStandaloneSupport/UnityEditor.WindowsStandalone.Extensions.dll
Registered in 0.002446 seconds.
Native extension for WindowsStandalone target not found
Refreshing native plugins compatible for Editor in 271.78 ms, found 1 plugins.
Preloading 0 native plugins for Editor in 0.00 ms.
Mono: successfully reloaded assembly
- Completed reload, in 10.866 seconds
Platform modules already initialized, skipping
Registering precompiled user dll's ...
Registered in 0.007462 seconds.
Begin MonoManager ReloadAssembly
Native extension for WindowsStandalone target not found
Refreshing native plugins compatible for Editor in 163.93 ms, found 1 plugins.
Preloading 0 native plugins for Editor in 0.00 ms.
Mono: successfully reloaded assembly
- Completed reload, in  3.065 seconds
Platform modules already initialized, skipping
========================================================================
Worker process is ready to serve import requests
Shader 'Universal Render Pipeline/Particles/Lit': fallback shader 'Universal Render Pipeline/Particles/SimpleLit' not found
Launched and connected shader compiler UnityShaderCompiler.exe after 0.04 seconds
Refreshing native plugins compatible for Editor in 0.96 ms, found 1 plugins.
Preloading 0 native plugins for Editor in 0.00 ms.
Unloading 4340 Unused Serialized files (Serialized files now loaded: 0)
System memory in use before: 193.1 MB.
System memory in use after: 193.3 MB.

Unloading 22 unused Assets to reduce memory usage. Loaded Objects now: 4781.
Total: 3.897600 ms (FindLiveObjects: 0.650500 ms CreateObjectMapping: 0.212200 ms MarkObjects: 2.838200 ms  DeleteObjects: 0.194500 ms)

========================================================================
Received Import Request.
  path: Assets/BUILD SYSTEM/PREFABS/WALLS/SmallDoorWall.prefab
  artifactKey: Guid(2461b5bcf53191f44acc32f47b894ae3) Importer(815301076,1909f56bfc062723c751e8b465ee728b)
Start importing Assets/BUILD SYSTEM/PREFABS/WALLS/SmallDoorWall.prefab using Guid(2461b5bcf53191f44acc32f47b894ae3) Importer(815301076,1909f56bfc062723c751e8b465ee728b)  -> (artifact id: '32d65ca46f88eb5dc7978742bc101ddf') in 0.387937 seconds
  Import took 0.400303 seconds .

========================================================================
Received Import Request.
  Time since last request: 0.000426 seconds.
  path: Assets/BUILD SYSTEM/PREFABS/WALLS/ArchDoorWall.prefab
  artifactKey: Guid(495502491512e534796c0f8eb77cd875) Importer(815301076,1909f56bfc062723c751e8b465ee728b)
Start importing Assets/BUILD SYSTEM/PREFABS/WALLS/ArchDoorWall.prefab using Guid(495502491512e534796c0f8eb77cd875) Importer(815301076,1909f56bfc062723c751e8b465ee728b)  -> (artifact id: '9a40a209c0d12d064b93ac57e2aea4ed') in 0.022089 seconds
  Import took 0.033208 seconds .

========================================================================
Received Import Request.
  Time since last request: 134.747025 seconds.
  path: Assets/BUILD SYSTEM/PREFABS/WALLS/GroundMeshTemp.prefab
  artifactKey: Guid(53fa435cbdf9a9e40a091638f270c898) Importer(815301076,1909f56bfc062723c751e8b465ee728b)
Start importing Assets/BUILD SYSTEM/PREFABS/WALLS/GroundMeshTemp.prefab using Guid(53fa435cbdf9a9e40a091638f270c898) Importer(815301076,1909f56bfc062723c751e8b465ee728b)  -> (artifact id: '750218a725f06f6d12bd4b0759b9f3c0') in 0.026569 seconds
  Import took 0.037470 seconds .

========================================================================
Received Import Request.
  Time since last request: 3021.800558 seconds.
  path: Assets/BUILDINGS/Hotel 1.prefab
  artifactKey: Guid(ebb0d46743035814aa8431d7c921fdac) Importer(815301076,1909f56bfc062723c751e8b465ee728b)
Start importing Assets/BUILDINGS/Hotel 1.prefab using Guid(ebb0d46743035814aa8431d7c921fdac) Importer(815301076,1909f56bfc062723c751e8b465ee728b)  -> (artifact id: '422a0803feab493690accb8f01d5c280') in 0.178163 seconds
  Import took 0.195256 seconds .

========================================================================
Received Import Request.
  Time since last request: 14.892714 seconds.
  path: Assets/BUILDINGS/Hotel 1.prefab
  artifactKey: Guid(ebb0d46743035814aa8431d7c921fdac) Importer(815301076,1909f56bfc062723c751e8b465ee728b)
Start importing Assets/BUILDINGS/Hotel 1.prefab using Guid(ebb0d46743035814aa8431d7c921fdac) Importer(815301076,1909f56bfc062723c751e8b465ee728b)  -> (artifact id: '44fdc4ea45c26e74cb07670204c7e907') in 0.104191 seconds
  Import took 0.120761 seconds .

========================================================================
Received Import Request.
  Time since last request: 2.744535 seconds.
  path: Assets/BUILDINGS/Hotel 1.prefab
  artifactKey: Guid(ebb0d46743035814aa8431d7c921fdac) Importer(815301076,1909f56bfc062723c751e8b465ee728b)
Start importing Assets/BUILDINGS/Hotel 1.prefab using Guid(ebb0d46743035814aa8431d7c921fdac) Importer(815301076,1909f56bfc062723c751e8b465ee728b)  -> (artifact id: '5db4ae25732b5406f5db0ee40c40de03') in 0.096870 seconds
  Import took 0.112654 seconds .

========================================================================
Received Prepare
Registering precompiled user dll's ...
Registered in 0.006474 seconds.
Begin MonoManager ReloadAssembly
Native extension for WindowsStandalone target not found
Refreshing native plugins compatible for Editor in 1.48 ms, found 1 plugins.
Preloading 0 native plugins for Editor in 0.00 ms.
Mono: successfully reloaded assembly
- Completed reload, in  3.121 seconds
Platform modules already initialized, skipping
Shader 'Universal Render Pipeline/Particles/Lit': fallback shader 'Universal Render Pipeline/Particles/SimpleLit' not found
Refreshing native plugins compatible for Editor in 2.35 ms, found 1 plugins.
Preloading 0 native plugins for Editor in 0.00 ms.
Unloading 4148 Unused Serialized files (Serialized files now loaded: 0)
System memory in use before: 184.7 MB.
System memory in use after: 184.8 MB.

Unloading 15 unused Assets to reduce memory usage. Loaded Objects now: 4829.
Total: 4.923500 ms (FindLiveObjects: 0.341500 ms CreateObjectMapping: 0.173900 ms MarkObjects: 4.094100 ms  DeleteObjects: 0.310200 ms)

========================================================================
Received Import Request.
  Time since last request: 1051.434051 seconds.
  path: Assets/SCRIPTS/World/DoorScript.cs
  artifactKey: Guid(099dbb73b3dc5384ea60e044d5240515) Importer(815301076,1909f56bfc062723c751e8b465ee728b)
Start importing Assets/SCRIPTS/World/DoorScript.cs using Guid(099dbb73b3dc5384ea60e044d5240515) Importer(815301076,1909f56bfc062723c751e8b465ee728b)  -> (artifact id: '23d2e148868a693102869e6d779bbf5c') in 0.034343 seconds
  Import took 0.047214 seconds .

========================================================================
Received Import Request.
  Time since last request: 0.000408 seconds.
  path: Assets/SCRIPTS/World/DoorScript.cs
  artifactKey: Guid(099dbb73b3dc5384ea60e044d5240515) Importer(815301076,1909f56bfc062723c751e8b465ee728b)
Start importing Assets/SCRIPTS/World/DoorScript.cs using Guid(099dbb73b3dc5384ea60e044d5240515) Importer(815301076,1909f56bfc062723c751e8b465ee728b)  -> (artifact id: '23d2e148868a693102869e6d779bbf5c') in 0.004487 seconds
  Import took 0.015630 seconds .

========================================================================
Received Prepare
Registering precompiled user dll's ...
Registered in 0.006114 seconds.
Begin MonoManager ReloadAssembly
Native extension for WindowsStandalone target not found
Refreshing native plugins compatible for Editor in 0.88 ms, found 1 plugins.
Preloading 0 native plugins for Editor in 0.00 ms.
Mono: successfully reloaded assembly
- Completed reload, in  2.058 seconds
Platform modules already initialized, skipping
Shader 'Universal Render Pipeline/Particles/Lit': fallback shader 'Universal Render Pipeline/Particles/SimpleLit' not found
Refreshing native plugins compatible for Editor in 1.19 ms, found 1 plugins.
Preloading 0 native plugins for Editor in 0.00 ms.
Unloading 4148 Unused Serialized files (Serialized files now loaded: 0)
System memory in use before: 184.7 MB.
System memory in use after: 184.9 MB.

Unloading 15 unused Assets to reduce memory usage. Loaded Objects now: 4832.
Total: 6.610100 ms (FindLiveObjects: 1.244300 ms CreateObjectMapping: 0.452200 ms MarkObjects: 4.462600 ms  DeleteObjects: 0.448300 ms)

========================================================================
Received Import Request.
  Time since last request: 146.102085 seconds.
  path: Assets/BUILD SYSTEM/PREFABS/WALLS/ArchDoorWall.prefab
  artifactKey: Guid(495502491512e534796c0f8eb77cd875) Importer(815301076,1909f56bfc062723c751e8b465ee728b)
Start importing Assets/BUILD SYSTEM/PREFABS/WALLS/ArchDoorWall.prefab using Guid(495502491512e534796c0f8eb77cd875) Importer(815301076,1909f56bfc062723c751e8b465ee728b)  -> (artifact id: '806a179792ea6ef7d16c2b30313687ae') in 0.250223 seconds
  Import took 0.261028 seconds .

========================================================================
Received Prepare
Registering precompiled user dll's ...
Registered in 0.002731 seconds.
Begin MonoManager ReloadAssembly
Native extension for WindowsStandalone target not found
Refreshing native plugins compatible for Editor in 0.80 ms, found 1 plugins.
Preloading 0 native plugins for Editor in 0.00 ms.
Mono: successfully reloaded assembly
- Completed reload, in  1.268 seconds
Platform modules already initialized, skipping
Shader 'Universal Render Pipeline/Particles/Lit': fallback shader 'Universal Render Pipeline/Particles/SimpleLit' not found
Refreshing native plugins compatible for Editor in 0.95 ms, found 1 plugins.
Preloading 0 native plugins for Editor in 0.00 ms.
Unloading 4148 Unused Serialized files (Serialized files now loaded: 0)
System memory in use before: 184.9 MB.
System memory in use after: 185.1 MB.

Unloading 15 unused Assets to reduce memory usage. Loaded Objects now: 4871.
Total: 4.822700 ms (FindLiveObjects: 0.539900 ms CreateObjectMapping: 0.260800 ms MarkObjects: 3.799700 ms  DeleteObjects: 0.220400 ms)

========================================================================
Received Import Request.
  Time since last request: 94.405677 seconds.
  path: Assets/BUILDINGS/Hotel.prefab
  artifactKey: Guid(9182dc282eae73347a9967b81cdf3306) Importer(815301076,1909f56bfc062723c751e8b465ee728b)
Start importing Assets/BUILDINGS/Hotel.prefab using Guid(9182dc282eae73347a9967b81cdf3306) Importer(815301076,1909f56bfc062723c751e8b465ee728b)  -> (artifact id: 'cda1ba59b9ce017ba93a6eaa7c5f7f65') in 0.295559 seconds
  Import took 0.310928 seconds .

========================================================================
Received Import Request.
  Time since last request: 1.482859 seconds.
  path: Assets/BUILDINGS/Hotel.prefab
  artifactKey: Guid(9182dc282eae73347a9967b81cdf3306) Importer(815301076,1909f56bfc062723c751e8b465ee728b)
Start importing Assets/BUILDINGS/Hotel.prefab using Guid(9182dc282eae73347a9967b81cdf3306) Importer(815301076,1909f56bfc062723c751e8b465ee728b)  -> (artifact id: 'd34b17c93292b2f781d4e64d4c8268f3') in 0.136969 seconds
  Import took 0.158874 seconds .

========================================================================
Received Prepare
Registering precompiled user dll's ...
Registered in 0.004289 seconds.
Begin MonoManager ReloadAssembly
Native extension for WindowsStandalone target not found
Refreshing native plugins compatible for Editor in 0.76 ms, found 1 plugins.
Preloading 0 native plugins for Editor in 0.00 ms.
Mono: successfully reloaded assembly
- Completed reload, in  1.568 seconds
Platform modules already initialized, skipping
Shader 'Universal Render Pipeline/Particles/Lit': fallback shader 'Universal Render Pipeline/Particles/SimpleLit' not found
Refreshing native plugins compatible for Editor in 0.90 ms, found 1 plugins.
Preloading 0 native plugins for Editor in 0.00 ms.
Unloading 4148 Unused Serialized files (Serialized files now loaded: 0)
System memory in use before: 185.5 MB.
System memory in use after: 185.7 MB.

Unloading 15 unused Assets to reduce memory usage. Loaded Objects now: 4910.
Total: 4.621300 ms (FindLiveObjects: 0.589000 ms CreateObjectMapping: 0.258000 ms MarkObjects: 3.620900 ms  DeleteObjects: 0.149800 ms)

========================================================================
Received Prepare
Registering precompiled user dll's ...
Registered in 0.004025 seconds.
Begin MonoManager ReloadAssembly
Native extension for WindowsStandalone target not found
Refreshing native plugins compatible for Editor in 1.30 ms, found 1 plugins.
Preloading 0 native plugins for Editor in 0.00 ms.
Mono: successfully reloaded assembly
- Completed reload, in  1.412 seconds
Platform modules already initialized, skipping
Shader 'Universal Render Pipeline/Particles/Lit': fallback shader 'Universal Render Pipeline/Particles/SimpleLit' not found
Refreshing native plugins compatible for Editor in 0.93 ms, found 1 plugins.
Preloading 0 native plugins for Editor in 0.00 ms.
Unloading 4148 Unused Serialized files (Serialized files now loaded: 0)
System memory in use before: 185.6 MB.
System memory in use after: 185.7 MB.

Unloading 15 unused Assets to reduce memory usage. Loaded Objects now: 4913.
Total: 8.944800 ms (FindLiveObjects: 2.209800 ms CreateObjectMapping: 1.525900 ms MarkObjects: 4.981700 ms  DeleteObjects: 0.223500 ms)

========================================================================
Received Prepare
Registering precompiled user dll's ...
Registered in 0.004857 seconds.
Begin MonoManager ReloadAssembly
Native extension for WindowsStandalone target not found
Refreshing native plugins compatible for Editor in 1.01 ms, found 1 plugins.
Preloading 0 native plugins for Editor in 0.00 ms.
Mono: successfully reloaded assembly
- Completed reload, in  1.617 seconds
Platform modules already initialized, skipping
Shader 'Universal Render Pipeline/Particles/Lit': fallback shader 'Universal Render Pipeline/Particles/SimpleLit' not found
Refreshing native plugins compatible for Editor in 0.80 ms, found 1 plugins.
Preloading 0 native plugins for Editor in 0.00 ms.
Unloading 4148 Unused Serialized files (Serialized files now loaded: 0)
System memory in use before: 185.6 MB.
System memory in use after: 185.7 MB.

Unloading 15 unused Assets to reduce memory usage. Loaded Objects now: 4916.
Total: 4.217800 ms (FindLiveObjects: 0.675100 ms CreateObjectMapping: 0.285500 ms MarkObjects: 3.091200 ms  DeleteObjects: 0.160400 ms)

========================================================================
Received Prepare
Registering precompiled user dll's ...
Registered in 0.003251 seconds.
Begin MonoManager ReloadAssembly
Native extension for WindowsStandalone target not found
Refreshing native plugins compatible for Editor in 0.81 ms, found 1 plugins.
Preloading 0 native plugins for Editor in 0.00 ms.
Mono: successfully reloaded assembly
- Completed reload, in  1.326 seconds
Platform modules already initialized, skipping
Shader 'Universal Render Pipeline/Particles/Lit': fallback shader 'Universal Render Pipeline/Particles/SimpleLit' not found
Refreshing native plugins compatible for Editor in 0.69 ms, found 1 plugins.
Preloading 0 native plugins for Editor in 0.00 ms.
Unloading 4148 Unused Serialized files (Serialized files now loaded: 0)
System memory in use before: 185.6 MB.
System memory in use after: 185.8 MB.

Unloading 15 unused Assets to reduce memory usage. Loaded Objects now: 4919.
Total: 3.705700 ms (FindLiveObjects: 0.655900 ms CreateObjectMapping: 0.155300 ms MarkObjects: 2.544500 ms  DeleteObjects: 0.342000 ms)

========================================================================
Received Prepare
Registering precompiled user dll's ...
Registered in 0.002712 seconds.
Begin MonoManager ReloadAssembly
Native extension for WindowsStandalone target not found
Refreshing native plugins compatible for Editor in 0.69 ms, found 1 plugins.
Preloading 0 native plugins for Editor in 0.00 ms.
Mono: successfully reloaded assembly
- Completed reload, in  1.507 seconds
Platform modules already initialized, skipping
Shader 'Universal Render Pipeline/Particles/Lit': fallback shader 'Universal Render Pipeline/Particles/SimpleLit' not found
Refreshing native plugins compatible for Editor in 0.69 ms, found 1 plugins.
Preloading 0 native plugins for Editor in 0.00 ms.
Unloading 4148 Unused Serialized files (Serialized files now loaded: 0)
System memory in use before: 185.6 MB.
System memory in use after: 185.8 MB.

Unloading 15 unused Assets to reduce memory usage. Loaded Objects now: 4922.
Total: 4.284100 ms (FindLiveObjects: 0.488600 ms CreateObjectMapping: 0.273900 ms MarkObjects: 3.361100 ms  DeleteObjects: 0.158200 ms)

========================================================================
Received Import Request.
  Time since last request: 4229.672169 seconds.
  path: Assets/BUILD SYSTEM/PREFABS/WALLS/ArchDoorWall.prefab
  artifactKey: Guid(495502491512e534796c0f8eb77cd875) Importer(815301076,1909f56bfc062723c751e8b465ee728b)
Start importing Assets/BUILD SYSTEM/PREFABS/WALLS/ArchDoorWall.prefab using Guid(495502491512e534796c0f8eb77cd875) Importer(815301076,1909f56bfc062723c751e8b465ee728b)  -> (artifact id: '61d8dc4a075970d3cb47989099951be0') in 0.225173 seconds
  Import took 0.236506 seconds .

========================================================================
Received Import Request.
  Time since last request: 0.000430 seconds.
  path: Assets/BUILD SYSTEM/PREFABS/WALLS/SmallDoorWall.prefab
  artifactKey: Guid(2461b5bcf53191f44acc32f47b894ae3) Importer(815301076,1909f56bfc062723c751e8b465ee728b)
Start importing Assets/BUILD SYSTEM/PREFABS/WALLS/SmallDoorWall.prefab using Guid(2461b5bcf53191f44acc32f47b894ae3) Importer(815301076,1909f56bfc062723c751e8b465ee728b)  -> (artifact id: '8d0f9648371a14f0833d7d189be5bd49') in 0.028263 seconds
  Import took 0.036821 seconds .

========================================================================
Received Import Request.
  Time since last request: 9.035316 seconds.
  path: Assets/BUILD SYSTEM/PREFABS/WALLS/SlideWindowWall .prefab
  artifactKey: Guid(231f52a1a921b2c4f914085a7dade4e0) Importer(815301076,1909f56bfc062723c751e8b465ee728b)
Start importing Assets/BUILD SYSTEM/PREFABS/WALLS/SlideWindowWall .prefab using Guid(231f52a1a921b2c4f914085a7dade4e0) Importer(815301076,1909f56bfc062723c751e8b465ee728b)  -> (artifact id: 'b7e7f64cf5764a6b1a320002626f6a8b') in 0.053927 seconds
  Import took 0.068374 seconds .

========================================================================
Received Import Request.
  Time since last request: 79.072346 seconds.
  path: Assets/BUILD SYSTEM/PREFABS/WALLS/SlideWindowWall .prefab
  artifactKey: Guid(231f52a1a921b2c4f914085a7dade4e0) Importer(815301076,1909f56bfc062723c751e8b465ee728b)
Start importing Assets/BUILD SYSTEM/PREFABS/WALLS/SlideWindowWall .prefab using Guid(231f52a1a921b2c4f914085a7dade4e0) Importer(815301076,1909f56bfc062723c751e8b465ee728b)  -> (artifact id: '5fe3ac00ea87fd8d4ef93900b54e5fda') in 0.041323 seconds
  Import took 0.059010 seconds .

========================================================================
Received Import Request.
  Time since last request: 7.569364 seconds.
  path: Assets/BUILD SYSTEM/PREFABS/WALLS/SlideWindowWall .prefab
  artifactKey: Guid(231f52a1a921b2c4f914085a7dade4e0) Importer(815301076,1909f56bfc062723c751e8b465ee728b)
Start importing Assets/BUILD SYSTEM/PREFABS/WALLS/SlideWindowWall .prefab using Guid(231f52a1a921b2c4f914085a7dade4e0) Importer(815301076,1909f56bfc062723c751e8b465ee728b)  -> (artifact id: 'c83adc550a1a61262514d0c594c919fb') in 0.038320 seconds
  Import took 0.049711 seconds .

========================================================================
Received Import Request.
  Time since last request: 7.225653 seconds.
  path: Assets/BUILD SYSTEM/PREFABS/WALLS/SlideWindowWall .prefab
  artifactKey: Guid(231f52a1a921b2c4f914085a7dade4e0) Importer(815301076,1909f56bfc062723c751e8b465ee728b)
Start importing Assets/BUILD SYSTEM/PREFABS/WALLS/SlideWindowWall .prefab using Guid(231f52a1a921b2c4f914085a7dade4e0) Importer(815301076,1909f56bfc062723c751e8b465ee728b)  -> (artifact id: 'dd24d4f9892313a7556fbb6273117632') in 0.038150 seconds
  Import took 0.051807 seconds .

========================================================================
Received Import Request.
  Time since last request: 3.899589 seconds.
  path: Assets/BUILD SYSTEM/PREFABS/WALLS/SlideWindowWall .prefab
  artifactKey: Guid(231f52a1a921b2c4f914085a7dade4e0) Importer(815301076,1909f56bfc062723c751e8b465ee728b)
Start importing Assets/BUILD SYSTEM/PREFABS/WALLS/SlideWindowWall .prefab using Guid(231f52a1a921b2c4f914085a7dade4e0) Importer(815301076,1909f56bfc062723c751e8b465ee728b)  -> (artifact id: 'd152e08c3e42d45d3611ca8eaeb8b1b1') in 0.039271 seconds
  Import took 0.050136 seconds .

========================================================================
Received Import Request.
  Time since last request: 4.031056 seconds.
  path: Assets/BUILD SYSTEM/PREFABS/WALLS/SlideWindowWall .prefab
  artifactKey: Guid(231f52a1a921b2c4f914085a7dade4e0) Importer(815301076,1909f56bfc062723c751e8b465ee728b)
Start importing Assets/BUILD SYSTEM/PREFABS/WALLS/SlideWindowWall .prefab using Guid(231f52a1a921b2c4f914085a7dade4e0) Importer(815301076,1909f56bfc062723c751e8b465ee728b)  -> (artifact id: '61d45964d40da69bd4e2e4dc76085a67') in 0.038635 seconds
  Import took 0.051447 seconds .

========================================================================
Received Import Request.
  Time since last request: 7.523566 seconds.
  path: Assets/BUILD SYSTEM/PREFABS/WALLS/SlideWindowWall .prefab
  artifactKey: Guid(231f52a1a921b2c4f914085a7dade4e0) Importer(815301076,1909f56bfc062723c751e8b465ee728b)
Start importing Assets/BUILD SYSTEM/PREFABS/WALLS/SlideWindowWall .prefab using Guid(231f52a1a921b2c4f914085a7dade4e0) Importer(815301076,1909f56bfc062723c751e8b465ee728b)  -> (artifact id: 'a767d349c7e468cbd4d21c8fa54c1f93') in 0.031686 seconds
  Import took 0.048740 seconds .

========================================================================
Received Import Request.
  Time since last request: 5.151980 seconds.
  path: Assets/BUILD SYSTEM/PREFABS/WALLS/SlideWindowWall .prefab
  artifactKey: Guid(231f52a1a921b2c4f914085a7dade4e0) Importer(815301076,1909f56bfc062723c751e8b465ee728b)
Start importing Assets/BUILD SYSTEM/PREFABS/WALLS/SlideWindowWall .prefab using Guid(231f52a1a921b2c4f914085a7dade4e0) Importer(815301076,1909f56bfc062723c751e8b465ee728b)  -> (artifact id: '7b0811320416360d29d43b1171b9b94e') in 0.047952 seconds
  Import took 0.062971 seconds .

========================================================================
Received Import Request.
  Time since last request: 18.930132 seconds.
  path: Assets/BUILD SYSTEM/PREFABS/WALLS/SlideWindowWall .prefab
  artifactKey: Guid(231f52a1a921b2c4f914085a7dade4e0) Importer(815301076,1909f56bfc062723c751e8b465ee728b)
Start importing Assets/BUILD SYSTEM/PREFABS/WALLS/SlideWindowWall .prefab using Guid(231f52a1a921b2c4f914085a7dade4e0) Importer(815301076,1909f56bfc062723c751e8b465ee728b)  -> (artifact id: '3d135995e2666ee15b03656dc7214e94') in 0.037029 seconds
  Import took 0.052011 seconds .

========================================================================
Received Import Request.
  Time since last request: 2.603749 seconds.
  path: Assets/BUILD SYSTEM/PREFABS/WALLS/SlideWindowWall .prefab
  artifactKey: Guid(231f52a1a921b2c4f914085a7dade4e0) Importer(815301076,1909f56bfc062723c751e8b465ee728b)
Start importing Assets/BUILD SYSTEM/PREFABS/WALLS/SlideWindowWall .prefab using Guid(231f52a1a921b2c4f914085a7dade4e0) Importer(815301076,1909f56bfc062723c751e8b465ee728b)  -> (artifact id: 'f1c8bbe4f0b1cca370088182aec85062') in 0.064191 seconds
  Import took 0.088934 seconds .

========================================================================
Received Import Request.
  Time since last request: 30.950095 seconds.
  path: Assets/BUILD SYSTEM/PREFABS/WALLS/SlideWindowWall .prefab
  artifactKey: Guid(231f52a1a921b2c4f914085a7dade4e0) Importer(815301076,1909f56bfc062723c751e8b465ee728b)
Start importing Assets/BUILD SYSTEM/PREFABS/WALLS/SlideWindowWall .prefab using Guid(231f52a1a921b2c4f914085a7dade4e0) Importer(815301076,1909f56bfc062723c751e8b465ee728b)  -> (artifact id: '21e6ef390cf1349a7d4155c3fe6c79ff') in 0.036886 seconds
  Import took 0.046875 seconds .

========================================================================
Received Import Request.
  Time since last request: 8.155367 seconds.
  path: Assets/BUILD SYSTEM/PREFABS/WALLS/SlideWindowWall .prefab
  artifactKey: Guid(231f52a1a921b2c4f914085a7dade4e0) Importer(815301076,1909f56bfc062723c751e8b465ee728b)
Start importing Assets/BUILD SYSTEM/PREFABS/WALLS/SlideWindowWall .prefab using Guid(231f52a1a921b2c4f914085a7dade4e0) Importer(815301076,1909f56bfc062723c751e8b465ee728b)  -> (artifact id: '7cc82377714614e78fa5138f3b1ce5b8') in 0.036743 seconds
  Import took 0.049529 seconds .

========================================================================
Received Prepare
Registering precompiled user dll's ...
Registered in 0.003634 seconds.
Begin MonoManager ReloadAssembly
Native extension for WindowsStandalone target not found
Refreshing native plugins compatible for Editor in 0.80 ms, found 1 plugins.
Preloading 0 native plugins for Editor in 0.00 ms.
Mono: successfully reloaded assembly
- Completed reload, in  1.786 seconds
Platform modules already initialized, skipping
Shader 'Universal Render Pipeline/Particles/Lit': fallback shader 'Universal Render Pipeline/Particles/SimpleLit' not found
Refreshing native plugins compatible for Editor in 1.46 ms, found 1 plugins.
Preloading 0 native plugins for Editor in 0.00 ms.
Unloading 4148 Unused Serialized files (Serialized files now loaded: 0)
System memory in use before: 185.7 MB.
System memory in use after: 185.9 MB.

Unloading 15 unused Assets to reduce memory usage. Loaded Objects now: 4961.
Total: 9.137400 ms (FindLiveObjects: 0.643300 ms CreateObjectMapping: 0.302700 ms MarkObjects: 7.995800 ms  DeleteObjects: 0.193100 ms)

========================================================================
Received Prepare
Registering precompiled user dll's ...
Registered in 0.004130 seconds.
Begin MonoManager ReloadAssembly
Native extension for WindowsStandalone target not found
Refreshing native plugins compatible for Editor in 0.78 ms, found 1 plugins.
Preloading 0 native plugins for Editor in 0.00 ms.
Mono: successfully reloaded assembly
- Completed reload, in  1.594 seconds
Platform modules already initialized, skipping
Shader 'Universal Render Pipeline/Particles/Lit': fallback shader 'Universal Render Pipeline/Particles/SimpleLit' not found
Refreshing native plugins compatible for Editor in 1.28 ms, found 1 plugins.
Preloading 0 native plugins for Editor in 0.00 ms.
Unloading 4148 Unused Serialized files (Serialized files now loaded: 0)
System memory in use before: 185.8 MB.
System memory in use after: 185.9 MB.

Unloading 15 unused Assets to reduce memory usage. Loaded Objects now: 4964.
Total: 6.539200 ms (FindLiveObjects: 1.052600 ms CreateObjectMapping: 0.489100 ms MarkObjects: 4.753200 ms  DeleteObjects: 0.241800 ms)

========================================================================
Received Prepare
Registering precompiled user dll's ...
Registered in 0.004842 seconds.
Begin MonoManager ReloadAssembly
Native extension for WindowsStandalone target not found
Refreshing native plugins compatible for Editor in 0.82 ms, found 1 plugins.
Preloading 0 native plugins for Editor in 0.00 ms.
Mono: successfully reloaded assembly
- Completed reload, in  1.751 seconds
Platform modules already initialized, skipping
Shader 'Universal Render Pipeline/Particles/Lit': fallback shader 'Universal Render Pipeline/Particles/SimpleLit' not found
Refreshing native plugins compatible for Editor in 1.67 ms, found 1 plugins.
Preloading 0 native plugins for Editor in 0.00 ms.
Unloading 4148 Unused Serialized files (Serialized files now loaded: 0)
System memory in use before: 185.7 MB.
System memory in use after: 185.9 MB.

Unloading 15 unused Assets to reduce memory usage. Loaded Objects now: 4967.
Total: 10.921000 ms (FindLiveObjects: 2.039400 ms CreateObjectMapping: 0.892900 ms MarkObjects: 7.760100 ms  DeleteObjects: 0.223800 ms)

========================================================================
Received Prepare
Registering precompiled user dll's ...
Registered in 0.009061 seconds.
Begin MonoManager ReloadAssembly
Native extension for WindowsStandalone target not found
Refreshing native plugins compatible for Editor in 1.60 ms, found 1 plugins.
Preloading 0 native plugins for Editor in 0.00 ms.
Mono: successfully reloaded assembly
- Completed reload, in  4.299 seconds
Platform modules already initialized, skipping
Shader 'Universal Render Pipeline/Particles/Lit': fallback shader 'Universal Render Pipeline/Particles/SimpleLit' not found
Refreshing native plugins compatible for Editor in 1.84 ms, found 1 plugins.
Preloading 0 native plugins for Editor in 0.00 ms.
Unloading 4148 Unused Serialized files (Serialized files now loaded: 0)
System memory in use before: 185.7 MB.
System memory in use after: 185.9 MB.

Unloading 15 unused Assets to reduce memory usage. Loaded Objects now: 4970.
Total: 6.830500 ms (FindLiveObjects: 0.819500 ms CreateObjectMapping: 0.959500 ms MarkObjects: 4.758000 ms  DeleteObjects: 0.291200 ms)

========================================================================
Received Prepare
Registering precompiled user dll's ...
Registered in 0.002493 seconds.
Begin MonoManager ReloadAssembly
Native extension for WindowsStandalone target not found
Refreshing native plugins compatible for Editor in 0.81 ms, found 1 plugins.
Preloading 0 native plugins for Editor in 0.00 ms.
Mono: successfully reloaded assembly
- Completed reload, in  1.734 seconds
Platform modules already initialized, skipping
Shader 'Universal Render Pipeline/Particles/Lit': fallback shader 'Universal Render Pipeline/Particles/SimpleLit' not found
Refreshing native plugins compatible for Editor in 1.73 ms, found 1 plugins.
Preloading 0 native plugins for Editor in 0.00 ms.
Unloading 4148 Unused Serialized files (Serialized files now loaded: 0)
System memory in use before: 185.8 MB.
System memory in use after: 185.9 MB.

Unloading 15 unused Assets to reduce memory usage. Loaded Objects now: 4973.
Total: 5.746200 ms (FindLiveObjects: 0.902500 ms CreateObjectMapping: 0.417200 ms MarkObjects: 4.233700 ms  DeleteObjects: 0.191000 ms)

========================================================================
Received Prepare
Registering precompiled user dll's ...
Registered in 0.106394 seconds.
Begin MonoManager ReloadAssembly
Native extension for WindowsStandalone target not found
Refreshing native plugins compatible for Editor in 1.08 ms, found 1 plugins.
Preloading 0 native plugins for Editor in 0.00 ms.
Mono: successfully reloaded assembly
- Completed reload, in  3.368 seconds
Platform modules already initialized, skipping
Shader 'Universal Render Pipeline/Particles/Lit': fallback shader 'Universal Render Pipeline/Particles/SimpleLit' not found
Refreshing native plugins compatible for Editor in 1.43 ms, found 1 plugins.
Preloading 0 native plugins for Editor in 0.00 ms.
Unloading 4148 Unused Serialized files (Serialized files now loaded: 0)
System memory in use before: 185.8 MB.
System memory in use after: 185.9 MB.

Unloading 15 unused Assets to reduce memory usage. Loaded Objects now: 4976.
Total: 5.783600 ms (FindLiveObjects: 0.405600 ms CreateObjectMapping: 0.374200 ms MarkObjects: 4.852800 ms  DeleteObjects: 0.148300 ms)

========================================================================
Received Prepare
Registering precompiled user dll's ...
Registered in 0.003375 seconds.
Begin MonoManager ReloadAssembly
Native extension for WindowsStandalone target not found
Refreshing native plugins compatible for Editor in 2.40 ms, found 1 plugins.
Preloading 0 native plugins for Editor in 0.00 ms.
Mono: successfully reloaded assembly
- Completed reload, in  1.738 seconds
Platform modules already initialized, skipping
Shader 'Universal Render Pipeline/Particles/Lit': fallback shader 'Universal Render Pipeline/Particles/SimpleLit' not found
Refreshing native plugins compatible for Editor in 1.09 ms, found 1 plugins.
Preloading 0 native plugins for Editor in 0.00 ms.
Unloading 4148 Unused Serialized files (Serialized files now loaded: 0)
System memory in use before: 185.8 MB.
System memory in use after: 186.0 MB.

Unloading 15 unused Assets to reduce memory usage. Loaded Objects now: 4979.
Total: 4.415200 ms (FindLiveObjects: 0.542100 ms CreateObjectMapping: 0.217500 ms MarkObjects: 3.470900 ms  DeleteObjects: 0.182300 ms)

========================================================================
Received Prepare
Registering precompiled user dll's ...
Registered in 0.005178 seconds.
Begin MonoManager ReloadAssembly
Native extension for WindowsStandalone target not found
Refreshing native plugins compatible for Editor in 0.70 ms, found 1 plugins.
Preloading 0 native plugins for Editor in 0.00 ms.
Mono: successfully reloaded assembly
- Completed reload, in  1.471 seconds
Platform modules already initialized, skipping
Shader 'Universal Render Pipeline/Particles/Lit': fallback shader 'Universal Render Pipeline/Particles/SimpleLit' not found
Refreshing native plugins compatible for Editor in 1.21 ms, found 1 plugins.
Preloading 0 native plugins for Editor in 0.00 ms.
Unloading 4148 Unused Serialized files (Serialized files now loaded: 0)
System memory in use before: 185.8 MB.
System memory in use after: 186.0 MB.

Unloading 15 unused Assets to reduce memory usage. Loaded Objects now: 4982.
Total: 6.684600 ms (FindLiveObjects: 0.991100 ms CreateObjectMapping: 0.350400 ms MarkObjects: 5.090100 ms  DeleteObjects: 0.248800 ms)

========================================================================
Received Prepare
Registering precompiled user dll's ...
Registered in 0.004198 seconds.
Begin MonoManager ReloadAssembly
Native extension for WindowsStandalone target not found
Refreshing native plugins compatible for Editor in 0.99 ms, found 1 plugins.
Preloading 0 native plugins for Editor in 0.00 ms.
Mono: successfully reloaded assembly
- Completed reload, in  1.862 seconds
Platform modules already initialized, skipping
Shader 'Universal Render Pipeline/Particles/Lit': fallback shader 'Universal Render Pipeline/Particles/SimpleLit' not found
Refreshing native plugins compatible for Editor in 1.18 ms, found 1 plugins.
Preloading 0 native plugins for Editor in 0.00 ms.
Unloading 4148 Unused Serialized files (Serialized files now loaded: 0)
System memory in use before: 185.8 MB.
System memory in use after: 186.0 MB.

Unloading 15 unused Assets to reduce memory usage. Loaded Objects now: 4985.
Total: 5.145300 ms (FindLiveObjects: 0.678100 ms CreateObjectMapping: 0.302100 ms MarkObjects: 3.951700 ms  DeleteObjects: 0.211100 ms)

========================================================================
Received Prepare
Registering precompiled user dll's ...
Registered in 0.002654 seconds.
Begin MonoManager ReloadAssembly
Native extension for WindowsStandalone target not found
Refreshing native plugins compatible for Editor in 0.70 ms, found 1 plugins.
Preloading 0 native plugins for Editor in 0.00 ms.
Mono: successfully reloaded assembly
- Completed reload, in  1.418 seconds
Platform modules already initialized, skipping
Shader 'Universal Render Pipeline/Particles/Lit': fallback shader 'Universal Render Pipeline/Particles/SimpleLit' not found
Refreshing native plugins compatible for Editor in 0.91 ms, found 1 plugins.
Preloading 0 native plugins for Editor in 0.00 ms.
Unloading 4148 Unused Serialized files (Serialized files now loaded: 0)
System memory in use before: 185.8 MB.
System memory in use after: 186.0 MB.

Unloading 15 unused Assets to reduce memory usage. Loaded Objects now: 4988.
Total: 5.016500 ms (FindLiveObjects: 0.801400 ms CreateObjectMapping: 0.296800 ms MarkObjects: 3.706600 ms  DeleteObjects: 0.208300 ms)

========================================================================
Received Prepare
Registering precompiled user dll's ...
Registered in 0.006357 seconds.
Begin MonoManager ReloadAssembly
Native extension for WindowsStandalone target not found
Refreshing native plugins compatible for Editor in 1.12 ms, found 1 plugins.
Preloading 0 native plugins for Editor in 0.00 ms.
Mono: successfully reloaded assembly
- Completed reload, in  2.381 seconds
Platform modules already initialized, skipping
Shader 'Universal Render Pipeline/Particles/Lit': fallback shader 'Universal Render Pipeline/Particles/SimpleLit' not found
Refreshing native plugins compatible for Editor in 2.94 ms, found 1 plugins.
Preloading 0 native plugins for Editor in 0.00 ms.
Unloading 4148 Unused Serialized files (Serialized files now loaded: 0)
System memory in use before: 185.8 MB.
System memory in use after: 186.0 MB.

Unloading 15 unused Assets to reduce memory usage. Loaded Objects now: 4991.
Total: 7.041400 ms (FindLiveObjects: 2.847100 ms CreateObjectMapping: 0.590800 ms MarkObjects: 3.422300 ms  DeleteObjects: 0.174800 ms)

========================================================================
Received Prepare
Registering precompiled user dll's ...
Registered in 0.004448 seconds.
Begin MonoManager ReloadAssembly
Native extension for WindowsStandalone target not found
Refreshing native plugins compatible for Editor in 0.70 ms, found 1 plugins.
Preloading 0 native plugins for Editor in 0.00 ms.
Mono: successfully reloaded assembly
- Completed reload, in  1.893 seconds
Platform modules already initialized, skipping
Shader 'Universal Render Pipeline/Particles/Lit': fallback shader 'Universal Render Pipeline/Particles/SimpleLit' not found
Refreshing native plugins compatible for Editor in 1.00 ms, found 1 plugins.
Preloading 0 native plugins for Editor in 0.00 ms.
Unloading 4148 Unused Serialized files (Serialized files now loaded: 0)
System memory in use before: 185.8 MB.
System memory in use after: 186.0 MB.

Unloading 15 unused Assets to reduce memory usage. Loaded Objects now: 4994.
Total: 4.108600 ms (FindLiveObjects: 0.436700 ms CreateObjectMapping: 0.187700 ms MarkObjects: 3.311600 ms  DeleteObjects: 0.171300 ms)

========================================================================
Received Prepare
Registering precompiled user dll's ...
Registered in 0.006093 seconds.
Begin MonoManager ReloadAssembly
Native extension for WindowsStandalone target not found
Refreshing native plugins compatible for Editor in 0.65 ms, found 1 plugins.
Preloading 0 native plugins for Editor in 0.00 ms.
Mono: successfully reloaded assembly
- Completed reload, in  1.664 seconds
Platform modules already initialized, skipping
Shader 'Universal Render Pipeline/Particles/Lit': fallback shader 'Universal Render Pipeline/Particles/SimpleLit' not found
Refreshing native plugins compatible for Editor in 0.86 ms, found 1 plugins.
Preloading 0 native plugins for Editor in 0.00 ms.
Unloading 4148 Unused Serialized files (Serialized files now loaded: 0)
System memory in use before: 185.8 MB.
System memory in use after: 186.0 MB.

Unloading 15 unused Assets to reduce memory usage. Loaded Objects now: 4997.
Total: 5.434600 ms (FindLiveObjects: 0.693200 ms CreateObjectMapping: 0.277700 ms MarkObjects: 4.279300 ms  DeleteObjects: 0.182600 ms)

========================================================================
Received Prepare
Registering precompiled user dll's ...
Registered in 0.002655 seconds.
Begin MonoManager ReloadAssembly
Native extension for WindowsStandalone target not found
Refreshing native plugins compatible for Editor in 0.73 ms, found 1 plugins.
Preloading 0 native plugins for Editor in 0.00 ms.
Mono: successfully reloaded assembly
- Completed reload, in  1.481 seconds
Platform modules already initialized, skipping
Shader 'Universal Render Pipeline/Particles/Lit': fallback shader 'Universal Render Pipeline/Particles/SimpleLit' not found
Refreshing native plugins compatible for Editor in 0.70 ms, found 1 plugins.
Preloading 0 native plugins for Editor in 0.00 ms.
Unloading 4148 Unused Serialized files (Serialized files now loaded: 0)
System memory in use before: 185.8 MB.
System memory in use after: 186.0 MB.

Unloading 15 unused Assets to reduce memory usage. Loaded Objects now: 5000.
Total: 4.368000 ms (FindLiveObjects: 0.532900 ms CreateObjectMapping: 0.200000 ms MarkObjects: 3.407400 ms  DeleteObjects: 0.225500 ms)

========================================================================
Received Prepare
Registering precompiled user dll's ...
Registered in 0.004052 seconds.
Begin MonoManager ReloadAssembly
Native extension for WindowsStandalone target not found
Refreshing native plugins compatible for Editor in 0.83 ms, found 1 plugins.
Preloading 0 native plugins for Editor in 0.00 ms.
Mono: successfully reloaded assembly
- Completed reload, in  1.529 seconds
Platform modules already initialized, skipping
Shader 'Universal Render Pipeline/Particles/Lit': fallback shader 'Universal Render Pipeline/Particles/SimpleLit' not found
Refreshing native plugins compatible for Editor in 1.19 ms, found 1 plugins.
Preloading 0 native plugins for Editor in 0.00 ms.
Unloading 4148 Unused Serialized files (Serialized files now loaded: 0)
System memory in use before: 185.8 MB.
System memory in use after: 186.0 MB.

Unloading 15 unused Assets to reduce memory usage. Loaded Objects now: 5003.
Total: 4.580800 ms (FindLiveObjects: 0.520800 ms CreateObjectMapping: 0.235900 ms MarkObjects: 3.636600 ms  DeleteObjects: 0.185700 ms)

========================================================================
Received Prepare
Registering precompiled user dll's ...
Registered in 0.003721 seconds.
Begin MonoManager ReloadAssembly
Native extension for WindowsStandalone target not found
Refreshing native plugins compatible for Editor in 1.52 ms, found 1 plugins.
Preloading 0 native plugins for Editor in 0.00 ms.
Mono: successfully reloaded assembly
- Completed reload, in  1.540 seconds
Platform modules already initialized, skipping
Shader 'Universal Render Pipeline/Particles/Lit': fallback shader 'Universal Render Pipeline/Particles/SimpleLit' not found
Refreshing native plugins compatible for Editor in 0.98 ms, found 1 plugins.
Preloading 0 native plugins for Editor in 0.00 ms.
Unloading 4148 Unused Serialized files (Serialized files now loaded: 0)
System memory in use before: 185.8 MB.
System memory in use after: 186.0 MB.

Unloading 15 unused Assets to reduce memory usage. Loaded Objects now: 5006.
Total: 3.878700 ms (FindLiveObjects: 0.625900 ms CreateObjectMapping: 0.305500 ms MarkObjects: 2.814300 ms  DeleteObjects: 0.130800 ms)

========================================================================
Received Prepare
Registering precompiled user dll's ...
Registered in 0.004277 seconds.
Begin MonoManager ReloadAssembly
Native extension for WindowsStandalone target not found
Refreshing native plugins compatible for Editor in 0.87 ms, found 1 plugins.
Preloading 0 native plugins for Editor in 0.00 ms.
Mono: successfully reloaded assembly
- Completed reload, in  1.464 seconds
Platform modules already initialized, skipping
Shader 'Universal Render Pipeline/Particles/Lit': fallback shader 'Universal Render Pipeline/Particles/SimpleLit' not found
Refreshing native plugins compatible for Editor in 0.86 ms, found 1 plugins.
Preloading 0 native plugins for Editor in 0.00 ms.
Unloading 4148 Unused Serialized files (Serialized files now loaded: 0)
System memory in use before: 185.9 MB.
System memory in use after: 186.0 MB.

Unloading 15 unused Assets to reduce memory usage. Loaded Objects now: 5009.
Total: 6.593500 ms (FindLiveObjects: 1.243400 ms CreateObjectMapping: 0.388800 ms MarkObjects: 4.774400 ms  DeleteObjects: 0.182400 ms)

========================================================================
Received Prepare
Registering precompiled user dll's ...
Registered in 0.004720 seconds.
Begin MonoManager ReloadAssembly
Native extension for WindowsStandalone target not found
Refreshing native plugins compatible for Editor in 0.94 ms, found 1 plugins.
Preloading 0 native plugins for Editor in 0.00 ms.
Mono: successfully reloaded assembly
- Completed reload, in  1.703 seconds
Platform modules already initialized, skipping
Shader 'Universal Render Pipeline/Particles/Lit': fallback shader 'Universal Render Pipeline/Particles/SimpleLit' not found
Refreshing native plugins compatible for Editor in 0.76 ms, found 1 plugins.
Preloading 0 native plugins for Editor in 0.00 ms.
Unloading 4148 Unused Serialized files (Serialized files now loaded: 0)
System memory in use before: 185.9 MB.
System memory in use after: 186.0 MB.

Unloading 15 unused Assets to reduce memory usage. Loaded Objects now: 5012.
Total: 4.052600 ms (FindLiveObjects: 0.584900 ms CreateObjectMapping: 0.209300 ms MarkObjects: 3.098700 ms  DeleteObjects: 0.157300 ms)

========================================================================
Received Prepare
Registering precompiled user dll's ...
Registered in 0.006099 seconds.
Begin MonoManager ReloadAssembly
Native extension for WindowsStandalone target not found
Refreshing native plugins compatible for Editor in 1.19 ms, found 1 plugins.
Preloading 0 native plugins for Editor in 0.00 ms.
Mono: successfully reloaded assembly
- Completed reload, in  3.829 seconds
Platform modules already initialized, skipping
Shader 'Universal Render Pipeline/Particles/Lit': fallback shader 'Universal Render Pipeline/Particles/SimpleLit' not found
Refreshing native plugins compatible for Editor in 5.83 ms, found 1 plugins.
Preloading 0 native plugins for Editor in 0.00 ms.
Unloading 4148 Unused Serialized files (Serialized files now loaded: 0)
System memory in use before: 185.9 MB.
System memory in use after: 186.1 MB.

Unloading 15 unused Assets to reduce memory usage. Loaded Objects now: 5015.
Total: 10.524700 ms (FindLiveObjects: 4.659300 ms CreateObjectMapping: 1.540500 ms MarkObjects: 4.148400 ms  DeleteObjects: 0.174100 ms)

========================================================================
Received Prepare
Registering precompiled user dll's ...
Registered in 0.004770 seconds.
Begin MonoManager ReloadAssembly
Native extension for WindowsStandalone target not found
Refreshing native plugins compatible for Editor in 1.44 ms, found 1 plugins.
Preloading 0 native plugins for Editor in 0.00 ms.
Mono: successfully reloaded assembly
- Completed reload, in  1.594 seconds
Platform modules already initialized, skipping
Shader 'Universal Render Pipeline/Particles/Lit': fallback shader 'Universal Render Pipeline/Particles/SimpleLit' not found
Refreshing native plugins compatible for Editor in 0.75 ms, found 1 plugins.
Preloading 0 native plugins for Editor in 0.00 ms.
Unloading 4148 Unused Serialized files (Serialized files now loaded: 0)
System memory in use before: 185.9 MB.
System memory in use after: 186.1 MB.

Unloading 15 unused Assets to reduce memory usage. Loaded Objects now: 5018.
Total: 4.396200 ms (FindLiveObjects: 0.946900 ms CreateObjectMapping: 0.295100 ms MarkObjects: 3.014200 ms  DeleteObjects: 0.137100 ms)

========================================================================
Received Prepare
Registering precompiled user dll's ...
Registered in 0.005843 seconds.
Begin MonoManager ReloadAssembly
Native extension for WindowsStandalone target not found
Refreshing native plugins compatible for Editor in 0.79 ms, found 1 plugins.
Preloading 0 native plugins for Editor in 0.00 ms.
Mono: successfully reloaded assembly
- Completed reload, in  1.584 seconds
Platform modules already initialized, skipping
Shader 'Universal Render Pipeline/Particles/Lit': fallback shader 'Universal Render Pipeline/Particles/SimpleLit' not found
Refreshing native plugins compatible for Editor in 1.43 ms, found 1 plugins.
Preloading 0 native plugins for Editor in 0.00 ms.
Unloading 4148 Unused Serialized files (Serialized files now loaded: 0)
System memory in use before: 185.9 MB.
System memory in use after: 186.1 MB.

Unloading 15 unused Assets to reduce memory usage. Loaded Objects now: 5021.
Total: 5.590000 ms (FindLiveObjects: 0.743900 ms CreateObjectMapping: 0.354200 ms MarkObjects: 4.170400 ms  DeleteObjects: 0.318100 ms)

========================================================================
Received Prepare
Registering precompiled user dll's ...
Registered in 0.004842 seconds.
Begin MonoManager ReloadAssembly
Native extension for WindowsStandalone target not found
Refreshing native plugins compatible for Editor in 0.79 ms, found 1 plugins.
Preloading 0 native plugins for Editor in 0.00 ms.
Mono: successfully reloaded assembly
- Completed reload, in  1.540 seconds
Platform modules already initialized, skipping
Shader 'Universal Render Pipeline/Particles/Lit': fallback shader 'Universal Render Pipeline/Particles/SimpleLit' not found
Refreshing native plugins compatible for Editor in 1.52 ms, found 1 plugins.
Preloading 0 native plugins for Editor in 0.00 ms.
Unloading 4148 Unused Serialized files (Serialized files now loaded: 0)
System memory in use before: 185.9 MB.
System memory in use after: 186.1 MB.

Unloading 15 unused Assets to reduce memory usage. Loaded Objects now: 5024.
Total: 5.374400 ms (FindLiveObjects: 1.019200 ms CreateObjectMapping: 0.418500 ms MarkObjects: 3.751500 ms  DeleteObjects: 0.181700 ms)

========================================================================
Received Prepare
Registering precompiled user dll's ...
Registered in 0.003809 seconds.
Begin MonoManager ReloadAssembly
Native extension for WindowsStandalone target not found
Refreshing native plugins compatible for Editor in 0.66 ms, found 1 plugins.
Preloading 0 native plugins for Editor in 0.00 ms.
Mono: successfully reloaded assembly
- Completed reload, in  1.619 seconds
Platform modules already initialized, skipping
Shader 'Universal Render Pipeline/Particles/Lit': fallback shader 'Universal Render Pipeline/Particles/SimpleLit' not found
Refreshing native plugins compatible for Editor in 0.93 ms, found 1 plugins.
Preloading 0 native plugins for Editor in 0.00 ms.
Unloading 4148 Unused Serialized files (Serialized files now loaded: 0)
System memory in use before: 185.9 MB.
System memory in use after: 186.1 MB.

Unloading 15 unused Assets to reduce memory usage. Loaded Objects now: 5027.
Total: 7.828300 ms (FindLiveObjects: 1.594100 ms CreateObjectMapping: 0.374000 ms MarkObjects: 5.457700 ms  DeleteObjects: 0.396700 ms)

========================================================================
Received Prepare
Registering precompiled user dll's ...
Registered in 0.007124 seconds.
Begin MonoManager ReloadAssembly
Native extension for WindowsStandalone target not found
Refreshing native plugins compatible for Editor in 0.78 ms, found 1 plugins.
Preloading 0 native plugins for Editor in 0.00 ms.
Mono: successfully reloaded assembly
- Completed reload, in  1.800 seconds
Platform modules already initialized, skipping
Shader 'Universal Render Pipeline/Particles/Lit': fallback shader 'Universal Render Pipeline/Particles/SimpleLit' not found
Refreshing native plugins compatible for Editor in 1.15 ms, found 1 plugins.
Preloading 0 native plugins for Editor in 0.00 ms.
Unloading 4148 Unused Serialized files (Serialized files now loaded: 0)
System memory in use before: 185.9 MB.
System memory in use after: 186.1 MB.

Unloading 15 unused Assets to reduce memory usage. Loaded Objects now: 5030.
Total: 5.243200 ms (FindLiveObjects: 0.513700 ms CreateObjectMapping: 0.261200 ms MarkObjects: 4.273500 ms  DeleteObjects: 0.192100 ms)

========================================================================
Received Prepare
Registering precompiled user dll's ...
Registered in 0.006705 seconds.
Begin MonoManager ReloadAssembly
Native extension for WindowsStandalone target not found
Refreshing native plugins compatible for Editor in 0.83 ms, found 1 plugins.
Preloading 0 native plugins for Editor in 0.00 ms.
Mono: successfully reloaded assembly
- Completed reload, in  1.592 seconds
Platform modules already initialized, skipping
Shader 'Universal Render Pipeline/Particles/Lit': fallback shader 'Universal Render Pipeline/Particles/SimpleLit' not found
Refreshing native plugins compatible for Editor in 0.76 ms, found 1 plugins.
Preloading 0 native plugins for Editor in 0.00 ms.
Unloading 4148 Unused Serialized files (Serialized files now loaded: 0)
System memory in use before: 185.9 MB.
System memory in use after: 186.1 MB.

Unloading 15 unused Assets to reduce memory usage. Loaded Objects now: 5033.
Total: 3.443400 ms (FindLiveObjects: 0.542800 ms CreateObjectMapping: 0.304800 ms MarkObjects: 2.457800 ms  DeleteObjects: 0.136200 ms)

========================================================================
Received Prepare
Registering precompiled user dll's ...
Registered in 0.005016 seconds.
Begin MonoManager ReloadAssembly
Native extension for WindowsStandalone target not found
Refreshing native plugins compatible for Editor in 0.70 ms, found 1 plugins.
Preloading 0 native plugins for Editor in 0.00 ms.
Mono: successfully reloaded assembly
- Completed reload, in  1.542 seconds
Platform modules already initialized, skipping
Shader 'Universal Render Pipeline/Particles/Lit': fallback shader 'Universal Render Pipeline/Particles/SimpleLit' not found
Refreshing native plugins compatible for Editor in 1.38 ms, found 1 plugins.
Preloading 0 native plugins for Editor in 0.00 ms.
Unloading 4148 Unused Serialized files (Serialized files now loaded: 0)
System memory in use before: 185.9 MB.
System memory in use after: 186.1 MB.

Unloading 15 unused Assets to reduce memory usage. Loaded Objects now: 5036.
Total: 16.806500 ms (FindLiveObjects: 0.942800 ms CreateObjectMapping: 0.458400 ms MarkObjects: 15.107600 ms  DeleteObjects: 0.294000 ms)

========================================================================
Received Prepare
Registering precompiled user dll's ...
Registered in 0.005107 seconds.
Begin MonoManager ReloadAssembly
Native extension for WindowsStandalone target not found
Refreshing native plugins compatible for Editor in 1.38 ms, found 1 plugins.
Preloading 0 native plugins for Editor in 0.00 ms.
Mono: successfully reloaded assembly
- Completed reload, in  1.365 seconds
Platform modules already initialized, skipping
Shader 'Universal Render Pipeline/Particles/Lit': fallback shader 'Universal Render Pipeline/Particles/SimpleLit' not found
Refreshing native plugins compatible for Editor in 0.71 ms, found 1 plugins.
Preloading 0 native plugins for Editor in 0.00 ms.
Unloading 4148 Unused Serialized files (Serialized files now loaded: 0)
System memory in use before: 186.0 MB.
System memory in use after: 186.1 MB.

Unloading 15 unused Assets to reduce memory usage. Loaded Objects now: 5039.
Total: 3.726500 ms (FindLiveObjects: 0.400600 ms CreateObjectMapping: 0.231700 ms MarkObjects: 2.951300 ms  DeleteObjects: 0.140300 ms)

========================================================================
Received Import Request.
  Time since last request: 4693.015190 seconds.
  path: Assets/BUILD SYSTEM/PREFABS/WALLS/ArchDoorWall.prefab
  artifactKey: Guid(495502491512e534796c0f8eb77cd875) Importer(815301076,1909f56bfc062723c751e8b465ee728b)
Start importing Assets/BUILD SYSTEM/PREFABS/WALLS/ArchDoorWall.prefab using Guid(495502491512e534796c0f8eb77cd875) Importer(815301076,1909f56bfc062723c751e8b465ee728b)  -> (artifact id: '432118cf00734c46dfd2170c820e78f7') in 0.307885 seconds
  Import took 0.323676 seconds .

========================================================================
Received Import Request.
  Time since last request: 0.000412 seconds.
  path: Assets/BUILD SYSTEM/PREFABS/WALLS/SlideWindowWall .prefab
  artifactKey: Guid(231f52a1a921b2c4f914085a7dade4e0) Importer(815301076,1909f56bfc062723c751e8b465ee728b)
Start importing Assets/BUILD SYSTEM/PREFABS/WALLS/SlideWindowWall .prefab using Guid(231f52a1a921b2c4f914085a7dade4e0) Importer(815301076,1909f56bfc062723c751e8b465ee728b)  -> (artifact id: 'fa8d0efdf31e71e1f12d1367e95b1d1c') in 0.075930 seconds
  Import took 0.091106 seconds .

========================================================================
Received Import Request.
  Time since last request: 0.000322 seconds.
  path: Assets/BUILD SYSTEM/PREFABS/WALLS/SmallDoorWall.prefab
  artifactKey: Guid(2461b5bcf53191f44acc32f47b894ae3) Importer(815301076,1909f56bfc062723c751e8b465ee728b)
Start importing Assets/BUILD SYSTEM/PREFABS/WALLS/SmallDoorWall.prefab using Guid(2461b5bcf53191f44acc32f47b894ae3) Importer(815301076,1909f56bfc062723c751e8b465ee728b)  -> (artifact id: '8ab42483aa7d2e1989cbf11ca377b703') in 0.025693 seconds
  Import took 0.038382 seconds .

========================================================================
Received Import Request.
  Time since last request: 0.000431 seconds.
  path: Assets/BUILD SYSTEM/PREFABS/WALLS/SlideWindowWall .prefab
  artifactKey: Guid(231f52a1a921b2c4f914085a7dade4e0) Importer(815301076,1909f56bfc062723c751e8b465ee728b)
Start importing Assets/BUILD SYSTEM/PREFABS/WALLS/SlideWindowWall .prefab using Guid(231f52a1a921b2c4f914085a7dade4e0) Importer(815301076,1909f56bfc062723c751e8b465ee728b)  -> (artifact id: 'fa8d0efdf31e71e1f12d1367e95b1d1c') in 0.041838 seconds
  Import took 0.054819 seconds .

========================================================================
Received Import Request.
  Time since last request: 0.000480 seconds.
  path: Assets/BUILD SYSTEM/PREFABS/WALLS/SmallDoorWall.prefab
  artifactKey: Guid(2461b5bcf53191f44acc32f47b894ae3) Importer(815301076,1909f56bfc062723c751e8b465ee728b)
Start importing Assets/BUILD SYSTEM/PREFABS/WALLS/SmallDoorWall.prefab using Guid(2461b5bcf53191f44acc32f47b894ae3) Importer(815301076,1909f56bfc062723c751e8b465ee728b)  -> (artifact id: '8ab42483aa7d2e1989cbf11ca377b703') in 0.017834 seconds
  Import took 0.028767 seconds .

========================================================================
Received Prepare
Registering precompiled user dll's ...
Registered in 0.006100 seconds.
Begin MonoManager ReloadAssembly
Native extension for WindowsStandalone target not found
Refreshing native plugins compatible for Editor in 0.88 ms, found 1 plugins.
Preloading 0 native plugins for Editor in 0.00 ms.
Mono: successfully reloaded assembly
- Completed reload, in  2.108 seconds
Platform modules already initialized, skipping
Shader 'Universal Render Pipeline/Particles/Lit': fallback shader 'Universal Render Pipeline/Particles/SimpleLit' not found
Refreshing native plugins compatible for Editor in 0.70 ms, found 1 plugins.
Preloading 0 native plugins for Editor in 0.00 ms.
Unloading 4148 Unused Serialized files (Serialized files now loaded: 0)
System memory in use before: 186.1 MB.
System memory in use after: 186.3 MB.

Unloading 15 unused Assets to reduce memory usage. Loaded Objects now: 5078.
Total: 5.690900 ms (FindLiveObjects: 0.604800 ms CreateObjectMapping: 0.320000 ms MarkObjects: 4.580900 ms  DeleteObjects: 0.181700 ms)

========================================================================
Received Prepare
Registering precompiled user dll's ...
Registered in 0.002733 seconds.
Begin MonoManager ReloadAssembly
Native extension for WindowsStandalone target not found
Refreshing native plugins compatible for Editor in 1.33 ms, found 1 plugins.
Preloading 0 native plugins for Editor in 0.00 ms.
Mono: successfully reloaded assembly
- Completed reload, in  1.575 seconds
Platform modules already initialized, skipping
Shader 'Universal Render Pipeline/Particles/Lit': fallback shader 'Universal Render Pipeline/Particles/SimpleLit' not found
Refreshing native plugins compatible for Editor in 1.48 ms, found 1 plugins.
Preloading 0 native plugins for Editor in 0.00 ms.
Unloading 4148 Unused Serialized files (Serialized files now loaded: 0)
System memory in use before: 186.1 MB.
System memory in use after: 186.3 MB.

Unloading 15 unused Assets to reduce memory usage. Loaded Objects now: 5081.
Total: 6.577100 ms (FindLiveObjects: 1.864700 ms CreateObjectMapping: 0.430700 ms MarkObjects: 4.055400 ms  DeleteObjects: 0.223300 ms)

========================================================================
Received Prepare
Registering precompiled user dll's ...
Registered in 0.004946 seconds.
Begin MonoManager ReloadAssembly
Native extension for WindowsStandalone target not found
Refreshing native plugins compatible for Editor in 0.99 ms, found 1 plugins.
Preloading 0 native plugins for Editor in 0.00 ms.
Mono: successfully reloaded assembly
- Completed reload, in  1.962 seconds
Platform modules already initialized, skipping
Shader 'Universal Render Pipeline/Particles/Lit': fallback shader 'Universal Render Pipeline/Particles/SimpleLit' not found
Refreshing native plugins compatible for Editor in 1.37 ms, found 1 plugins.
Preloading 0 native plugins for Editor in 0.00 ms.
Unloading 4148 Unused Serialized files (Serialized files now loaded: 0)
System memory in use before: 186.1 MB.
System memory in use after: 186.3 MB.

Unloading 15 unused Assets to reduce memory usage. Loaded Objects now: 5084.
Total: 17.056100 ms (FindLiveObjects: 1.488300 ms CreateObjectMapping: 2.550900 ms MarkObjects: 12.761600 ms  DeleteObjects: 0.252800 ms)

========================================================================
Received Prepare
Registering precompiled user dll's ...
Registered in 0.002856 seconds.
Begin MonoManager ReloadAssembly
Native extension for WindowsStandalone target not found
Refreshing native plugins compatible for Editor in 1.24 ms, found 1 plugins.
Preloading 0 native plugins for Editor in 0.00 ms.
Mono: successfully reloaded assembly
- Completed reload, in  1.363 seconds
Platform modules already initialized, skipping
Shader 'Universal Render Pipeline/Particles/Lit': fallback shader 'Universal Render Pipeline/Particles/SimpleLit' not found
Refreshing native plugins compatible for Editor in 0.76 ms, found 1 plugins.
Preloading 0 native plugins for Editor in 0.00 ms.
Unloading 4148 Unused Serialized files (Serialized files now loaded: 0)
System memory in use before: 186.1 MB.
System memory in use after: 186.3 MB.

Unloading 15 unused Assets to reduce memory usage. Loaded Objects now: 5087.
Total: 4.695800 ms (FindLiveObjects: 0.766600 ms CreateObjectMapping: 0.286900 ms MarkObjects: 3.499000 ms  DeleteObjects: 0.139700 ms)

========================================================================
Received Import Request.
  Time since last request: 2746.161209 seconds.
  path: Assets/ANIMATION/StarterAssetsThirdPerson 1.controller
  artifactKey: Guid(0013fa25a3b210e468125947b15c1238) Importer(815301076,1909f56bfc062723c751e8b465ee728b)
Start importing Assets/ANIMATION/StarterAssetsThirdPerson 1.controller using Guid(0013fa25a3b210e468125947b15c1238) Importer(815301076,1909f56bfc062723c751e8b465ee728b)  -> (artifact id: 'b82737e244640f904f5204e6882b6c80') in 0.526371 seconds
  Import took 0.537162 seconds .

========================================================================
Received Prepare
Registering precompiled user dll's ...
Registered in 0.003062 seconds.
Begin MonoManager ReloadAssembly
Native extension for WindowsStandalone target not found
Refreshing native plugins compatible for Editor in 1.02 ms, found 1 plugins.
Preloading 0 native plugins for Editor in 0.00 ms.
Mono: successfully reloaded assembly
- Completed reload, in  1.426 seconds
Platform modules already initialized, skipping
Shader 'Universal Render Pipeline/Particles/Lit': fallback shader 'Universal Render Pipeline/Particles/SimpleLit' not found
Refreshing native plugins compatible for Editor in 1.02 ms, found 1 plugins.
Preloading 0 native plugins for Editor in 0.00 ms.
Unloading 4148 Unused Serialized files (Serialized files now loaded: 0)
System memory in use before: 186.1 MB.
System memory in use after: 186.3 MB.

Unloading 15 unused Assets to reduce memory usage. Loaded Objects now: 5090.
Total: 4.832800 ms (FindLiveObjects: 0.427300 ms CreateObjectMapping: 0.175300 ms MarkObjects: 4.027200 ms  DeleteObjects: 0.201600 ms)

========================================================================
Received Import Request.
  Time since last request: 89.900463 seconds.
  path: Assets/ANIMATION/PLAYER/Combat/Attack1.anim
  artifactKey: Guid(e2593070be000b040ae8dcf1fc9b04ac) Importer(815301076,1909f56bfc062723c751e8b465ee728b)
Start importing Assets/ANIMATION/PLAYER/Combat/Attack1.anim using Guid(e2593070be000b040ae8dcf1fc9b04ac) Importer(815301076,1909f56bfc062723c751e8b465ee728b)  -> (artifact id: 'ce8c76a722539e09cdc2139eeed14fd2') in 0.090885 seconds
  Import took 0.098400 seconds .

========================================================================
Received Prepare
Registering precompiled user dll's ...
Registered in 0.003577 seconds.
Begin MonoManager ReloadAssembly
Native extension for WindowsStandalone target not found
Refreshing native plugins compatible for Editor in 0.99 ms, found 1 plugins.
Preloading 0 native plugins for Editor in 0.00 ms.
Mono: successfully reloaded assembly
- Completed reload, in  1.345 seconds
Platform modules already initialized, skipping
Shader 'Universal Render Pipeline/Particles/Lit': fallback shader 'Universal Render Pipeline/Particles/SimpleLit' not found
Refreshing native plugins compatible for Editor in 0.68 ms, found 1 plugins.
Preloading 0 native plugins for Editor in 0.00 ms.
Unloading 4148 Unused Serialized files (Serialized files now loaded: 0)
System memory in use before: 186.1 MB.
System memory in use after: 186.3 MB.

Unloading 15 unused Assets to reduce memory usage. Loaded Objects now: 5093.
Total: 3.521800 ms (FindLiveObjects: 0.516600 ms CreateObjectMapping: 0.166200 ms MarkObjects: 2.691400 ms  DeleteObjects: 0.145400 ms)

========================================================================
Received Prepare
Registering precompiled user dll's ...
Registered in 0.003642 seconds.
Begin MonoManager ReloadAssembly
Native extension for WindowsStandalone target not found
Refreshing native plugins compatible for Editor in 0.97 ms, found 1 plugins.
Preloading 0 native plugins for Editor in 0.00 ms.
Mono: successfully reloaded assembly
- Completed reload, in  1.268 seconds
Platform modules already initialized, skipping
Shader 'Universal Render Pipeline/Particles/Lit': fallback shader 'Universal Render Pipeline/Particles/SimpleLit' not found
Refreshing native plugins compatible for Editor in 0.70 ms, found 1 plugins.
Preloading 0 native plugins for Editor in 0.00 ms.
Unloading 4148 Unused Serialized files (Serialized files now loaded: 0)
System memory in use before: 186.1 MB.
System memory in use after: 186.3 MB.

Unloading 15 unused Assets to reduce memory usage. Loaded Objects now: 5096.
Total: 4.341800 ms (FindLiveObjects: 0.444000 ms CreateObjectMapping: 0.130900 ms MarkObjects: 3.608400 ms  DeleteObjects: 0.155100 ms)

========================================================================
Received Prepare
Registering precompiled user dll's ...
Registered in 0.005493 seconds.
Begin MonoManager ReloadAssembly
Native extension for WindowsStandalone target not found
Refreshing native plugins compatible for Editor in 0.72 ms, found 1 plugins.
Preloading 0 native plugins for Editor in 0.00 ms.
Mono: successfully reloaded assembly
- Completed reload, in  1.260 seconds
Platform modules already initialized, skipping
Shader 'Universal Render Pipeline/Particles/Lit': fallback shader 'Universal Render Pipeline/Particles/SimpleLit' not found
Refreshing native plugins compatible for Editor in 0.75 ms, found 1 plugins.
Preloading 0 native plugins for Editor in 0.00 ms.
Unloading 4148 Unused Serialized files (Serialized files now loaded: 0)
System memory in use before: 186.2 MB.
System memory in use after: 186.3 MB.

Unloading 15 unused Assets to reduce memory usage. Loaded Objects now: 5099.
Total: 4.442500 ms (FindLiveObjects: 0.784500 ms CreateObjectMapping: 0.168300 ms MarkObjects: 3.292200 ms  DeleteObjects: 0.194500 ms)

========================================================================
Received Prepare
Registering precompiled user dll's ...
Registered in 0.004611 seconds.
Begin MonoManager ReloadAssembly
Native extension for WindowsStandalone target not found
Refreshing native plugins compatible for Editor in 1.12 ms, found 1 plugins.
Preloading 0 native plugins for Editor in 0.00 ms.
Mono: successfully reloaded assembly
- Completed reload, in  1.261 seconds
Platform modules already initialized, skipping
Shader 'Universal Render Pipeline/Particles/Lit': fallback shader 'Universal Render Pipeline/Particles/SimpleLit' not found
Refreshing native plugins compatible for Editor in 0.72 ms, found 1 plugins.
Preloading 0 native plugins for Editor in 0.00 ms.
Unloading 4148 Unused Serialized files (Serialized files now loaded: 0)
System memory in use before: 186.2 MB.
System memory in use after: 186.3 MB.

Unloading 15 unused Assets to reduce memory usage. Loaded Objects now: 5102.
Total: 3.533400 ms (FindLiveObjects: 0.359100 ms CreateObjectMapping: 0.161800 ms MarkObjects: 2.879800 ms  DeleteObjects: 0.131800 ms)

========================================================================
Received Prepare
Registering precompiled user dll's ...
Registered in 0.002581 seconds.
Begin MonoManager ReloadAssembly
Native extension for WindowsStandalone target not found
Refreshing native plugins compatible for Editor in 0.69 ms, found 1 plugins.
Preloading 0 native plugins for Editor in 0.00 ms.
Mono: successfully reloaded assembly
- Completed reload, in  1.299 seconds
Platform modules already initialized, skipping
Shader 'Universal Render Pipeline/Particles/Lit': fallback shader 'Universal Render Pipeline/Particles/SimpleLit' not found
Refreshing native plugins compatible for Editor in 0.66 ms, found 1 plugins.
Preloading 0 native plugins for Editor in 0.00 ms.
Unloading 4148 Unused Serialized files (Serialized files now loaded: 0)
System memory in use before: 186.2 MB.
System memory in use after: 186.3 MB.

Unloading 15 unused Assets to reduce memory usage. Loaded Objects now: 5105.
Total: 3.554000 ms (FindLiveObjects: 0.414100 ms CreateObjectMapping: 0.161100 ms MarkObjects: 2.823800 ms  DeleteObjects: 0.153200 ms)

========================================================================
Received Prepare
Registering precompiled user dll's ...
Registered in 0.007084 seconds.
Begin MonoManager ReloadAssembly
Native extension for WindowsStandalone target not found
Refreshing native plugins compatible for Editor in 0.95 ms, found 1 plugins.
Preloading 0 native plugins for Editor in 0.00 ms.
Mono: successfully reloaded assembly
- Completed reload, in  2.367 seconds
Platform modules already initialized, skipping
Shader 'Universal Render Pipeline/Particles/Lit': fallback shader 'Universal Render Pipeline/Particles/SimpleLit' not found
Refreshing native plugins compatible for Editor in 0.85 ms, found 1 plugins.
Preloading 0 native plugins for Editor in 0.00 ms.
Unloading 4148 Unused Serialized files (Serialized files now loaded: 0)
System memory in use before: 186.2 MB.
System memory in use after: 186.4 MB.

Unloading 15 unused Assets to reduce memory usage. Loaded Objects now: 5108.
Total: 4.390300 ms (FindLiveObjects: 0.963400 ms CreateObjectMapping: 0.325600 ms MarkObjects: 2.947100 ms  DeleteObjects: 0.151200 ms)

========================================================================
Received Prepare
Registering precompiled user dll's ...
Registered in 0.004668 seconds.
Begin MonoManager ReloadAssembly
Native extension for WindowsStandalone target not found
Refreshing native plugins compatible for Editor in 0.69 ms, found 1 plugins.
Preloading 0 native plugins for Editor in 0.00 ms.
Mono: successfully reloaded assembly
- Completed reload, in  1.338 seconds
Platform modules already initialized, skipping
Shader 'Universal Render Pipeline/Particles/Lit': fallback shader 'Universal Render Pipeline/Particles/SimpleLit' not found
Refreshing native plugins compatible for Editor in 0.69 ms, found 1 plugins.
Preloading 0 native plugins for Editor in 0.00 ms.
Unloading 4148 Unused Serialized files (Serialized files now loaded: 0)
System memory in use before: 186.2 MB.
System memory in use after: 186.4 MB.

Unloading 15 unused Assets to reduce memory usage. Loaded Objects now: 5111.
Total: 4.489000 ms (FindLiveObjects: 0.824900 ms CreateObjectMapping: 0.334100 ms MarkObjects: 3.185700 ms  DeleteObjects: 0.142400 ms)

========================================================================
Received Prepare
Registering precompiled user dll's ...
Registered in 0.002802 seconds.
Begin MonoManager ReloadAssembly
Native extension for WindowsStandalone target not found
Refreshing native plugins compatible for Editor in 0.75 ms, found 1 plugins.
Preloading 0 native plugins for Editor in 0.00 ms.
Mono: successfully reloaded assembly
- Completed reload, in  1.330 seconds
Platform modules already initialized, skipping
Shader 'Universal Render Pipeline/Particles/Lit': fallback shader 'Universal Render Pipeline/Particles/SimpleLit' not found
Refreshing native plugins compatible for Editor in 0.70 ms, found 1 plugins.
Preloading 0 native plugins for Editor in 0.00 ms.
Unloading 4148 Unused Serialized files (Serialized files now loaded: 0)
System memory in use before: 186.2 MB.
System memory in use after: 186.4 MB.

Unloading 15 unused Assets to reduce memory usage. Loaded Objects now: 5114.
Total: 4.345200 ms (FindLiveObjects: 0.609100 ms CreateObjectMapping: 0.484300 ms MarkObjects: 3.104500 ms  DeleteObjects: 0.145300 ms)

========================================================================
Received Prepare
Registering precompiled user dll's ...
Registered in 0.004639 seconds.
Begin MonoManager ReloadAssembly
Native extension for WindowsStandalone target not found
Refreshing native plugins compatible for Editor in 0.83 ms, found 1 plugins.
Preloading 0 native plugins for Editor in 0.00 ms.
Mono: successfully reloaded assembly
- Completed reload, in  1.404 seconds
Platform modules already initialized, skipping
Shader 'Universal Render Pipeline/Particles/Lit': fallback shader 'Universal Render Pipeline/Particles/SimpleLit' not found
Refreshing native plugins compatible for Editor in 0.75 ms, found 1 plugins.
Preloading 0 native plugins for Editor in 0.00 ms.
Unloading 4148 Unused Serialized files (Serialized files now loaded: 0)
System memory in use before: 186.2 MB.
System memory in use after: 186.4 MB.

Unloading 15 unused Assets to reduce memory usage. Loaded Objects now: 5117.
Total: 4.163800 ms (FindLiveObjects: 0.405800 ms CreateObjectMapping: 0.165000 ms MarkObjects: 3.368300 ms  DeleteObjects: 0.222900 ms)

========================================================================
Received Prepare
Registering precompiled user dll's ...
Registered in 0.002711 seconds.
Begin MonoManager ReloadAssembly
Native extension for WindowsStandalone target not found
Refreshing native plugins compatible for Editor in 0.67 ms, found 1 plugins.
Preloading 0 native plugins for Editor in 0.00 ms.
Mono: successfully reloaded assembly
- Completed reload, in  1.415 seconds
Platform modules already initialized, skipping
Shader 'Universal Render Pipeline/Particles/Lit': fallback shader 'Universal Render Pipeline/Particles/SimpleLit' not found
Refreshing native plugins compatible for Editor in 0.66 ms, found 1 plugins.
Preloading 0 native plugins for Editor in 0.00 ms.
Unloading 4148 Unused Serialized files (Serialized files now loaded: 0)
System memory in use before: 186.2 MB.
System memory in use after: 186.4 MB.

Unloading 15 unused Assets to reduce memory usage. Loaded Objects now: 5120.
Total: 4.822200 ms (FindLiveObjects: 1.054000 ms CreateObjectMapping: 0.202800 ms MarkObjects: 3.234800 ms  DeleteObjects: 0.312700 ms)

========================================================================
Received Prepare
Registering precompiled user dll's ...
Registered in 0.005015 seconds.
Begin MonoManager ReloadAssembly
Native extension for WindowsStandalone target not found
Refreshing native plugins compatible for Editor in 0.72 ms, found 1 plugins.
Preloading 0 native plugins for Editor in 0.00 ms.
Mono: successfully reloaded assembly
- Completed reload, in  1.419 seconds
Platform modules already initialized, skipping
Shader 'Universal Render Pipeline/Particles/Lit': fallback shader 'Universal Render Pipeline/Particles/SimpleLit' not found
Refreshing native plugins compatible for Editor in 0.99 ms, found 1 plugins.
Preloading 0 native plugins for Editor in 0.00 ms.
Unloading 4148 Unused Serialized files (Serialized files now loaded: 0)
System memory in use before: 186.2 MB.
System memory in use after: 186.4 MB.

Unloading 15 unused Assets to reduce memory usage. Loaded Objects now: 5123.
Total: 6.029400 ms (FindLiveObjects: 0.681400 ms CreateObjectMapping: 0.418400 ms MarkObjects: 4.576800 ms  DeleteObjects: 0.349000 ms)

========================================================================
Received Prepare
Registering precompiled user dll's ...
Registered in 0.005701 seconds.
Begin MonoManager ReloadAssembly
Native extension for WindowsStandalone target not found
Refreshing native plugins compatible for Editor in 2.58 ms, found 1 plugins.
Preloading 0 native plugins for Editor in 0.00 ms.
Mono: successfully reloaded assembly
- Completed reload, in  2.099 seconds
Platform modules already initialized, skipping
Shader 'Universal Render Pipeline/Particles/Lit': fallback shader 'Universal Render Pipeline/Particles/SimpleLit' not found
Refreshing native plugins compatible for Editor in 1.54 ms, found 1 plugins.
Preloading 0 native plugins for Editor in 0.00 ms.
Unloading 4148 Unused Serialized files (Serialized files now loaded: 0)
System memory in use before: 186.2 MB.
System memory in use after: 186.4 MB.

Unloading 15 unused Assets to reduce memory usage. Loaded Objects now: 5126.
Total: 4.356000 ms (FindLiveObjects: 0.417800 ms CreateObjectMapping: 0.187000 ms MarkObjects: 3.469500 ms  DeleteObjects: 0.278900 ms)

AssetImportWorkerClient::OnTransportError - code=2 error=End of file
