Using pre-set license
Built from '2020.3/staging' branch; Version is '2020.3.6f1 (338bb68529b2) revision 3378102'; Using compiler version '192528614'; Build Type 'Release'
OS: 'Windows 10 Pro; OS build 19042.1165; Version 2009; 64bit' Language: 'en' Physical Memory: 16161 MB
BatchMode: 1, IsHumanControllingUs: 0, StartBugReporterOnCrash: 0, Is64bit: 1, IsPro: 0

 COMMAND LINE ARGUMENTS:
C:\Program Files\2020.3.6f1\Editor\Unity.exe
-adb2
-batchMode
-noUpm
-name
AssetImportWorker27
-projectPath
C:/Users/kahyt/OneDrive/Documents/GitHub/FantasyRPG 3.0
-logFile
Logs/AssetImportWorker27.log
-srvPort
55523
Successfully changed project path to: C:/Users/kahyt/OneDrive/Documents/GitHub/FantasyRPG 3.0
C:/Users/kahyt/OneDrive/Documents/GitHub/FantasyRPG 3.0
Using Asset Import Pipeline V2.
Refreshing native plugins compatible for Editor in 597.84 ms, found 6 plugins.
Preloading 0 native plugins for Editor in 0.00 ms.
Initialize engine version: 2020.3.6f1 (338bb68529b2)
[Subsystems] Discovering subsystems at path C:/Program Files/2020.3.6f1/Editor/Data/Resources/UnitySubsystems
[Subsystems] Discovering subsystems at path C:/Users/kahyt/OneDrive/Documents/GitHub/FantasyRPG 3.0/Assets
GfxDevice: creating device client; threaded=0
Direct3D:
    Version:  Direct3D 11.0 [level 11.1]
    Renderer: NVIDIA GeForce MX350 (ID=0x1c94)
    Vendor:   
    VRAM:     1979 MB
    Driver:   30.0.14.7141
Initialize mono
Mono path[0] = 'C:/Program Files/2020.3.6f1/Editor/Data/Managed'
Mono path[1] = 'C:/Program Files/2020.3.6f1/Editor/Data/MonoBleedingEdge/lib/mono/unityjit'
Mono config path = 'C:/Program Files/2020.3.6f1/Editor/Data/MonoBleedingEdge/etc'
Using monoOptions --debugger-agent=transport=dt_socket,embedding=1,server=y,suspend=n,address=127.0.0.1:56328
Begin MonoManager ReloadAssembly
Registering precompiled unity dll's ...
Register platform support module: C:/Program Files/2020.3.6f1/Editor/Data/PlaybackEngines/WindowsStandaloneSupport/UnityEditor.WindowsStandalone.Extensions.dll
Registered in 0.006115 seconds.
Native extension for WindowsStandalone target not found
Refreshing native plugins compatible for Editor in 527.51 ms, found 6 plugins.
Preloading 0 native plugins for Editor in 0.00 ms.
Mono: successfully reloaded assembly
- Completed reload, in 13.125 seconds
Platform modules already initialized, skipping
Registering precompiled user dll's ...
Registered in 0.068297 seconds.
Begin MonoManager ReloadAssembly
Native extension for WindowsStandalone target not found
Refreshing native plugins compatible for Editor in 166.37 ms, found 6 plugins.
Preloading 0 native plugins for Editor in 0.00 ms.
Mono: successfully reloaded assembly
Fallback handler could not load library C:/Program Files/2020.3.6f1/Editor/Data/Mono/lib/libdl
Fallback handler could not load library C:/Program Files/2020.3.6f1/Editor/Data/Mono/lib/libdl.dll
Fallback handler could not load library C:/Program Files/2020.3.6f1/Editor/Data/Mono/lib/libdl
Fallback handler could not load library C:/Program Files/2020.3.6f1/Editor/Data/Mono/lib/libdl
Fallback handler could not load library C:/Program Files/2020.3.6f1/Editor/Data/Mono/lib/libdl.dll
Fallback handler could not load library C:/Program Files/2020.3.6f1/Editor/Data/Mono/lib/libdl
- Completed reload, in  3.749 seconds
Platform modules already initialized, skipping
========================================================================
Worker process is ready to serve import requests
Shader 'Universal Render Pipeline/Particles/Lit': fallback shader 'Universal Render Pipeline/Particles/SimpleLit' not found
Shader 'Universal Render Pipeline/Particles/Lit': fallback shader 'Universal Render Pipeline/Particles/SimpleLit' not found
Launched and connected shader compiler UnityShaderCompiler.exe after 0.10 seconds
Refreshing native plugins compatible for Editor in 2.53 ms, found 6 plugins.
Preloading 0 native plugins for Editor in 0.00 ms.
Unloading 3824 Unused Serialized files (Serialized files now loaded: 0)
System memory in use before: 174.9 MB.
System memory in use after: 165.2 MB.

Unloading 181 unused Assets to reduce memory usage. Loaded Objects now: 4275.
Total: 16.141000 ms (FindLiveObjects: 0.778600 ms CreateObjectMapping: 0.436000 ms MarkObjects: 5.150000 ms  DeleteObjects: 9.773600 ms)

========================================================================
Received Import Request.
  path: Assets/Assets2/SCENES/MAIN SCENE/Global Volume Profile.asset
  artifactKey: Guid(7564a12e5921121418197dfffac5c5b6) Importer(815301076,1909f56bfc062723c751e8b465ee728b)
Start importing Assets/Assets2/SCENES/MAIN SCENE/Global Volume Profile.asset using Guid(7564a12e5921121418197dfffac5c5b6) Importer(815301076,1909f56bfc062723c751e8b465ee728b)  -> (artifact id: '91f4e14823ea7f13f74b3a7a74451ba4') in 0.068535 seconds
  Import took 0.080323 seconds .

========================================================================
Received Import Request.
  Time since last request: 0.000581 seconds.
  path: Assets/Assets2/Close.png
  artifactKey: Guid(fad8632a2bbb3914190aa5839db93a77) Importer(815301076,1909f56bfc062723c751e8b465ee728b)
Start importing Assets/Assets2/Close.png using Guid(fad8632a2bbb3914190aa5839db93a77) Importer(815301076,1909f56bfc062723c751e8b465ee728b)  -> (artifact id: 'c6b30b512bd555f414942bf1a5c29d96') in 0.167929 seconds
  Import took 0.178656 seconds .

========================================================================
Received Import Request.
  Time since last request: 0.000488 seconds.
  path: Assets/Assets2/515-5154977_frost-effect-png.png
  artifactKey: Guid(87954605d2c31624a8552b409c1f425a) Importer(815301076,1909f56bfc062723c751e8b465ee728b)
Start importing Assets/Assets2/515-5154977_frost-effect-png.png using Guid(87954605d2c31624a8552b409c1f425a) Importer(815301076,1909f56bfc062723c751e8b465ee728b)  -> (artifact id: 'cec23f844d3a4b8b6454974ea56655be') in 0.036247 seconds
  Import took 0.045745 seconds .

========================================================================
Received Import Request.
  Time since last request: 0.000544 seconds.
  path: Assets/Assets2/SCENES/MAIN SCENE 2
  artifactKey: Guid(de9d38fa3b4cbb84da47ff20c01e76dc) Importer(815301076,1909f56bfc062723c751e8b465ee728b)
Start importing Assets/Assets2/SCENES/MAIN SCENE 2 using Guid(de9d38fa3b4cbb84da47ff20c01e76dc) Importer(815301076,1909f56bfc062723c751e8b465ee728b)  -> (artifact id: '157bed66c6e834a5dc884b0dc912b5dd') in 0.020375 seconds
  Import took 0.032540 seconds .

========================================================================
Received Import Request.
  Time since last request: 0.000512 seconds.
  path: Assets/Assets2
  artifactKey: Guid(fa8d186a8b0b22d4f91a6397685f1062) Importer(815301076,1909f56bfc062723c751e8b465ee728b)
Start importing Assets/Assets2 using Guid(fa8d186a8b0b22d4f91a6397685f1062) Importer(815301076,1909f56bfc062723c751e8b465ee728b)  -> (artifact id: 'f5798b20ad1e1714f63e1df475242728') in 0.017720 seconds
  Import took 0.032316 seconds .

========================================================================
Received Import Request.
  Time since last request: 0.000482 seconds.
  path: Assets/Assets2/SCENES
  artifactKey: Guid(e5e9b3c54f947be4e961fe709fa2303b) Importer(815301076,1909f56bfc062723c751e8b465ee728b)
Start importing Assets/Assets2/SCENES using Guid(e5e9b3c54f947be4e961fe709fa2303b) Importer(815301076,1909f56bfc062723c751e8b465ee728b)  -> (artifact id: '82598c32d6e14c0daf49ab7a5ba7311a') in 0.016760 seconds
  Import took 0.030133 seconds .

========================================================================
Received Import Request.
  Time since last request: 0.000530 seconds.
  path: Assets/Assets2/SCENES/MAIN SCENE
  artifactKey: Guid(814a1028b9a9e8945b03f27026e1adad) Importer(815301076,1909f56bfc062723c751e8b465ee728b)
Start importing Assets/Assets2/SCENES/MAIN SCENE using Guid(814a1028b9a9e8945b03f27026e1adad) Importer(815301076,1909f56bfc062723c751e8b465ee728b)  -> (artifact id: '1477781270a0f4d93ae6ee0e147eda29') in 0.015665 seconds
  Import took 0.030942 seconds .

========================================================================
Received Import Request.
  Time since last request: 0.000436 seconds.
  path: Assets/Assets2/SCENES/MAIN SCENE/UIVolume.asset
  artifactKey: Guid(c4aba9c917e723142ac4c0173f391038) Importer(815301076,1909f56bfc062723c751e8b465ee728b)
Start importing Assets/Assets2/SCENES/MAIN SCENE/UIVolume.asset using Guid(c4aba9c917e723142ac4c0173f391038) Importer(815301076,1909f56bfc062723c751e8b465ee728b)  -> (artifact id: '0d4178a035d1434f4c23d20d0174226c') in 0.028155 seconds
  Import took 0.038703 seconds .

========================================================================
Received Import Request.
  Time since last request: 0.000546 seconds.
  path: Assets/Assets2/SCENES/MAIN SCENE.unity
  artifactKey: Guid(b27077ae9d8b32244805f81286649b49) Importer(815301076,1909f56bfc062723c751e8b465ee728b)
Start importing Assets/Assets2/SCENES/MAIN SCENE.unity using Guid(b27077ae9d8b32244805f81286649b49) Importer(815301076,1909f56bfc062723c751e8b465ee728b)  -> (artifact id: '2ab5df44e0f87b2fbe169d2a5d28fc79') in 0.016303 seconds
  Import took 0.031083 seconds .

========================================================================
Received Import Request.
  Time since last request: 0.000519 seconds.
  path: Assets/Assets2/SCENES/MAIN SCENE 2/NavMesh.asset
  artifactKey: Guid(5715d53264f8c67408f265ab88356511) Importer(815301076,1909f56bfc062723c751e8b465ee728b)
Start importing Assets/Assets2/SCENES/MAIN SCENE 2/NavMesh.asset using Guid(5715d53264f8c67408f265ab88356511) Importer(815301076,1909f56bfc062723c751e8b465ee728b)  -> (artifact id: '58e55f0105d00c038c9f9d96ca3bde32') in 0.021021 seconds
  Import took 0.036530 seconds .

========================================================================
Received Import Request.
  Time since last request: 0.000387 seconds.
  path: Assets/easy UI emerald - default.psd
  artifactKey: Guid(1f758ec661cd10f4b889c713e4d957cf) Importer(815301076,1909f56bfc062723c751e8b465ee728b)
Start importing Assets/easy UI emerald - default.psd using Guid(1f758ec661cd10f4b889c713e4d957cf) Importer(815301076,1909f56bfc062723c751e8b465ee728b)  -> (artifact id: '9e6bc312f21db276a96fd86a38fb7635') in 0.070576 seconds
  Import took 0.082357 seconds .

========================================================================
Received Import Request.
  Time since last request: 1862.547100 seconds.
  path: Assets/Assets2/MODELS/COLUMN.blend1
  artifactKey: Guid(9502a623d9df8114facbe54f3436a14e) Importer(815301076,1909f56bfc062723c751e8b465ee728b)
Start importing Assets/Assets2/MODELS/COLUMN.blend1 using Guid(9502a623d9df8114facbe54f3436a14e) Importer(815301076,1909f56bfc062723c751e8b465ee728b)  -> (artifact id: 'a2c07a64df2bfcb626a358fc7f8a11cd') in 0.027745 seconds
  Import took 0.049929 seconds .

========================================================================
Received Import Request.
  Time since last request: 1.773170 seconds.
  path: Assets/Assets2/MODELS/NEW MAP.blend1
  artifactKey: Guid(5464b273292e5a946b30f7d75de2fe85) Importer(815301076,1909f56bfc062723c751e8b465ee728b)
Start importing Assets/Assets2/MODELS/NEW MAP.blend1 using Guid(5464b273292e5a946b30f7d75de2fe85) Importer(815301076,1909f56bfc062723c751e8b465ee728b)  -> (artifact id: 'bd3f06061b2bbb3ef37b5ccd401cf418') in 0.030348 seconds
  Import took 0.049280 seconds .

========================================================================
Received Import Request.
  Time since last request: 0.002074 seconds.
  path: Assets/Assets2/MODELS/NEW MAP.blend1
  artifactKey: Guid(5464b273292e5a946b30f7d75de2fe85) Importer(815301076,1909f56bfc062723c751e8b465ee728b)
Start importing Assets/Assets2/MODELS/NEW MAP.blend1 using Guid(5464b273292e5a946b30f7d75de2fe85) Importer(815301076,1909f56bfc062723c751e8b465ee728b)  -> (artifact id: 'bd3f06061b2bbb3ef37b5ccd401cf418') in 0.012656 seconds
  Import took 0.031240 seconds .

========================================================================
Received Import Request.
  Time since last request: 1605.509613 seconds.
  path: Assets/Assets2/MODELS/COLUMN.blend1
  artifactKey: Guid(9502a623d9df8114facbe54f3436a14e) Importer(815301076,1909f56bfc062723c751e8b465ee728b)
Start importing Assets/Assets2/MODELS/COLUMN.blend1 using Guid(9502a623d9df8114facbe54f3436a14e) Importer(815301076,1909f56bfc062723c751e8b465ee728b)  -> (artifact id: '9b445169d818e357e17940ae0ca75cc3') in 0.020703 seconds
  Import took 0.041645 seconds .

========================================================================
Received Import Request.
  Time since last request: 1.803239 seconds.
  path: Assets/Assets2/MODELS/NEW MAP.blend1
  artifactKey: Guid(5464b273292e5a946b30f7d75de2fe85) Importer(815301076,1909f56bfc062723c751e8b465ee728b)
Start importing Assets/Assets2/MODELS/NEW MAP.blend1 using Guid(5464b273292e5a946b30f7d75de2fe85) Importer(815301076,1909f56bfc062723c751e8b465ee728b)  -> (artifact id: '8b4e3328af6a0e37ab94e47f685e3a98') in 0.024166 seconds
  Import took 0.048659 seconds .

========================================================================
Received Import Request.
  Time since last request: 20.864944 seconds.
  path: Assets/Assets2/UI
  artifactKey: Guid(510116a531b59f04ca91ed83edd9aa1a) Importer(815301076,1909f56bfc062723c751e8b465ee728b)
Start importing Assets/Assets2/UI using Guid(510116a531b59f04ca91ed83edd9aa1a) Importer(815301076,1909f56bfc062723c751e8b465ee728b)  -> (artifact id: '580235296a3b82dc6f2b89843e475a59') in 0.020538 seconds
  Import took 0.035843 seconds .

========================================================================
Received Import Request.
  Time since last request: 0.025933 seconds.
  path: Assets/Assets2/UI
  artifactKey: Guid(510116a531b59f04ca91ed83edd9aa1a) Importer(815301076,1909f56bfc062723c751e8b465ee728b)
Start importing Assets/Assets2/UI using Guid(510116a531b59f04ca91ed83edd9aa1a) Importer(815301076,1909f56bfc062723c751e8b465ee728b)  -> (artifact id: '580235296a3b82dc6f2b89843e475a59') in 0.011863 seconds
  Import took 0.027182 seconds .

========================================================================
Received Import Request.
  Time since last request: 15.870871 seconds.
  path: Assets/Assets2/MODELS/COLUMN.blend
  artifactKey: Guid(3346702e64249a7489a6c0990f609e25) Importer(815301076,1909f56bfc062723c751e8b465ee728b)
Start importing Assets/Assets2/MODELS/COLUMN.blend using Guid(3346702e64249a7489a6c0990f609e25) Importer(815301076,1909f56bfc062723c751e8b465ee728b)  -> (artifact id: 'f497f5171a4733101ef317dfc2a0cc60') in 1.317237 seconds
  Import took 1.330503 seconds .

========================================================================
Received Import Request.
  Time since last request: 5.694006 seconds.
  path: Assets/Assets2/MATERIALS
  artifactKey: Guid(00cc41517d5b68346a2327a218cf41a9) Importer(815301076,1909f56bfc062723c751e8b465ee728b)
Start importing Assets/Assets2/MATERIALS using Guid(00cc41517d5b68346a2327a218cf41a9) Importer(815301076,1909f56bfc062723c751e8b465ee728b)  -> (artifact id: '6f51a512a6600280ef33dc6004213a31') in 0.027249 seconds
  Import took 0.041464 seconds .

========================================================================
Received Import Request.
  Time since last request: 19.689743 seconds.
  path: Assets/Assets2/MODELS/COLUMN.blend
  artifactKey: Guid(3346702e64249a7489a6c0990f609e25) Importer(815301076,1909f56bfc062723c751e8b465ee728b)
Start importing Assets/Assets2/MODELS/COLUMN.blend using Guid(3346702e64249a7489a6c0990f609e25) Importer(815301076,1909f56bfc062723c751e8b465ee728b)  -> (artifact id: 'be2b4cd8da295ff1913b89d8963ff85a') in 0.076698 seconds
  Import took 0.113592 seconds .

========================================================================
Received Import Request.
  Time since last request: 9.350847 seconds.
  path: Assets/Assets2/MATERIALS/Cobblestone.sbsar
  artifactKey: Guid(f446cc2d5a73dbd49ba3cfd17c7693b5) Importer(815301076,1909f56bfc062723c751e8b465ee728b)
Start importing Assets/Assets2/MATERIALS/Cobblestone.sbsar using Guid(f446cc2d5a73dbd49ba3cfd17c7693b5) Importer(815301076,1909f56bfc062723c751e8b465ee728b)  -> (artifact id: '9293e4130ab57e3d40b160f40f4d7c10') in 1.361468 seconds
  Import took 1.374551 seconds .

========================================================================
Received Import Request.
  Time since last request: 12.604955 seconds.
  path: Assets/Assets2/MATERIALS/grass.png
  artifactKey: Guid(b2682a7cf9573594db4619abf370bb68) Importer(815301076,1909f56bfc062723c751e8b465ee728b)
Start importing Assets/Assets2/MATERIALS/grass.png using Guid(b2682a7cf9573594db4619abf370bb68) Importer(815301076,1909f56bfc062723c751e8b465ee728b)  -> (artifact id: 'd0a1e853acd04ed60f71906b0e581b31') in 0.044657 seconds
  Import took 0.055945 seconds .

========================================================================
Received Import Request.
  Time since last request: 9.706051 seconds.
  path: Assets/Assets2/MATERIALS/Snowflake.png
  artifactKey: Guid(d4792f051bea0c844902ce2a22ee7bf5) Importer(815301076,1909f56bfc062723c751e8b465ee728b)
Start importing Assets/Assets2/MATERIALS/Snowflake.png using Guid(d4792f051bea0c844902ce2a22ee7bf5) Importer(815301076,1909f56bfc062723c751e8b465ee728b)  -> (artifact id: '3fc1218116d790e787d05c548166ffe5') in 0.039122 seconds
  Import took 0.051623 seconds .

========================================================================
Received Import Request.
  Time since last request: 1.748383 seconds.
  path: Assets/Assets2/MATERIALS/SnowTexture.png
  artifactKey: Guid(c3d904cf3f47a524393789692e95ce7e) Importer(815301076,1909f56bfc062723c751e8b465ee728b)
Start importing Assets/Assets2/MATERIALS/SnowTexture.png using Guid(c3d904cf3f47a524393789692e95ce7e) Importer(815301076,1909f56bfc062723c751e8b465ee728b)  -> (artifact id: '422442a6c15a2b58e5f9d223eb74277b') in 0.046157 seconds
  Import took 0.058852 seconds .

========================================================================
Received Import Request.
  Time since last request: 17.732272 seconds.
  path: Assets/Assets2/TEXTURES
  artifactKey: Guid(510116a531b59f04ca91ed83edd9aa1a) Importer(815301076,1909f56bfc062723c751e8b465ee728b)
Start importing Assets/Assets2/TEXTURES using Guid(510116a531b59f04ca91ed83edd9aa1a) Importer(815301076,1909f56bfc062723c751e8b465ee728b)  -> (artifact id: '53dd67077237ddf74452765b614133d1') in 0.024116 seconds
  Import took 0.040643 seconds .

========================================================================
Received Import Request.
  Time since last request: 13.689557 seconds.
  path: Assets/Assets2/MATERIALS/Textured/Snow.png
  artifactKey: Guid(b2570f69699e1e94c90af3e9421c6e53) Importer(815301076,1909f56bfc062723c751e8b465ee728b)
Start importing Assets/Assets2/MATERIALS/Textured/Snow.png using Guid(b2570f69699e1e94c90af3e9421c6e53) Importer(815301076,1909f56bfc062723c751e8b465ee728b)  -> (artifact id: 'a007e64b3f1dcfc99241483c1cee29d0') in 0.057095 seconds
  Import took 0.073113 seconds .

========================================================================
Received Import Request.
  Time since last request: 2.130271 seconds.
  path: Assets/Assets2/MATERIALS/Textured/Iceberg.png
  artifactKey: Guid(03d1fef0f3665134f98a8661634054a6) Importer(815301076,1909f56bfc062723c751e8b465ee728b)
Start importing Assets/Assets2/MATERIALS/Textured/Iceberg.png using Guid(03d1fef0f3665134f98a8661634054a6) Importer(815301076,1909f56bfc062723c751e8b465ee728b)  -> (artifact id: '569914d1270b59ce364840bc3935abbb') in 0.044596 seconds
  Import took 0.060079 seconds .

========================================================================
Received Import Request.
  Time since last request: 152.976093 seconds.
  path: Assets/Assets2/MATERIALS/Character Materials
  artifactKey: Guid(64f765b9d179eef4db78040c90d0036c) Importer(815301076,1909f56bfc062723c751e8b465ee728b)
Start importing Assets/Assets2/MATERIALS/Character Materials using Guid(64f765b9d179eef4db78040c90d0036c) Importer(815301076,1909f56bfc062723c751e8b465ee728b)  -> (artifact id: '1c80c8822b1a8b1283ea1a49f16e7c39') in 0.029850 seconds
  Import took 0.040909 seconds .

========================================================================
Received Import Request.
  Time since last request: 30.803296 seconds.
  path: Assets/Assets2/MODELS/WALL.blend
  artifactKey: Guid(3d3242e978dbb0144b8d7b309b48be30) Importer(815301076,1909f56bfc062723c751e8b465ee728b)
Start importing Assets/Assets2/MODELS/WALL.blend using Guid(3d3242e978dbb0144b8d7b309b48be30) Importer(815301076,1909f56bfc062723c751e8b465ee728b)  -> (artifact id: '21417d517c79a724380415b9e460aca9') in 0.079387 seconds
  Import took 0.097229 seconds .

========================================================================
Received Import Request.
  Time since last request: 4.003394 seconds.
  path: Assets/Assets2/MODELS
  artifactKey: Guid(9d9e858e3479e4849a638d121d4083b6) Importer(815301076,1909f56bfc062723c751e8b465ee728b)
Start importing Assets/Assets2/MODELS using Guid(9d9e858e3479e4849a638d121d4083b6) Importer(815301076,1909f56bfc062723c751e8b465ee728b)  -> (artifact id: 'b97892c18dbb330d2aff4d0083e59d9d') in 0.022189 seconds
  Import took 0.042303 seconds .

========================================================================
Received Import Request.
  Time since last request: 8.144061 seconds.
  path: Assets/Assets2/MODELS/WALL
  artifactKey: Guid(46fc20a156866ee4590cbe36be7b8982) Importer(815301076,1909f56bfc062723c751e8b465ee728b)
Start importing Assets/Assets2/MODELS/WALL using Guid(46fc20a156866ee4590cbe36be7b8982) Importer(815301076,1909f56bfc062723c751e8b465ee728b)  -> (artifact id: 'e673514997ba3c97bfd93ec4cf13b549') in 0.013766 seconds
  Import took 0.029335 seconds .

========================================================================
Received Import Request.
  Time since last request: 10.222868 seconds.
  path: Assets/Assets2/MODELS/OLD MAP.blend
  artifactKey: Guid(151603169af404c48a7f9a74a9ec31e5) Importer(815301076,1909f56bfc062723c751e8b465ee728b)
Start importing Assets/Assets2/MODELS/OLD MAP.blend using Guid(151603169af404c48a7f9a74a9ec31e5) Importer(815301076,1909f56bfc062723c751e8b465ee728b)  -> (artifact id: 'ef39f78640779686c0c35b8ca6b36d8b') in 0.221822 seconds
  Import took 0.235170 seconds .

========================================================================
Received Import Request.
  Time since last request: 62.422130 seconds.
  path: Assets/Assets2/MODELS/WALL/WALL.blend
  artifactKey: Guid(3d3242e978dbb0144b8d7b309b48be30) Importer(815301076,1909f56bfc062723c751e8b465ee728b)
Start importing Assets/Assets2/MODELS/WALL/WALL.blend using Guid(3d3242e978dbb0144b8d7b309b48be30) Importer(815301076,1909f56bfc062723c751e8b465ee728b)  -> (artifact id: '534ede7d58a9ade2d4a79e19d4bf6adc') in 0.063592 seconds
  Import took 0.085018 seconds .

========================================================================
Received Import Request.
  Time since last request: 0.020751 seconds.
  path: Assets/Assets2/MODELS/WALL/WALL.blend
  artifactKey: Guid(3d3242e978dbb0144b8d7b309b48be30) Importer(815301076,1909f56bfc062723c751e8b465ee728b)
Start importing Assets/Assets2/MODELS/WALL/WALL.blend using Guid(3d3242e978dbb0144b8d7b309b48be30) Importer(815301076,1909f56bfc062723c751e8b465ee728b)  -> (artifact id: '534ede7d58a9ade2d4a79e19d4bf6adc') in 0.056299 seconds
  Import took 0.068501 seconds .

========================================================================
Received Prepare
Registering precompiled user dll's ...
Registered in 0.068048 seconds.
Begin MonoManager ReloadAssembly
Fallback handler could not load library C:/Program Files/2020.3.6f1/Editor/Data/Mono/lib/libdl
Fallback handler could not load library C:/Program Files/2020.3.6f1/Editor/Data/Mono/lib/libdl.dll
Fallback handler could not load library C:/Program Files/2020.3.6f1/Editor/Data/Mono/lib/libdl
Native extension for WindowsStandalone target not found
Refreshing native plugins compatible for Editor in 1.68 ms, found 6 plugins.
Preloading 0 native plugins for Editor in 0.00 ms.
Mono: successfully reloaded assembly
Fallback handler could not load library C:/Program Files/2020.3.6f1/Editor/Data/Mono/lib/libdl
Fallback handler could not load library C:/Program Files/2020.3.6f1/Editor/Data/Mono/lib/libdl.dll
Fallback handler could not load library C:/Program Files/2020.3.6f1/Editor/Data/Mono/lib/libdl
Fallback handler could not load library C:/Program Files/2020.3.6f1/Editor/Data/Mono/lib/libdl
Fallback handler could not load library C:/Program Files/2020.3.6f1/Editor/Data/Mono/lib/libdl.dll
Fallback handler could not load library C:/Program Files/2020.3.6f1/Editor/Data/Mono/lib/libdl
- Completed reload, in  4.327 seconds
Platform modules already initialized, skipping
Shader 'Universal Render Pipeline/Particles/Lit': fallback shader 'Universal Render Pipeline/Particles/SimpleLit' not found
Shader 'Universal Render Pipeline/Particles/Lit': fallback shader 'Universal Render Pipeline/Particles/SimpleLit' not found
Refreshing native plugins compatible for Editor in 2.46 ms, found 6 plugins.
Preloading 0 native plugins for Editor in 0.00 ms.
Unloading 3743 Unused Serialized files (Serialized files now loaded: 0)
System memory in use before: 176.7 MB.
System memory in use after: 167.3 MB.

Unloading 173 unused Assets to reduce memory usage. Loaded Objects now: 4369.
Total: 20.311500 ms (FindLiveObjects: 0.805300 ms CreateObjectMapping: 0.471000 ms MarkObjects: 6.607000 ms  DeleteObjects: 12.422200 ms)

========================================================================
Received Prepare
Registering precompiled user dll's ...
Registered in 0.036859 seconds.
Begin MonoManager ReloadAssembly
Fallback handler could not load library C:/Program Files/2020.3.6f1/Editor/Data/Mono/lib/libdl
Fallback handler could not load library C:/Program Files/2020.3.6f1/Editor/Data/Mono/lib/libdl.dll
Fallback handler could not load library C:/Program Files/2020.3.6f1/Editor/Data/Mono/lib/libdl
Native extension for WindowsStandalone target not found
Refreshing native plugins compatible for Editor in 2.18 ms, found 6 plugins.
Preloading 0 native plugins for Editor in 0.00 ms.
Mono: successfully reloaded assembly
Fallback handler could not load library C:/Program Files/2020.3.6f1/Editor/Data/Mono/lib/libdl
Fallback handler could not load library C:/Program Files/2020.3.6f1/Editor/Data/Mono/lib/libdl.dll
Fallback handler could not load library C:/Program Files/2020.3.6f1/Editor/Data/Mono/lib/libdl
Fallback handler could not load library C:/Program Files/2020.3.6f1/Editor/Data/Mono/lib/libdl
Fallback handler could not load library C:/Program Files/2020.3.6f1/Editor/Data/Mono/lib/libdl.dll
Fallback handler could not load library C:/Program Files/2020.3.6f1/Editor/Data/Mono/lib/libdl
- Completed reload, in  3.108 seconds
Platform modules already initialized, skipping
Shader 'Universal Render Pipeline/Particles/Lit': fallback shader 'Universal Render Pipeline/Particles/SimpleLit' not found
Shader 'Universal Render Pipeline/Particles/Lit': fallback shader 'Universal Render Pipeline/Particles/SimpleLit' not found
Refreshing native plugins compatible for Editor in 2.33 ms, found 6 plugins.
Preloading 0 native plugins for Editor in 0.00 ms.
Unloading 3742 Unused Serialized files (Serialized files now loaded: 0)
System memory in use before: 176.6 MB.
System memory in use after: 167.3 MB.

Unloading 173 unused Assets to reduce memory usage. Loaded Objects now: 4372.
Total: 22.352300 ms (FindLiveObjects: 0.564500 ms CreateObjectMapping: 0.264700 ms MarkObjects: 4.610400 ms  DeleteObjects: 16.908600 ms)

========================================================================
Received Prepare
Registering precompiled user dll's ...
Registered in 0.043104 seconds.
Begin MonoManager ReloadAssembly
Fallback handler could not load library C:/Program Files/2020.3.6f1/Editor/Data/Mono/lib/libdl
Fallback handler could not load library C:/Program Files/2020.3.6f1/Editor/Data/Mono/lib/libdl.dll
Fallback handler could not load library C:/Program Files/2020.3.6f1/Editor/Data/Mono/lib/libdl
Native extension for WindowsStandalone target not found
Refreshing native plugins compatible for Editor in 2.86 ms, found 6 plugins.
Preloading 0 native plugins for Editor in 0.00 ms.
Mono: successfully reloaded assembly
Fallback handler could not load library C:/Program Files/2020.3.6f1/Editor/Data/Mono/lib/libdl
Fallback handler could not load library C:/Program Files/2020.3.6f1/Editor/Data/Mono/lib/libdl.dll
Fallback handler could not load library C:/Program Files/2020.3.6f1/Editor/Data/Mono/lib/libdl
Fallback handler could not load library C:/Program Files/2020.3.6f1/Editor/Data/Mono/lib/libdl
Fallback handler could not load library C:/Program Files/2020.3.6f1/Editor/Data/Mono/lib/libdl.dll
Fallback handler could not load library C:/Program Files/2020.3.6f1/Editor/Data/Mono/lib/libdl
- Completed reload, in  3.452 seconds
Platform modules already initialized, skipping
Shader 'Universal Render Pipeline/Particles/Lit': fallback shader 'Universal Render Pipeline/Particles/SimpleLit' not found
Shader 'Universal Render Pipeline/Particles/Lit': fallback shader 'Universal Render Pipeline/Particles/SimpleLit' not found
Refreshing native plugins compatible for Editor in 1.97 ms, found 6 plugins.
Preloading 0 native plugins for Editor in 0.00 ms.
Unloading 3742 Unused Serialized files (Serialized files now loaded: 0)
System memory in use before: 176.7 MB.
System memory in use after: 167.3 MB.

Unloading 173 unused Assets to reduce memory usage. Loaded Objects now: 4375.
Total: 17.186800 ms (FindLiveObjects: 0.723500 ms CreateObjectMapping: 0.323000 ms MarkObjects: 4.535700 ms  DeleteObjects: 11.601700 ms)

========================================================================
Received Prepare
Registering precompiled user dll's ...
Registered in 0.035314 seconds.
Begin MonoManager ReloadAssembly
Fallback handler could not load library C:/Program Files/2020.3.6f1/Editor/Data/Mono/lib/libdl
Fallback handler could not load library C:/Program Files/2020.3.6f1/Editor/Data/Mono/lib/libdl.dll
Fallback handler could not load library C:/Program Files/2020.3.6f1/Editor/Data/Mono/lib/libdl
Native extension for WindowsStandalone target not found
Refreshing native plugins compatible for Editor in 2.89 ms, found 6 plugins.
Preloading 0 native plugins for Editor in 0.00 ms.
Mono: successfully reloaded assembly
Fallback handler could not load library C:/Program Files/2020.3.6f1/Editor/Data/Mono/lib/libdl
Fallback handler could not load library C:/Program Files/2020.3.6f1/Editor/Data/Mono/lib/libdl.dll
Fallback handler could not load library C:/Program Files/2020.3.6f1/Editor/Data/Mono/lib/libdl
Fallback handler could not load library C:/Program Files/2020.3.6f1/Editor/Data/Mono/lib/libdl
Fallback handler could not load library C:/Program Files/2020.3.6f1/Editor/Data/Mono/lib/libdl.dll
Fallback handler could not load library C:/Program Files/2020.3.6f1/Editor/Data/Mono/lib/libdl
- Completed reload, in  2.857 seconds
Platform modules already initialized, skipping
Shader 'Universal Render Pipeline/Particles/Lit': fallback shader 'Universal Render Pipeline/Particles/SimpleLit' not found
Shader 'Universal Render Pipeline/Particles/Lit': fallback shader 'Universal Render Pipeline/Particles/SimpleLit' not found
Refreshing native plugins compatible for Editor in 1.80 ms, found 6 plugins.
Preloading 0 native plugins for Editor in 0.00 ms.
Unloading 3742 Unused Serialized files (Serialized files now loaded: 0)
System memory in use before: 176.8 MB.
System memory in use after: 167.3 MB.

Unloading 173 unused Assets to reduce memory usage. Loaded Objects now: 4378.
Total: 13.048900 ms (FindLiveObjects: 0.360000 ms CreateObjectMapping: 0.181300 ms MarkObjects: 4.282800 ms  DeleteObjects: 8.223000 ms)

========================================================================
Received Import Request.
  Time since last request: 17025.816062 seconds.
  path: Assets/Assets2/TEXTURES/WALL_MATERIAL_Base_Color.png
  artifactKey: Guid(af6c9b16713e41d4881e03ca6cc9d213) Importer(815301076,1909f56bfc062723c751e8b465ee728b)
Start importing Assets/Assets2/TEXTURES/WALL_MATERIAL_Base_Color.png using Guid(af6c9b16713e41d4881e03ca6cc9d213) Importer(815301076,1909f56bfc062723c751e8b465ee728b)  -> (artifact id: '6e3ba2bf4e957d973890bfd788046269') in 0.073926 seconds
  Import took 0.081534 seconds .

========================================================================
Received Import Request.
  Time since last request: 0.027899 seconds.
  path: Assets/Assets2/TEXTURES/WALL_MATERIAL_Base_Color.png
  artifactKey: Guid(af6c9b16713e41d4881e03ca6cc9d213) Importer(815301076,1909f56bfc062723c751e8b465ee728b)
Start importing Assets/Assets2/TEXTURES/WALL_MATERIAL_Base_Color.png using Guid(af6c9b16713e41d4881e03ca6cc9d213) Importer(815301076,1909f56bfc062723c751e8b465ee728b)  -> (artifact id: '6e3ba2bf4e957d973890bfd788046269') in 0.019302 seconds
  Import took 0.026521 seconds .

========================================================================
Received Import Request.
  Time since last request: 31.317619 seconds.
  path: Assets/Assets2/SHADERS
  artifactKey: Guid(ff3a3e3279611b54383701a2ad731de6) Importer(815301076,1909f56bfc062723c751e8b465ee728b)
Start importing Assets/Assets2/SHADERS using Guid(ff3a3e3279611b54383701a2ad731de6) Importer(815301076,1909f56bfc062723c751e8b465ee728b)  -> (artifact id: '4c21658580da8ec81a68348afce2ae0b') in 0.014101 seconds
  Import took 0.021938 seconds .

========================================================================
Received Prepare
Registering precompiled user dll's ...
Registered in 0.077049 seconds.
Begin MonoManager ReloadAssembly
Fallback handler could not load library C:/Program Files/2020.3.6f1/Editor/Data/Mono/lib/libdl
Fallback handler could not load library C:/Program Files/2020.3.6f1/Editor/Data/Mono/lib/libdl.dll
Fallback handler could not load library C:/Program Files/2020.3.6f1/Editor/Data/Mono/lib/libdl
Native extension for WindowsStandalone target not found
Refreshing native plugins compatible for Editor in 1.08 ms, found 6 plugins.
Preloading 0 native plugins for Editor in 0.00 ms.
Mono: successfully reloaded assembly
Fallback handler could not load library C:/Program Files/2020.3.6f1/Editor/Data/Mono/lib/libdl
Fallback handler could not load library C:/Program Files/2020.3.6f1/Editor/Data/Mono/lib/libdl.dll
Fallback handler could not load library C:/Program Files/2020.3.6f1/Editor/Data/Mono/lib/libdl
Fallback handler could not load library C:/Program Files/2020.3.6f1/Editor/Data/Mono/lib/libdl
Fallback handler could not load library C:/Program Files/2020.3.6f1/Editor/Data/Mono/lib/libdl.dll
Fallback handler could not load library C:/Program Files/2020.3.6f1/Editor/Data/Mono/lib/libdl
- Completed reload, in  2.249 seconds
Platform modules already initialized, skipping
Shader 'Universal Render Pipeline/Particles/Lit': fallback shader 'Universal Render Pipeline/Particles/SimpleLit' not found
Shader 'Universal Render Pipeline/Particles/Lit': fallback shader 'Universal Render Pipeline/Particles/SimpleLit' not found
Refreshing native plugins compatible for Editor in 1.32 ms, found 6 plugins.
Preloading 0 native plugins for Editor in 0.00 ms.
Unloading 3742 Unused Serialized files (Serialized files now loaded: 0)
System memory in use before: 176.7 MB.
System memory in use after: 167.3 MB.

Unloading 173 unused Assets to reduce memory usage. Loaded Objects now: 4381.
Total: 13.358700 ms (FindLiveObjects: 0.522300 ms CreateObjectMapping: 0.257700 ms MarkObjects: 4.624800 ms  DeleteObjects: 7.950100 ms)

========================================================================
Received Prepare
Registering precompiled user dll's ...
Registered in 0.045946 seconds.
Begin MonoManager ReloadAssembly
Fallback handler could not load library C:/Program Files/2020.3.6f1/Editor/Data/Mono/lib/libdl
Fallback handler could not load library C:/Program Files/2020.3.6f1/Editor/Data/Mono/lib/libdl.dll
Fallback handler could not load library C:/Program Files/2020.3.6f1/Editor/Data/Mono/lib/libdl
Native extension for WindowsStandalone target not found
Refreshing native plugins compatible for Editor in 1.70 ms, found 6 plugins.
Preloading 0 native plugins for Editor in 0.00 ms.
Mono: successfully reloaded assembly
Fallback handler could not load library C:/Program Files/2020.3.6f1/Editor/Data/Mono/lib/libdl
Fallback handler could not load library C:/Program Files/2020.3.6f1/Editor/Data/Mono/lib/libdl.dll
Fallback handler could not load library C:/Program Files/2020.3.6f1/Editor/Data/Mono/lib/libdl
Fallback handler could not load library C:/Program Files/2020.3.6f1/Editor/Data/Mono/lib/libdl
Fallback handler could not load library C:/Program Files/2020.3.6f1/Editor/Data/Mono/lib/libdl.dll
Fallback handler could not load library C:/Program Files/2020.3.6f1/Editor/Data/Mono/lib/libdl
- Completed reload, in  2.773 seconds
Platform modules already initialized, skipping
Shader 'Universal Render Pipeline/Particles/Lit': fallback shader 'Universal Render Pipeline/Particles/SimpleLit' not found
Shader 'Universal Render Pipeline/Particles/Lit': fallback shader 'Universal Render Pipeline/Particles/SimpleLit' not found
Refreshing native plugins compatible for Editor in 2.20 ms, found 6 plugins.
Preloading 0 native plugins for Editor in 0.00 ms.
Unloading 3742 Unused Serialized files (Serialized files now loaded: 0)
System memory in use before: 176.7 MB.
System memory in use after: 167.3 MB.

Unloading 173 unused Assets to reduce memory usage. Loaded Objects now: 4384.
Total: 25.546100 ms (FindLiveObjects: 0.525100 ms CreateObjectMapping: 0.326300 ms MarkObjects: 7.189100 ms  DeleteObjects: 17.500300 ms)

========================================================================
Received Prepare
Registering precompiled user dll's ...
Registered in 0.064134 seconds.
Begin MonoManager ReloadAssembly
Fallback handler could not load library C:/Program Files/2020.3.6f1/Editor/Data/Mono/lib/libdl
Fallback handler could not load library C:/Program Files/2020.3.6f1/Editor/Data/Mono/lib/libdl.dll
Fallback handler could not load library C:/Program Files/2020.3.6f1/Editor/Data/Mono/lib/libdl
Native extension for WindowsStandalone target not found
Refreshing native plugins compatible for Editor in 1.84 ms, found 6 plugins.
Preloading 0 native plugins for Editor in 0.00 ms.
Mono: successfully reloaded assembly
Fallback handler could not load library C:/Program Files/2020.3.6f1/Editor/Data/Mono/lib/libdl
Fallback handler could not load library C:/Program Files/2020.3.6f1/Editor/Data/Mono/lib/libdl.dll
Fallback handler could not load library C:/Program Files/2020.3.6f1/Editor/Data/Mono/lib/libdl
Fallback handler could not load library C:/Program Files/2020.3.6f1/Editor/Data/Mono/lib/libdl
Fallback handler could not load library C:/Program Files/2020.3.6f1/Editor/Data/Mono/lib/libdl.dll
Fallback handler could not load library C:/Program Files/2020.3.6f1/Editor/Data/Mono/lib/libdl
- Completed reload, in  2.476 seconds
Platform modules already initialized, skipping
Shader 'Universal Render Pipeline/Particles/Lit': fallback shader 'Universal Render Pipeline/Particles/SimpleLit' not found
Shader 'Universal Render Pipeline/Particles/Lit': fallback shader 'Universal Render Pipeline/Particles/SimpleLit' not found
Refreshing native plugins compatible for Editor in 2.40 ms, found 6 plugins.
Preloading 0 native plugins for Editor in 0.00 ms.
Unloading 3742 Unused Serialized files (Serialized files now loaded: 0)
System memory in use before: 176.7 MB.
System memory in use after: 167.4 MB.

Unloading 173 unused Assets to reduce memory usage. Loaded Objects now: 4387.
Total: 16.751100 ms (FindLiveObjects: 0.649900 ms CreateObjectMapping: 0.236600 ms MarkObjects: 4.124900 ms  DeleteObjects: 11.737700 ms)

========================================================================
Received Import Request.
  Time since last request: 2770.471707 seconds.
  path: Assets/Assets2/TEXTURES/WallTexture.png
  artifactKey: Guid(af6c9b16713e41d4881e03ca6cc9d213) Importer(815301076,1909f56bfc062723c751e8b465ee728b)
Start importing Assets/Assets2/TEXTURES/WallTexture.png using Guid(af6c9b16713e41d4881e03ca6cc9d213) Importer(815301076,1909f56bfc062723c751e8b465ee728b)  -> (artifact id: '0e86e8160c07140f7e7356026013ae61') in 0.105642 seconds
  Import took 0.116266 seconds .

========================================================================
Received Import Request.
  Time since last request: 6.355874 seconds.
  path: Assets/Assets2/TEXTURES/WALL_MATERIAL_Base_Color.png
  artifactKey: Guid(f3015b2fe8101aa45a991cb79cd0970a) Importer(815301076,1909f56bfc062723c751e8b465ee728b)
Start importing Assets/Assets2/TEXTURES/WALL_MATERIAL_Base_Color.png using Guid(f3015b2fe8101aa45a991cb79cd0970a) Importer(815301076,1909f56bfc062723c751e8b465ee728b)  -> (artifact id: 'd95e5c80f90e9ab60f369d36b5f86117') in 0.038754 seconds
  Import took 0.050779 seconds .

========================================================================
Received Import Request.
  Time since last request: 6.910745 seconds.
  path: Assets/Assets2/TEXTURES/PillarTexture.png
  artifactKey: Guid(f3015b2fe8101aa45a991cb79cd0970a) Importer(815301076,1909f56bfc062723c751e8b465ee728b)
Start importing Assets/Assets2/TEXTURES/PillarTexture.png using Guid(f3015b2fe8101aa45a991cb79cd0970a) Importer(815301076,1909f56bfc062723c751e8b465ee728b)  -> (artifact id: '2a4e956caa55b1f17b02c2ec6540168d') in 0.038821 seconds
  Import took 0.051205 seconds .

========================================================================
Received Import Request.
  Time since last request: 31.339227 seconds.
  path: Assets/Assets2/MODELS/WALL/WALL.blend1
  artifactKey: Guid(670539e6bdc120444a00cb7349c2c11c) Importer(815301076,1909f56bfc062723c751e8b465ee728b)
Start importing Assets/Assets2/MODELS/WALL/WALL.blend1 using Guid(670539e6bdc120444a00cb7349c2c11c) Importer(815301076,1909f56bfc062723c751e8b465ee728b)  -> (artifact id: '690f4cc0676555977051b957d18634c9') in 0.018494 seconds
  Import took 0.029646 seconds .

========================================================================
Received Import Request.
  Time since last request: 4.142314 seconds.
  path: Assets/Assets2/MODELS/NEW MAP.blend
  artifactKey: Guid(0e378937337836548984afb52c99b04b) Importer(815301076,1909f56bfc062723c751e8b465ee728b)
Start importing Assets/Assets2/MODELS/NEW MAP.blend using Guid(0e378937337836548984afb52c99b04b) Importer(815301076,1909f56bfc062723c751e8b465ee728b)  -> (artifact id: '596cf0b165a0891eaaba45630133a420') in 0.670127 seconds
  Import took 0.680641 seconds .

========================================================================
Received Import Request.
  Time since last request: 0.285976 seconds.
  path: Assets/Assets2/MODELS/NEW MAP.blend1
  artifactKey: Guid(5464b273292e5a946b30f7d75de2fe85) Importer(815301076,1909f56bfc062723c751e8b465ee728b)
Start importing Assets/Assets2/MODELS/NEW MAP.blend1 using Guid(5464b273292e5a946b30f7d75de2fe85) Importer(815301076,1909f56bfc062723c751e8b465ee728b)  -> (artifact id: '25e5aa7148d6b39d7a8ee893251d0cad') in 0.015167 seconds
  Import took 0.032354 seconds .

========================================================================
Received Import Request.
  Time since last request: 2.585735 seconds.
  path: Assets/Assets2/MODELS/WALL/WALL.blend
  artifactKey: Guid(3d3242e978dbb0144b8d7b309b48be30) Importer(815301076,1909f56bfc062723c751e8b465ee728b)
Start importing Assets/Assets2/MODELS/WALL/WALL.blend using Guid(3d3242e978dbb0144b8d7b309b48be30) Importer(815301076,1909f56bfc062723c751e8b465ee728b)  -> (artifact id: '68dd1182c4d252ebcb91d78adc3c450d') in 0.052804 seconds
  Import took 0.065057 seconds .

========================================================================
Received Import Request.
  Time since last request: 2.079967 seconds.
  path: Assets/Assets2/MODELS/alexLP.fbx
  artifactKey: Guid(9a6c7db5ae45a2f4d892158001fd3382) Importer(815301076,1909f56bfc062723c751e8b465ee728b)
Start importing Assets/Assets2/MODELS/alexLP.fbx using Guid(9a6c7db5ae45a2f4d892158001fd3382) Importer(815301076,1909f56bfc062723c751e8b465ee728b)  -> (artifact id: '956d78b22e78920cc1cb9297b085066e') in 0.496483 seconds
  Import took 0.510395 seconds .

========================================================================
Received Import Request.
  Time since last request: 0.470511 seconds.
  path: Assets/Assets2/MODELS/alex2 (1).fbx
  artifactKey: Guid(6fe023c3f27aad3428dd29bb59080bb2) Importer(815301076,1909f56bfc062723c751e8b465ee728b)
Start importing Assets/Assets2/MODELS/alex2 (1).fbx using Guid(6fe023c3f27aad3428dd29bb59080bb2) Importer(815301076,1909f56bfc062723c751e8b465ee728b)  -> (artifact id: '9a9455121cf67497cc14d08d1cb4196f') in 0.266892 seconds
  Import took 0.281117 seconds .

========================================================================
Received Import Request.
  Time since last request: 42.772218 seconds.
  path: Assets/Assets2/MODELS/WALL/COLUMN.blend
  artifactKey: Guid(3346702e64249a7489a6c0990f609e25) Importer(815301076,1909f56bfc062723c751e8b465ee728b)
Start importing Assets/Assets2/MODELS/WALL/COLUMN.blend using Guid(3346702e64249a7489a6c0990f609e25) Importer(815301076,1909f56bfc062723c751e8b465ee728b)  -> (artifact id: 'b76c58075036f82f30d6385b25fead32') in 0.107733 seconds
  Import took 0.129021 seconds .

========================================================================
Received Prepare
Registering precompiled user dll's ...
Registered in 0.042147 seconds.
Begin MonoManager ReloadAssembly
Fallback handler could not load library C:/Program Files/2020.3.6f1/Editor/Data/Mono/lib/libdl
Fallback handler could not load library C:/Program Files/2020.3.6f1/Editor/Data/Mono/lib/libdl.dll
Fallback handler could not load library C:/Program Files/2020.3.6f1/Editor/Data/Mono/lib/libdl
Native extension for WindowsStandalone target not found
Refreshing native plugins compatible for Editor in 2.03 ms, found 6 plugins.
Preloading 0 native plugins for Editor in 0.00 ms.
Mono: successfully reloaded assembly
Fallback handler could not load library C:/Program Files/2020.3.6f1/Editor/Data/Mono/lib/libdl
Fallback handler could not load library C:/Program Files/2020.3.6f1/Editor/Data/Mono/lib/libdl.dll
Fallback handler could not load library C:/Program Files/2020.3.6f1/Editor/Data/Mono/lib/libdl
Fallback handler could not load library C:/Program Files/2020.3.6f1/Editor/Data/Mono/lib/libdl
Fallback handler could not load library C:/Program Files/2020.3.6f1/Editor/Data/Mono/lib/libdl.dll
Fallback handler could not load library C:/Program Files/2020.3.6f1/Editor/Data/Mono/lib/libdl
- Completed reload, in  2.990 seconds
Platform modules already initialized, skipping
Shader 'Universal Render Pipeline/Particles/Lit': fallback shader 'Universal Render Pipeline/Particles/SimpleLit' not found
Shader 'Universal Render Pipeline/Particles/Lit': fallback shader 'Universal Render Pipeline/Particles/SimpleLit' not found
Refreshing native plugins compatible for Editor in 1.86 ms, found 6 plugins.
Preloading 0 native plugins for Editor in 0.00 ms.
Unloading 3742 Unused Serialized files (Serialized files now loaded: 0)
System memory in use before: 190.7 MB.
System memory in use after: 181.2 MB.

Unloading 173 unused Assets to reduce memory usage. Loaded Objects now: 4427.
Total: 13.204800 ms (FindLiveObjects: 0.489000 ms CreateObjectMapping: 0.264800 ms MarkObjects: 4.183800 ms  DeleteObjects: 8.265100 ms)

========================================================================
Received Import Request.
  Time since last request: 158.846680 seconds.
  path: ProjectSettings/TagManager.asset
  artifactKey: Guid(00000000000000003000000000000000) Importer(815301076,1909f56bfc062723c751e8b465ee728b)
Start importing ProjectSettings/TagManager.asset using Guid(00000000000000003000000000000000) Importer(815301076,1909f56bfc062723c751e8b465ee728b)  -> (artifact id: '0485730e69e544fdc94b5113d7ff3755') in 0.042971 seconds
  Import took 0.056436 seconds .

========================================================================
Received Prepare
Registering precompiled user dll's ...
Registered in 0.042088 seconds.
Begin MonoManager ReloadAssembly
Fallback handler could not load library C:/Program Files/2020.3.6f1/Editor/Data/Mono/lib/libdl
Fallback handler could not load library C:/Program Files/2020.3.6f1/Editor/Data/Mono/lib/libdl.dll
Fallback handler could not load library C:/Program Files/2020.3.6f1/Editor/Data/Mono/lib/libdl
Native extension for WindowsStandalone target not found
Refreshing native plugins compatible for Editor in 1.95 ms, found 6 plugins.
Preloading 0 native plugins for Editor in 0.00 ms.
Mono: successfully reloaded assembly
Fallback handler could not load library C:/Program Files/2020.3.6f1/Editor/Data/Mono/lib/libdl
Fallback handler could not load library C:/Program Files/2020.3.6f1/Editor/Data/Mono/lib/libdl.dll
Fallback handler could not load library C:/Program Files/2020.3.6f1/Editor/Data/Mono/lib/libdl
Fallback handler could not load library C:/Program Files/2020.3.6f1/Editor/Data/Mono/lib/libdl
Fallback handler could not load library C:/Program Files/2020.3.6f1/Editor/Data/Mono/lib/libdl.dll
Fallback handler could not load library C:/Program Files/2020.3.6f1/Editor/Data/Mono/lib/libdl
- Completed reload, in  2.541 seconds
Platform modules already initialized, skipping
Shader 'Universal Render Pipeline/Particles/Lit': fallback shader 'Universal Render Pipeline/Particles/SimpleLit' not found
Shader 'Universal Render Pipeline/Particles/Lit': fallback shader 'Universal Render Pipeline/Particles/SimpleLit' not found
Refreshing native plugins compatible for Editor in 3.62 ms, found 6 plugins.
Preloading 0 native plugins for Editor in 0.00 ms.
Unloading 3742 Unused Serialized files (Serialized files now loaded: 0)
System memory in use before: 190.6 MB.
System memory in use after: 181.2 MB.

Unloading 174 unused Assets to reduce memory usage. Loaded Objects now: 4430.
Total: 17.186800 ms (FindLiveObjects: 0.705200 ms CreateObjectMapping: 0.336400 ms MarkObjects: 4.818700 ms  DeleteObjects: 11.323200 ms)

========================================================================
Received Import Request.
  Time since last request: 1190.992824 seconds.
  path: Assets/Assets2/MODELS/WALL/COLUMN.blend1
  artifactKey: Guid(373bf0f7443aae743bf198ebfc21dfb2) Importer(815301076,1909f56bfc062723c751e8b465ee728b)
Start importing Assets/Assets2/MODELS/WALL/COLUMN.blend1 using Guid(373bf0f7443aae743bf198ebfc21dfb2) Importer(815301076,1909f56bfc062723c751e8b465ee728b)  -> (artifact id: '49b0ab6f90ea2eb149c512903de659d3') in 0.043157 seconds
  Import took 0.055902 seconds .

========================================================================
Received Import Request.
  Time since last request: 1138.400284 seconds.
  path: Assets/Assets2/MODELS/NEW MAP.blend
  artifactKey: Guid(0e378937337836548984afb52c99b04b) Importer(815301076,1909f56bfc062723c751e8b465ee728b)
Start importing Assets/Assets2/MODELS/NEW MAP.blend using Guid(0e378937337836548984afb52c99b04b) Importer(815301076,1909f56bfc062723c751e8b465ee728b)  -> (artifact id: 'd330439a88de56a1febb16de5a2437d3') in 0.790228 seconds
  Import took 0.812666 seconds .

========================================================================
Received Import Request.
  Time since last request: 2184.968159 seconds.
  path: Assets/Assets2/MATERIALS/Environment materials/SIMPLE WHITE 2.mat
  artifactKey: Guid(65b2b7e8179e20c47ae900ef972270e1) Importer(815301076,1909f56bfc062723c751e8b465ee728b)
Start importing Assets/Assets2/MATERIALS/Environment materials/SIMPLE WHITE 2.mat using Guid(65b2b7e8179e20c47ae900ef972270e1) Importer(815301076,1909f56bfc062723c751e8b465ee728b)  -> (artifact id: 'e62e645bff2fb3418277a9b655b23652') in 0.108779 seconds
  Import took 0.126563 seconds .

========================================================================
Received Import Request.
  Time since last request: 0.081873 seconds.
  path: Assets/Assets2/MATERIALS/Environment materials/SIMPLE WHITE 2.mat
  artifactKey: Guid(65b2b7e8179e20c47ae900ef972270e1) Importer(815301076,1909f56bfc062723c751e8b465ee728b)
Start importing Assets/Assets2/MATERIALS/Environment materials/SIMPLE WHITE 2.mat using Guid(65b2b7e8179e20c47ae900ef972270e1) Importer(815301076,1909f56bfc062723c751e8b465ee728b)  -> (artifact id: 'e62e645bff2fb3418277a9b655b23652') in 0.024127 seconds
  Import took 0.041725 seconds .

========================================================================
Received Import Request.
  Time since last request: 5362.424394 seconds.
  path: Assets/Assets2/MODELS/NEW MAP.blend
  artifactKey: Guid(0e378937337836548984afb52c99b04b) Importer(815301076,1909f56bfc062723c751e8b465ee728b)
Start importing Assets/Assets2/MODELS/NEW MAP.blend using Guid(0e378937337836548984afb52c99b04b) Importer(815301076,1909f56bfc062723c751e8b465ee728b)  -> (artifact id: 'fa58039b9ac7c0354fd5e4a608a9e52b') in 0.364206 seconds
  Import took 0.389687 seconds .

========================================================================
Received Import Request.
  Time since last request: 5.173858 seconds.
  path: Assets/Assets2/MODELS/NEW MAP 1.blend
  artifactKey: Guid(91ff4025744506744b38ed943cee21db) Importer(815301076,1909f56bfc062723c751e8b465ee728b)
Start importing Assets/Assets2/MODELS/NEW MAP 1.blend using Guid(91ff4025744506744b38ed943cee21db) Importer(815301076,1909f56bfc062723c751e8b465ee728b)  -> (artifact id: 'c6539046a3d3e9198d4a2e6315e10b0e') in 0.357248 seconds
  Import took 0.371018 seconds .

========================================================================
Received Import Request.
  Time since last request: 22.747794 seconds.
  path: Assets/Assets2/MODELS/FLOOR.blend
  artifactKey: Guid(91ff4025744506744b38ed943cee21db) Importer(815301076,1909f56bfc062723c751e8b465ee728b)
Start importing Assets/Assets2/MODELS/FLOOR.blend using Guid(91ff4025744506744b38ed943cee21db) Importer(815301076,1909f56bfc062723c751e8b465ee728b)  -> (artifact id: '9eafab9cc51aff1af4a84232915dda7f') in 0.344079 seconds
  Import took 0.358082 seconds .

========================================================================
Received Import Request.
  Time since last request: 44.276909 seconds.
  path: Assets/Assets2/MODELS/FLOOR.blend
  artifactKey: Guid(91ff4025744506744b38ed943cee21db) Importer(815301076,1909f56bfc062723c751e8b465ee728b)
Start importing Assets/Assets2/MODELS/FLOOR.blend using Guid(91ff4025744506744b38ed943cee21db) Importer(815301076,1909f56bfc062723c751e8b465ee728b)  -> (artifact id: '9ae0e82b643b9bbeb768d733e2fa633c') in 0.054404 seconds
  Import took 0.068487 seconds .

========================================================================
Received Import Request.
  Time since last request: 0.032457 seconds.
  path: Assets/Assets2/MODELS/FLOOR.blend
  artifactKey: Guid(91ff4025744506744b38ed943cee21db) Importer(815301076,1909f56bfc062723c751e8b465ee728b)
Start importing Assets/Assets2/MODELS/FLOOR.blend using Guid(91ff4025744506744b38ed943cee21db) Importer(815301076,1909f56bfc062723c751e8b465ee728b)  -> (artifact id: '9ae0e82b643b9bbeb768d733e2fa633c') in 0.038379 seconds
  Import took 0.052805 seconds .

========================================================================
Received Import Request.
  Time since last request: 293.541658 seconds.
  path: Assets/Assets2/MODELS/FLOOR.blend
  artifactKey: Guid(91ff4025744506744b38ed943cee21db) Importer(815301076,1909f56bfc062723c751e8b465ee728b)
Start importing Assets/Assets2/MODELS/FLOOR.blend using Guid(91ff4025744506744b38ed943cee21db) Importer(815301076,1909f56bfc062723c751e8b465ee728b)  -> (artifact id: 'b79308f87402b54cce6f746d6a3a1255') in 0.084459 seconds
  Import took 0.105231 seconds .

========================================================================
Received Import Request.
  Time since last request: 0.095596 seconds.
  path: Assets/Assets2/MODELS/FLOOR.blend
  artifactKey: Guid(91ff4025744506744b38ed943cee21db) Importer(815301076,1909f56bfc062723c751e8b465ee728b)
Start importing Assets/Assets2/MODELS/FLOOR.blend using Guid(91ff4025744506744b38ed943cee21db) Importer(815301076,1909f56bfc062723c751e8b465ee728b)  -> (artifact id: 'b79308f87402b54cce6f746d6a3a1255') in 0.062661 seconds
  Import took 0.078440 seconds .

========================================================================
Received Prepare
Registering precompiled user dll's ...
Registered in 0.057002 seconds.
Begin MonoManager ReloadAssembly
Fallback handler could not load library C:/Program Files/2020.3.6f1/Editor/Data/Mono/lib/libdl
Fallback handler could not load library C:/Program Files/2020.3.6f1/Editor/Data/Mono/lib/libdl.dll
Fallback handler could not load library C:/Program Files/2020.3.6f1/Editor/Data/Mono/lib/libdl
Native extension for WindowsStandalone target not found
Refreshing native plugins compatible for Editor in 1.59 ms, found 6 plugins.
Preloading 0 native plugins for Editor in 0.00 ms.
Mono: successfully reloaded assembly
Fallback handler could not load library C:/Program Files/2020.3.6f1/Editor/Data/Mono/lib/libdl
Fallback handler could not load library C:/Program Files/2020.3.6f1/Editor/Data/Mono/lib/libdl.dll
Fallback handler could not load library C:/Program Files/2020.3.6f1/Editor/Data/Mono/lib/libdl
Fallback handler could not load library C:/Program Files/2020.3.6f1/Editor/Data/Mono/lib/libdl
Fallback handler could not load library C:/Program Files/2020.3.6f1/Editor/Data/Mono/lib/libdl.dll
Fallback handler could not load library C:/Program Files/2020.3.6f1/Editor/Data/Mono/lib/libdl
- Completed reload, in  2.482 seconds
Platform modules already initialized, skipping
Shader 'Universal Render Pipeline/Particles/Lit': fallback shader 'Universal Render Pipeline/Particles/SimpleLit' not found
Shader 'Universal Render Pipeline/Particles/Lit': fallback shader 'Universal Render Pipeline/Particles/SimpleLit' not found
Refreshing native plugins compatible for Editor in 1.45 ms, found 6 plugins.
Preloading 0 native plugins for Editor in 0.00 ms.
Unloading 3742 Unused Serialized files (Serialized files now loaded: 0)
System memory in use before: 191.5 MB.
System memory in use after: 182.0 MB.

Unloading 173 unused Assets to reduce memory usage. Loaded Objects now: 4469.
Total: 13.325100 ms (FindLiveObjects: 0.530100 ms CreateObjectMapping: 0.234400 ms MarkObjects: 4.213500 ms  DeleteObjects: 8.344200 ms)

========================================================================
Received Prepare
Registering precompiled user dll's ...
Registered in 0.183232 seconds.
Begin MonoManager ReloadAssembly
Fallback handler could not load library C:/Program Files/2020.3.6f1/Editor/Data/Mono/lib/libdl
Fallback handler could not load library C:/Program Files/2020.3.6f1/Editor/Data/Mono/lib/libdl.dll
Fallback handler could not load library C:/Program Files/2020.3.6f1/Editor/Data/Mono/lib/libdl
Native extension for WindowsStandalone target not found
Refreshing native plugins compatible for Editor in 9.25 ms, found 6 plugins.
Preloading 0 native plugins for Editor in 0.00 ms.
Mono: successfully reloaded assembly
Fallback handler could not load library C:/Program Files/2020.3.6f1/Editor/Data/Mono/lib/libdl
Fallback handler could not load library C:/Program Files/2020.3.6f1/Editor/Data/Mono/lib/libdl.dll
Fallback handler could not load library C:/Program Files/2020.3.6f1/Editor/Data/Mono/lib/libdl
Fallback handler could not load library C:/Program Files/2020.3.6f1/Editor/Data/Mono/lib/libdl
Fallback handler could not load library C:/Program Files/2020.3.6f1/Editor/Data/Mono/lib/libdl.dll
Fallback handler could not load library C:/Program Files/2020.3.6f1/Editor/Data/Mono/lib/libdl
- Completed reload, in  8.352 seconds
Platform modules already initialized, skipping
Shader 'Universal Render Pipeline/Particles/Lit': fallback shader 'Universal Render Pipeline/Particles/SimpleLit' not found
Shader 'Universal Render Pipeline/Particles/Lit': fallback shader 'Universal Render Pipeline/Particles/SimpleLit' not found
Refreshing native plugins compatible for Editor in 1.70 ms, found 6 plugins.
Preloading 0 native plugins for Editor in 0.00 ms.
Unloading 3742 Unused Serialized files (Serialized files now loaded: 0)
System memory in use before: 191.5 MB.
System memory in use after: 182.0 MB.

Unloading 173 unused Assets to reduce memory usage. Loaded Objects now: 4472.
Total: 24.977800 ms (FindLiveObjects: 0.647100 ms CreateObjectMapping: 0.312100 ms MarkObjects: 4.922000 ms  DeleteObjects: 19.092800 ms)

========================================================================
Received Import Request.
  Time since last request: 6319.454701 seconds.
  path: Assets/Assets2/TEXTURES/GROUND_Base_Color.png
  artifactKey: Guid(9ef5ed86e2da8ce4b818d34696909b09) Importer(815301076,1909f56bfc062723c751e8b465ee728b)
Start importing Assets/Assets2/TEXTURES/GROUND_Base_Color.png using Guid(9ef5ed86e2da8ce4b818d34696909b09) Importer(815301076,1909f56bfc062723c751e8b465ee728b)  -> (artifact id: '702d9bc8b2fca32dad455b5e9e1272ad') in 0.081762 seconds
  Import took 0.099254 seconds .

========================================================================
Received Import Request.
  Time since last request: 0.010800 seconds.
  path: Assets/Assets2/TEXTURES/GROUND_Base_Color.png
  artifactKey: Guid(9ef5ed86e2da8ce4b818d34696909b09) Importer(815301076,1909f56bfc062723c751e8b465ee728b)
Start importing Assets/Assets2/TEXTURES/GROUND_Base_Color.png using Guid(9ef5ed86e2da8ce4b818d34696909b09) Importer(815301076,1909f56bfc062723c751e8b465ee728b)  -> (artifact id: '702d9bc8b2fca32dad455b5e9e1272ad') in 0.021430 seconds
  Import took 0.033832 seconds .

========================================================================
Received Import Request.
  Time since last request: 8.410441 seconds.
  path: Assets/Assets2/TEXTURES/GroundTexture.png
  artifactKey: Guid(9ef5ed86e2da8ce4b818d34696909b09) Importer(815301076,1909f56bfc062723c751e8b465ee728b)
Start importing Assets/Assets2/TEXTURES/GroundTexture.png using Guid(9ef5ed86e2da8ce4b818d34696909b09) Importer(815301076,1909f56bfc062723c751e8b465ee728b)  -> (artifact id: '63854e9111616751df5892a21de9144c') in 0.040156 seconds
  Import took 0.054258 seconds .

========================================================================
Received Import Request.
  Time since last request: 4.294168 seconds.
  path: Assets/Assets2/MODELS/FLOOR.blend1
  artifactKey: Guid(15ce42309b0c8234a925dd189783559a) Importer(815301076,1909f56bfc062723c751e8b465ee728b)
Start importing Assets/Assets2/MODELS/FLOOR.blend1 using Guid(15ce42309b0c8234a925dd189783559a) Importer(815301076,1909f56bfc062723c751e8b465ee728b)  -> (artifact id: 'b91dc910f397052bf55b9d3cd889e3b7') in 0.014013 seconds
  Import took 0.029047 seconds .

========================================================================
Received Import Request.
  Time since last request: 3.069268 seconds.
  path: Assets/Assets2/MODELS/NEW MAP.blend1
  artifactKey: Guid(5464b273292e5a946b30f7d75de2fe85) Importer(815301076,1909f56bfc062723c751e8b465ee728b)
Start importing Assets/Assets2/MODELS/NEW MAP.blend1 using Guid(5464b273292e5a946b30f7d75de2fe85) Importer(815301076,1909f56bfc062723c751e8b465ee728b)  -> (artifact id: 'a86665c2c19b2db4a4e197ad4d3767ae') in 0.020175 seconds
  Import took 0.033004 seconds .

========================================================================
Received Import Request.
  Time since last request: 3.613994 seconds.
  path: Assets/Assets2/MODELS/Low Poly Knife.blend
  artifactKey: Guid(c79399d761f829743a6f4f3a5ad880a2) Importer(815301076,1909f56bfc062723c751e8b465ee728b)
Start importing Assets/Assets2/MODELS/Low Poly Knife.blend using Guid(c79399d761f829743a6f4f3a5ad880a2) Importer(815301076,1909f56bfc062723c751e8b465ee728b)  -> (artifact id: 'fd94b5477a9dcbf26d5f2e7a657d2461') in 0.447667 seconds
  Import took 0.461207 seconds .

========================================================================
Received Import Request.
  Time since last request: 10.485087 seconds.
  path: Assets/Assets2/MATERIALS/Environment materials
  artifactKey: Guid(8945b97054169b04a86d2799f6de95af) Importer(815301076,1909f56bfc062723c751e8b465ee728b)
Start importing Assets/Assets2/MATERIALS/Environment materials using Guid(8945b97054169b04a86d2799f6de95af) Importer(815301076,1909f56bfc062723c751e8b465ee728b)  -> (artifact id: 'bc8c6d76821a2369938fb309572572b2') in 0.024037 seconds
  Import took 0.034734 seconds .

========================================================================
Received Import Request.
  Time since last request: 45.609127 seconds.
  path: Assets/Assets2/TEXTURES/StoneTextures.png
  artifactKey: Guid(b9dae159ce8852543aae5800ad0edbb9) Importer(815301076,1909f56bfc062723c751e8b465ee728b)
Start importing Assets/Assets2/TEXTURES/StoneTextures.png using Guid(b9dae159ce8852543aae5800ad0edbb9) Importer(815301076,1909f56bfc062723c751e8b465ee728b)  -> (artifact id: '0bb68cc3b66deff3b53c6fefea989d20') in 0.037713 seconds
  Import took 0.049722 seconds .

========================================================================
Received Import Request.
  Time since last request: 27.465610 seconds.
  path: Assets/Assets2/TEXTURES/GridBox_Default.png
  artifactKey: Guid(6e04e60bf0c64344ba2115228e014678) Importer(815301076,1909f56bfc062723c751e8b465ee728b)
Start importing Assets/Assets2/TEXTURES/GridBox_Default.png using Guid(6e04e60bf0c64344ba2115228e014678) Importer(815301076,1909f56bfc062723c751e8b465ee728b)  -> (artifact id: 'f1c87fb6fe99d90b8688d1aa7380f969') in 0.042167 seconds
  Import took 0.054048 seconds .

========================================================================
Received Import Request.
  Time since last request: 35.934487 seconds.
  path: Assets/Assets2/MODELS/FLOOR.blend
  artifactKey: Guid(91ff4025744506744b38ed943cee21db) Importer(815301076,1909f56bfc062723c751e8b465ee728b)
Start importing Assets/Assets2/MODELS/FLOOR.blend using Guid(91ff4025744506744b38ed943cee21db) Importer(815301076,1909f56bfc062723c751e8b465ee728b)  -> (artifact id: '1caebc6a66078145f8e840460c983f59') in 0.148866 seconds
  Import took 0.190407 seconds .

========================================================================
Received Import Request.
  Time since last request: 31.492801 seconds.
  path: Assets/Assets2/MODELS/NEW MAP.blend1
  artifactKey: Guid(5464b273292e5a946b30f7d75de2fe85) Importer(815301076,1909f56bfc062723c751e8b465ee728b)
Start importing Assets/Assets2/MODELS/NEW MAP.blend1 using Guid(5464b273292e5a946b30f7d75de2fe85) Importer(815301076,1909f56bfc062723c751e8b465ee728b)  -> (artifact id: 'ba515e9dda16f0f6412ed6e5e21569fa') in 0.012857 seconds
  Import took 0.025789 seconds .

========================================================================
Received Import Request.
  Time since last request: 2.900294 seconds.
  path: Assets/Assets2/MODELS/NEW MAP.blend
  artifactKey: Guid(0e378937337836548984afb52c99b04b) Importer(815301076,1909f56bfc062723c751e8b465ee728b)
Start importing Assets/Assets2/MODELS/NEW MAP.blend using Guid(0e378937337836548984afb52c99b04b) Importer(815301076,1909f56bfc062723c751e8b465ee728b)  -> (artifact id: 'afe92d10d575daea9bd2e8a68d316900') in 0.315161 seconds
  Import took 0.331770 seconds .

========================================================================
Received Import Request.
  Time since last request: 10.772828 seconds.
  path: Assets/Assets2/MODELS/NEW MAP 1.blend
  artifactKey: Guid(a6541cc63dfafbe4380daa53037d797c) Importer(815301076,1909f56bfc062723c751e8b465ee728b)
Start importing Assets/Assets2/MODELS/NEW MAP 1.blend using Guid(a6541cc63dfafbe4380daa53037d797c) Importer(815301076,1909f56bfc062723c751e8b465ee728b)  -> (artifact id: 'cb8782884d80d40486806ee3e3d5aafa') in 0.388025 seconds
  Import took 0.405881 seconds .

========================================================================
Received Import Request.
  Time since last request: 15.545375 seconds.
  path: Assets/Assets2/MODELS/FLOOR.blend
  artifactKey: Guid(a6541cc63dfafbe4380daa53037d797c) Importer(815301076,1909f56bfc062723c751e8b465ee728b)
Start importing Assets/Assets2/MODELS/FLOOR.blend using Guid(a6541cc63dfafbe4380daa53037d797c) Importer(815301076,1909f56bfc062723c751e8b465ee728b)  -> (artifact id: '2285906c7306b696d908157ff5042e72') in 0.348597 seconds
  Import took 0.360454 seconds .

========================================================================
Received Import Request.
  Time since last request: 33.129687 seconds.
  path: Assets/Assets2/MODELS/FLOOR.blend
  artifactKey: Guid(a6541cc63dfafbe4380daa53037d797c) Importer(815301076,1909f56bfc062723c751e8b465ee728b)
Start importing Assets/Assets2/MODELS/FLOOR.blend using Guid(a6541cc63dfafbe4380daa53037d797c) Importer(815301076,1909f56bfc062723c751e8b465ee728b)  -> (artifact id: 'bc375b1b7b0c85aae2971720793b7b51') in 0.086083 seconds
  Import took 0.103986 seconds .

========================================================================
Received Import Request.
  Time since last request: 22.758428 seconds.
  path: Assets/Assets2/MODELS/NEW MAP.blend
  artifactKey: Guid(0e378937337836548984afb52c99b04b) Importer(815301076,1909f56bfc062723c751e8b465ee728b)
Start importing Assets/Assets2/MODELS/NEW MAP.blend using Guid(0e378937337836548984afb52c99b04b) Importer(815301076,1909f56bfc062723c751e8b465ee728b)  -> (artifact id: '799c9d886ff634b5e39a823e60bbb291') in 0.297950 seconds
  Import took 0.311086 seconds .

========================================================================
Received Import Request.
  Time since last request: 0.000962 seconds.
  path: Assets/Assets2/MODELS/FLOOR.blend1
  artifactKey: Guid(15ce42309b0c8234a925dd189783559a) Importer(815301076,1909f56bfc062723c751e8b465ee728b)
Start importing Assets/Assets2/MODELS/FLOOR.blend1 using Guid(15ce42309b0c8234a925dd189783559a) Importer(815301076,1909f56bfc062723c751e8b465ee728b)  -> (artifact id: '3fb60a168f6bef7e83845311ab6a9fe7') in 0.015237 seconds
  Import took 0.027033 seconds .

========================================================================
Received Import Request.
  Time since last request: 40.340264 seconds.
  path: Assets/Assets2/MODELS/NEW MAP.blend1
  artifactKey: Guid(5464b273292e5a946b30f7d75de2fe85) Importer(815301076,1909f56bfc062723c751e8b465ee728b)
Start importing Assets/Assets2/MODELS/NEW MAP.blend1 using Guid(5464b273292e5a946b30f7d75de2fe85) Importer(815301076,1909f56bfc062723c751e8b465ee728b)  -> (artifact id: '81cc5bb2a624565561724cce2f2b2ae9') in 0.014769 seconds
  Import took 0.027946 seconds .

========================================================================
Received Import Request.
  Time since last request: 105.555328 seconds.
  path: Assets/Assets2/MODELS/FLOOR.blend
  artifactKey: Guid(a6541cc63dfafbe4380daa53037d797c) Importer(815301076,1909f56bfc062723c751e8b465ee728b)
Start importing Assets/Assets2/MODELS/FLOOR.blend using Guid(a6541cc63dfafbe4380daa53037d797c) Importer(815301076,1909f56bfc062723c751e8b465ee728b)  -> (artifact id: 'b8769da885dcb668805e4109f434f9db') in 0.160030 seconds
  Import took 0.181677 seconds .

========================================================================
Received Import Request.
  Time since last request: 81.087765 seconds.
  path: Assets/Assets2/MODELS/FLOOR.blend
  artifactKey: Guid(a6541cc63dfafbe4380daa53037d797c) Importer(815301076,1909f56bfc062723c751e8b465ee728b)
Start importing Assets/Assets2/MODELS/FLOOR.blend using Guid(a6541cc63dfafbe4380daa53037d797c) Importer(815301076,1909f56bfc062723c751e8b465ee728b)  -> (artifact id: '17411fda81e0370097d1cae75b204c40') in 0.095205 seconds
  Import took 0.120580 seconds .

========================================================================
Received Import Request.
  Time since last request: 1069.985173 seconds.
  path: Assets/Assets2/MODELS/NEW MAP.blend
  artifactKey: Guid(0e378937337836548984afb52c99b04b) Importer(815301076,1909f56bfc062723c751e8b465ee728b)
Start importing Assets/Assets2/MODELS/NEW MAP.blend using Guid(0e378937337836548984afb52c99b04b) Importer(815301076,1909f56bfc062723c751e8b465ee728b)  -> (artifact id: 'b523b81b58e8f78f0adff9256d430c7b') in 0.413499 seconds
  Import took 0.454636 seconds .

AssetImportWorkerClient::OnTransportError - code=2 error=End of file
