Using pre-set license
Built from '2020.3/staging' branch; Version is '2020.3.6f1 (338bb68529b2) revision 3378102'; Using compiler version '192528614'; Build Type 'Release'
OS: 'Windows 10 Pro; OS build 19042.1110; Version 2009; 64bit' Language: 'en' Physical Memory: 16161 MB
BatchMode: 1, IsHumanControllingUs: 0, StartBugReporterOnCrash: 0, Is64bit: 1, IsPro: 0

 COMMAND LINE ARGUMENTS:
C:\Program Files\2020.3.6f1\Editor\Unity.exe
-adb2
-batchMode
-noUpm
-name
AssetImportWorker25
-projectPath
C:/Users/kahyt/OneDrive/Documents/GitHub/FantasyRPG
-logFile
Logs/AssetImportWorker25.log
-srvPort
51017
Successfully changed project path to: C:/Users/kahyt/OneDrive/Documents/GitHub/FantasyRPG
C:/Users/kahyt/OneDrive/Documents/GitHub/FantasyRPG
Using Asset Import Pipeline V2.
Refreshing native plugins compatible for Editor in 1243.93 ms, found 6 plugins.
Preloading 0 native plugins for Editor in 0.00 ms.
Initialize engine version: 2020.3.6f1 (338bb68529b2)
[Subsystems] Discovering subsystems at path C:/Program Files/2020.3.6f1/Editor/Data/Resources/UnitySubsystems
[Subsystems] Discovering subsystems at path C:/Users/kahyt/OneDrive/Documents/GitHub/FantasyRPG/Assets
GfxDevice: creating device client; threaded=0
Direct3D:
    Version:  Direct3D 11.0 [level 11.1]
    Renderer: NVIDIA GeForce MX350 (ID=0x1c94)
    Vendor:   
    VRAM:     1979 MB
    Driver:   30.0.14.7141
Shader 'Universal Render Pipeline/Particles/Lit': fallback shader 'Universal Render Pipeline/Particles/SimpleLit' not found
Initialize mono
Mono path[0] = 'C:/Program Files/2020.3.6f1/Editor/Data/Managed'
Mono path[1] = 'C:/Program Files/2020.3.6f1/Editor/Data/MonoBleedingEdge/lib/mono/unityjit'
Mono config path = 'C:/Program Files/2020.3.6f1/Editor/Data/MonoBleedingEdge/etc'
Using monoOptions --debugger-agent=transport=dt_socket,embedding=1,server=y,suspend=n,address=127.0.0.1:56128
Begin MonoManager ReloadAssembly
Registering precompiled unity dll's ...
Register platform support module: C:/Program Files/2020.3.6f1/Editor/Data/PlaybackEngines/WindowsStandaloneSupport/UnityEditor.WindowsStandalone.Extensions.dll
Registered in 0.006956 seconds.
Native extension for WindowsStandalone target not found
Refreshing native plugins compatible for Editor in 170.30 ms, found 6 plugins.
Preloading 0 native plugins for Editor in 0.00 ms.
Mono: successfully reloaded assembly
- Completed reload, in  5.447 seconds
Platform modules already initialized, skipping
Registering precompiled user dll's ...
Registered in 0.040320 seconds.
Begin MonoManager ReloadAssembly
Native extension for WindowsStandalone target not found
Refreshing native plugins compatible for Editor in 411.71 ms, found 6 plugins.
Preloading 0 native plugins for Editor in 0.00 ms.
Mono: successfully reloaded assembly
Fallback handler could not load library C:/Program Files/2020.3.6f1/Editor/Data/Mono/lib/libdl
Fallback handler could not load library C:/Program Files/2020.3.6f1/Editor/Data/Mono/lib/libdl.dll
Fallback handler could not load library C:/Program Files/2020.3.6f1/Editor/Data/Mono/lib/libdl
Fallback handler could not load library C:/Program Files/2020.3.6f1/Editor/Data/Mono/lib/libdl
Fallback handler could not load library C:/Program Files/2020.3.6f1/Editor/Data/Mono/lib/libdl.dll
Fallback handler could not load library C:/Program Files/2020.3.6f1/Editor/Data/Mono/lib/libdl
- Completed reload, in  9.885 seconds
Platform modules already initialized, skipping
========================================================================
Worker process is ready to serve import requests
Shader 'Universal Render Pipeline/Particles/Lit': fallback shader 'Universal Render Pipeline/Particles/SimpleLit' not found
Launched and connected shader compiler UnityShaderCompiler.exe after 0.24 seconds
Refreshing native plugins compatible for Editor in 1.81 ms, found 6 plugins.
Preloading 0 native plugins for Editor in 0.00 ms.
Unloading 3772 Unused Serialized files (Serialized files now loaded: 0)
System memory in use before: 176.1 MB.
System memory in use after: 176.3 MB.

Unloading 70 unused Assets to reduce memory usage. Loaded Objects now: 4334.
Total: 4.783800 ms (FindLiveObjects: 0.434100 ms CreateObjectMapping: 0.206100 ms MarkObjects: 4.004300 ms  DeleteObjects: 0.137500 ms)

========================================================================
Received Import Request.
  path: Assets/MATERIALS/Environment materials/CobbleStone.mat
  artifactKey: Guid(07399b454f2509d4cb9225d118ec33cf) Importer(815301076,1909f56bfc062723c751e8b465ee728b)
Start importing Assets/MATERIALS/Environment materials/CobbleStone.mat using Guid(07399b454f2509d4cb9225d118ec33cf) Importer(815301076,1909f56bfc062723c751e8b465ee728b)  -> (artifact id: '52ea812934e2d6e38e315e2e671f54f5') in 1.216105 seconds
  Import took 1.264825 seconds .

========================================================================
Received Import Request.
  Time since last request: 236.244765 seconds.
  path: Assets/Cube (5).obj
  artifactKey: Guid(e8521a745646f3e48b4d73e160836c3b) Importer(815301076,1909f56bfc062723c751e8b465ee728b)
Start importing Assets/Cube (5).obj using Guid(e8521a745646f3e48b4d73e160836c3b) Importer(815301076,1909f56bfc062723c751e8b465ee728b)  -> (artifact id: 'f2424344783d78aa8d86611d658e72c2') in 0.776119 seconds
  Import took 0.820600 seconds .

========================================================================
Received Import Request.
  Time since last request: 0.001375 seconds.
  path: Assets/ho25f7iqvye71.png
  artifactKey: Guid(cf710414dcbf4d048ae88fe705369fbb) Importer(815301076,1909f56bfc062723c751e8b465ee728b)
Start importing Assets/ho25f7iqvye71.png using Guid(cf710414dcbf4d048ae88fe705369fbb) Importer(815301076,1909f56bfc062723c751e8b465ee728b)  -> (artifact id: '1b10d52056b6fdb23ae32aa1b279a47d') in 0.288535 seconds
  Import took 0.354144 seconds .

========================================================================
Received Import Request.
  Time since last request: 0.002826 seconds.
  path: Assets/Cube (5).obj
  artifactKey: Guid(e8521a745646f3e48b4d73e160836c3b) Importer(815301076,1909f56bfc062723c751e8b465ee728b)
Start importing Assets/Cube (5).obj using Guid(e8521a745646f3e48b4d73e160836c3b) Importer(815301076,1909f56bfc062723c751e8b465ee728b)  -> (artifact id: 'f2424344783d78aa8d86611d658e72c2') in 0.179826 seconds
  Import took 0.229485 seconds .

========================================================================
Received Prepare
Registering precompiled user dll's ...
Registered in 0.042982 seconds.
Begin MonoManager ReloadAssembly
Fallback handler could not load library C:/Program Files/2020.3.6f1/Editor/Data/Mono/lib/libdl
Fallback handler could not load library C:/Program Files/2020.3.6f1/Editor/Data/Mono/lib/libdl.dll
Fallback handler could not load library C:/Program Files/2020.3.6f1/Editor/Data/Mono/lib/libdl
Native extension for WindowsStandalone target not found
Refreshing native plugins compatible for Editor in 2.01 ms, found 6 plugins.
Preloading 0 native plugins for Editor in 0.00 ms.
Mono: successfully reloaded assembly
Fallback handler could not load library C:/Program Files/2020.3.6f1/Editor/Data/Mono/lib/libdl
Fallback handler could not load library C:/Program Files/2020.3.6f1/Editor/Data/Mono/lib/libdl.dll
Fallback handler could not load library C:/Program Files/2020.3.6f1/Editor/Data/Mono/lib/libdl
Fallback handler could not load library C:/Program Files/2020.3.6f1/Editor/Data/Mono/lib/libdl
Fallback handler could not load library C:/Program Files/2020.3.6f1/Editor/Data/Mono/lib/libdl.dll
Fallback handler could not load library C:/Program Files/2020.3.6f1/Editor/Data/Mono/lib/libdl
- Completed reload, in  3.082 seconds
Platform modules already initialized, skipping
Shader 'Universal Render Pipeline/Particles/Lit': fallback shader 'Universal Render Pipeline/Particles/SimpleLit' not found
Refreshing native plugins compatible for Editor in 1.95 ms, found 6 plugins.
Preloading 0 native plugins for Editor in 0.00 ms.
Unloading 3594 Unused Serialized files (Serialized files now loaded: 0)
System memory in use before: 168.1 MB.
System memory in use after: 168.3 MB.

Unloading 63 unused Assets to reduce memory usage. Loaded Objects now: 4419.
Total: 5.602500 ms (FindLiveObjects: 1.158700 ms CreateObjectMapping: 0.391600 ms MarkObjects: 3.965500 ms  DeleteObjects: 0.083800 ms)

========================================================================
Received Prepare
Registering precompiled user dll's ...
Registered in 0.062179 seconds.
Begin MonoManager ReloadAssembly
Fallback handler could not load library C:/Program Files/2020.3.6f1/Editor/Data/Mono/lib/libdl
Fallback handler could not load library C:/Program Files/2020.3.6f1/Editor/Data/Mono/lib/libdl.dll
Fallback handler could not load library C:/Program Files/2020.3.6f1/Editor/Data/Mono/lib/libdl
Native extension for WindowsStandalone target not found
Refreshing native plugins compatible for Editor in 2.12 ms, found 6 plugins.
Preloading 0 native plugins for Editor in 0.00 ms.
Mono: successfully reloaded assembly
Fallback handler could not load library C:/Program Files/2020.3.6f1/Editor/Data/Mono/lib/libdl
Fallback handler could not load library C:/Program Files/2020.3.6f1/Editor/Data/Mono/lib/libdl.dll
Fallback handler could not load library C:/Program Files/2020.3.6f1/Editor/Data/Mono/lib/libdl
Fallback handler could not load library C:/Program Files/2020.3.6f1/Editor/Data/Mono/lib/libdl
Fallback handler could not load library C:/Program Files/2020.3.6f1/Editor/Data/Mono/lib/libdl.dll
Fallback handler could not load library C:/Program Files/2020.3.6f1/Editor/Data/Mono/lib/libdl
- Completed reload, in  3.219 seconds
Platform modules already initialized, skipping
Shader 'Universal Render Pipeline/Particles/Lit': fallback shader 'Universal Render Pipeline/Particles/SimpleLit' not found
Refreshing native plugins compatible for Editor in 2.24 ms, found 6 plugins.
Preloading 0 native plugins for Editor in 0.00 ms.
Unloading 3594 Unused Serialized files (Serialized files now loaded: 0)
System memory in use before: 168.1 MB.
System memory in use after: 168.4 MB.

Unloading 63 unused Assets to reduce memory usage. Loaded Objects now: 4422.
Total: 6.819900 ms (FindLiveObjects: 0.858300 ms CreateObjectMapping: 0.339500 ms MarkObjects: 5.532500 ms  DeleteObjects: 0.085600 ms)

========================================================================
Received Prepare
Registering precompiled user dll's ...
Registered in 0.151511 seconds.
Begin MonoManager ReloadAssembly
Fallback handler could not load library C:/Program Files/2020.3.6f1/Editor/Data/Mono/lib/libdl
Fallback handler could not load library C:/Program Files/2020.3.6f1/Editor/Data/Mono/lib/libdl.dll
Fallback handler could not load library C:/Program Files/2020.3.6f1/Editor/Data/Mono/lib/libdl
Native extension for WindowsStandalone target not found
Refreshing native plugins compatible for Editor in 6.51 ms, found 6 plugins.
Preloading 0 native plugins for Editor in 0.00 ms.
Mono: successfully reloaded assembly
Fallback handler could not load library C:/Program Files/2020.3.6f1/Editor/Data/Mono/lib/libdl
Fallback handler could not load library C:/Program Files/2020.3.6f1/Editor/Data/Mono/lib/libdl.dll
Fallback handler could not load library C:/Program Files/2020.3.6f1/Editor/Data/Mono/lib/libdl
Fallback handler could not load library C:/Program Files/2020.3.6f1/Editor/Data/Mono/lib/libdl
Fallback handler could not load library C:/Program Files/2020.3.6f1/Editor/Data/Mono/lib/libdl.dll
Fallback handler could not load library C:/Program Files/2020.3.6f1/Editor/Data/Mono/lib/libdl
- Completed reload, in 10.867 seconds
Platform modules already initialized, skipping
Shader 'Universal Render Pipeline/Particles/Lit': fallback shader 'Universal Render Pipeline/Particles/SimpleLit' not found
Refreshing native plugins compatible for Editor in 12.99 ms, found 6 plugins.
Preloading 0 native plugins for Editor in 0.00 ms.
Unloading 3594 Unused Serialized files (Serialized files now loaded: 0)
System memory in use before: 168.2 MB.
System memory in use after: 168.4 MB.

Unloading 63 unused Assets to reduce memory usage. Loaded Objects now: 4425.
Total: 24.652000 ms (FindLiveObjects: 2.800800 ms CreateObjectMapping: 2.079600 ms MarkObjects: 19.626900 ms  DeleteObjects: 0.140700 ms)

========================================================================
Received Import Request.
  Time since last request: 891.123078 seconds.
  path: Assets/MODELS/Market1.blend
  artifactKey: Guid(83c7ca8851a067d47a4997275e18bcaa) Importer(815301076,1909f56bfc062723c751e8b465ee728b)
Start importing Assets/MODELS/Market1.blend using Guid(83c7ca8851a067d47a4997275e18bcaa) Importer(815301076,1909f56bfc062723c751e8b465ee728b)  -> (artifact id: '5e3ca7098bd988125f0b965600ecf073') in 1.621124 seconds
  Import took 1.689090 seconds .

========================================================================
Received Import Request.
  Time since last request: 3.904496 seconds.
  path: Assets/MODELS/BUILDINGS
  artifactKey: Guid(4f9230b79c90b4040b55803ed1e73e57) Importer(815301076,1909f56bfc062723c751e8b465ee728b)
Start importing Assets/MODELS/BUILDINGS using Guid(4f9230b79c90b4040b55803ed1e73e57) Importer(815301076,1909f56bfc062723c751e8b465ee728b)  -> (artifact id: '6abc9607861a4e1580f17fc87a6b9d7a') in 0.062709 seconds
  Import took 0.156162 seconds .

========================================================================
Received Import Request.
  Time since last request: 15.852716 seconds.
  path: Assets/MODELS/MAP3.blend1
  artifactKey: Guid(2d490dd0f50fa6c4b9fd66809f024383) Importer(815301076,1909f56bfc062723c751e8b465ee728b)
Start importing Assets/MODELS/MAP3.blend1 using Guid(2d490dd0f50fa6c4b9fd66809f024383) Importer(815301076,1909f56bfc062723c751e8b465ee728b)  -> (artifact id: 'd5884c9f5855ef4edbe0bbd08aae916e') in 0.081602 seconds
  Import took 0.101183 seconds .

========================================================================
Received Import Request.
  Time since last request: 0.640009 seconds.
  path: Assets/MODELS/Market1.blend1
  artifactKey: Guid(1b8c5b956dae2e04d867fb7ce79b9ac3) Importer(815301076,1909f56bfc062723c751e8b465ee728b)
Start importing Assets/MODELS/Market1.blend1 using Guid(1b8c5b956dae2e04d867fb7ce79b9ac3) Importer(815301076,1909f56bfc062723c751e8b465ee728b)  -> (artifact id: '8d5973c666dfbcd8ed82a0de9c19ae27') in 0.039287 seconds
  Import took 0.088504 seconds .

========================================================================
Received Import Request.
  Time since last request: 34.718610 seconds.
  path: Assets/PACKAGES/CITY ASSETS/LowPoly-Apocalyptic-Buildings-By-Majadroid/Apocalyptic Scene.blend
  artifactKey: Guid(a9b71101e23cd7b4f9c3098464af7296) Importer(815301076,1909f56bfc062723c751e8b465ee728b)
Start importing Assets/PACKAGES/CITY ASSETS/LowPoly-Apocalyptic-Buildings-By-Majadroid/Apocalyptic Scene.blend using Guid(a9b71101e23cd7b4f9c3098464af7296) Importer(815301076,1909f56bfc062723c751e8b465ee728b)  -> (artifact id: '9f4508d282e18fe64a5632280e33fbf6') in 1.730597 seconds
  Import took 1.797353 seconds .

========================================================================
Received Import Request.
  Time since last request: 0.000425 seconds.
  path: Assets/DigitalKonstrukt/Prototyping_Pack_Free/Resources/Meshes/Bridges/PTK_Bridge_Small.fbx
  artifactKey: Guid(59cf13e76e0892d44bb7dd88dbe456fc) Importer(815301076,1909f56bfc062723c751e8b465ee728b)
Start importing Assets/DigitalKonstrukt/Prototyping_Pack_Free/Resources/Meshes/Bridges/PTK_Bridge_Small.fbx using Guid(59cf13e76e0892d44bb7dd88dbe456fc) Importer(815301076,1909f56bfc062723c751e8b465ee728b)  -> (artifact id: '91dde292b583e94c01b907ed79d952c9') in 0.177148 seconds
  Import took 0.205024 seconds .

========================================================================
Received Import Request.
  Time since last request: 0.003154 seconds.
  path: Assets/PACKAGES/CITY ASSETS/LowPoly-Apocalyptic-Buildings-By-Majadroid/fbx files/building-02.fbx
  artifactKey: Guid(7ea35334710a5bb458c423a35786d2fb) Importer(815301076,1909f56bfc062723c751e8b465ee728b)
Start importing Assets/PACKAGES/CITY ASSETS/LowPoly-Apocalyptic-Buildings-By-Majadroid/fbx files/building-02.fbx using Guid(7ea35334710a5bb458c423a35786d2fb) Importer(815301076,1909f56bfc062723c751e8b465ee728b)  -> (artifact id: '8e90166ad4c9926033cdbbfc47a15e29') in 0.270067 seconds
  Import took 0.317263 seconds .

========================================================================
Received Import Request.
  Time since last request: 0.001028 seconds.
  path: Assets/PACKAGES/RPG COMBAT/SuperCharacterController/Mesh/Staircase.FBX
  artifactKey: Guid(020947c1c8012f243a0e0fa43bd867f3) Importer(815301076,1909f56bfc062723c751e8b465ee728b)
Start importing Assets/PACKAGES/RPG COMBAT/SuperCharacterController/Mesh/Staircase.FBX using Guid(020947c1c8012f243a0e0fa43bd867f3) Importer(815301076,1909f56bfc062723c751e8b465ee728b)  -> (artifact id: '47008b61a2d2fa7ea36363cbc6eaa8eb') in 0.223684 seconds
  Import took 0.326395 seconds .

========================================================================
Received Import Request.
  Time since last request: 0.007582 seconds.
  path: Assets/DigitalKonstrukt/Prototyping_Pack_Free/Resources/Meshes/Bridges/PTK_Bridge_Medium.fbx
  artifactKey: Guid(411748f0a2f7f8247b4777562f960ba5) Importer(815301076,1909f56bfc062723c751e8b465ee728b)
Start importing Assets/DigitalKonstrukt/Prototyping_Pack_Free/Resources/Meshes/Bridges/PTK_Bridge_Medium.fbx using Guid(411748f0a2f7f8247b4777562f960ba5) Importer(815301076,1909f56bfc062723c751e8b465ee728b)  -> (artifact id: '53fad398bb39bc8307307abcaa4cb0e5') in 0.211290 seconds
  Import took 0.289494 seconds .

========================================================================
Received Import Request.
  Time since last request: 0.002565 seconds.
  path: Assets/PACKAGES/CITY ASSETS/LowPoly-Apocalyptic-Buildings-By-Majadroid/fbx files/building-01.fbx
  artifactKey: Guid(01015c4bf403878479c2e60703eaeb3a) Importer(815301076,1909f56bfc062723c751e8b465ee728b)
Start importing Assets/PACKAGES/CITY ASSETS/LowPoly-Apocalyptic-Buildings-By-Majadroid/fbx files/building-01.fbx using Guid(01015c4bf403878479c2e60703eaeb3a) Importer(815301076,1909f56bfc062723c751e8b465ee728b)  -> (artifact id: '883417526af2b507fe28098e886dd000') in 0.279408 seconds
  Import took 0.299428 seconds .

========================================================================
Received Import Request.
  Time since last request: 0.000413 seconds.
  path: Assets/PACKAGES/CITY ASSETS/LowPoly-Apocalyptic-Buildings-By-Majadroid/fbx files/billboards-4-types.fbx
  artifactKey: Guid(56dd332508915af44a4a1ad2232dc309) Importer(815301076,1909f56bfc062723c751e8b465ee728b)
Start importing Assets/PACKAGES/CITY ASSETS/LowPoly-Apocalyptic-Buildings-By-Majadroid/fbx files/billboards-4-types.fbx using Guid(56dd332508915af44a4a1ad2232dc309) Importer(815301076,1909f56bfc062723c751e8b465ee728b)  -> (artifact id: 'c111874afc6bbfad15f5fed3e02f8123') in 0.376369 seconds
  Import took 0.407307 seconds .

========================================================================
Received Import Request.
  Time since last request: 0.000390 seconds.
  path: Assets/PACKAGES/CITY ASSETS/LowPoly-Apocalyptic-Buildings-By-Majadroid/fbx files/building-03.fbx
  artifactKey: Guid(7de157ed4e36a224d819430d2b32a01f) Importer(815301076,1909f56bfc062723c751e8b465ee728b)
Start importing Assets/PACKAGES/CITY ASSETS/LowPoly-Apocalyptic-Buildings-By-Majadroid/fbx files/building-03.fbx using Guid(7de157ed4e36a224d819430d2b32a01f) Importer(815301076,1909f56bfc062723c751e8b465ee728b)  -> (artifact id: '180f67b2d37052705710e226e916b81c') in 0.334562 seconds
  Import took 0.374366 seconds .

========================================================================
Received Import Request.
  Time since last request: 0.001616 seconds.
  path: Assets/PACKAGES/CITY ASSETS/WarZoneBuildingsPack/buildingMedium01.fbx
  artifactKey: Guid(79c9aaf4d906f5a46b4fe9062ccab25a) Importer(815301076,1909f56bfc062723c751e8b465ee728b)
Start importing Assets/PACKAGES/CITY ASSETS/WarZoneBuildingsPack/buildingMedium01.fbx using Guid(79c9aaf4d906f5a46b4fe9062ccab25a) Importer(815301076,1909f56bfc062723c751e8b465ee728b)  -> (artifact id: 'bf0cac6baa729b1edf41ea9f5ba97bf1') in 2.308016 seconds
  Import took 2.377397 seconds .

========================================================================
Received Import Request.
  Time since last request: 0.000718 seconds.
  path: Assets/DigitalKonstrukt/Prototyping_Pack_Free/Resources/Meshes/Bridges/PTK_Bridge_Large.fbx
  artifactKey: Guid(322afac8caa1edd40b802f584390dc2d) Importer(815301076,1909f56bfc062723c751e8b465ee728b)
Start importing Assets/DigitalKonstrukt/Prototyping_Pack_Free/Resources/Meshes/Bridges/PTK_Bridge_Large.fbx using Guid(322afac8caa1edd40b802f584390dc2d) Importer(815301076,1909f56bfc062723c751e8b465ee728b)  -> (artifact id: '64955a98db2ae48a508f48cc995923e6') in 0.627730 seconds
  Import took 0.654377 seconds .

========================================================================
Received Import Request.
  Time since last request: 303.465059 seconds.
  path: Assets/Cube_(5).mtl
  artifactKey: Guid(4d06ef7af17bc284e85cd797b28f104c) Importer(815301076,1909f56bfc062723c751e8b465ee728b)
Start importing Assets/Cube_(5).mtl using Guid(4d06ef7af17bc284e85cd797b28f104c) Importer(815301076,1909f56bfc062723c751e8b465ee728b)  -> (artifact id: '6dbccdd133f283c5977bf0e4f80f6baf') in 0.069062 seconds
  Import took 0.117037 seconds .

========================================================================
Received Import Request.
  Time since last request: 36.482298 seconds.
  path: Assets/Assets2
  artifactKey: Guid(fa8d186a8b0b22d4f91a6397685f1062) Importer(815301076,1909f56bfc062723c751e8b465ee728b)
Start importing Assets/Assets2 using Guid(fa8d186a8b0b22d4f91a6397685f1062) Importer(815301076,1909f56bfc062723c751e8b465ee728b)  -> (artifact id: '69c5454e863fc13edacdffdac28f03b7') in 0.067115 seconds
  Import took 0.100636 seconds .

========================================================================
Received Import Request.
  Time since last request: 1.864227 seconds.
  path: Assets/ANIMATION
  artifactKey: Guid(dc7bcbf982abd2749bff2a9405129492) Importer(815301076,1909f56bfc062723c751e8b465ee728b)
Start importing Assets/ANIMATION using Guid(dc7bcbf982abd2749bff2a9405129492) Importer(815301076,1909f56bfc062723c751e8b465ee728b)  -> (artifact id: 'b49dbb388c72eb94033bdf636cfde7a8') in 0.048834 seconds
  Import took 0.101706 seconds .

========================================================================
Received Import Request.
  Time since last request: 2.854652 seconds.
  path: Assets/DigitalKonstrukt
  artifactKey: Guid(69b313166ba56894498283373da5a410) Importer(815301076,1909f56bfc062723c751e8b465ee728b)
Start importing Assets/DigitalKonstrukt using Guid(69b313166ba56894498283373da5a410) Importer(815301076,1909f56bfc062723c751e8b465ee728b)  -> (artifact id: '54c1ee79b2f7145165b0862e901b394e') in 0.056397 seconds
  Import took 0.093974 seconds .

========================================================================
Received Prepare
Registering precompiled user dll's ...
Registered in 0.173403 seconds.
Begin MonoManager ReloadAssembly
Fallback handler could not load library C:/Program Files/2020.3.6f1/Editor/Data/Mono/lib/libdl
Fallback handler could not load library C:/Program Files/2020.3.6f1/Editor/Data/Mono/lib/libdl.dll
Fallback handler could not load library C:/Program Files/2020.3.6f1/Editor/Data/Mono/lib/libdl
Native extension for WindowsStandalone target not found
Refreshing native plugins compatible for Editor in 5.79 ms, found 6 plugins.
Preloading 0 native plugins for Editor in 0.00 ms.
Mono: successfully reloaded assembly
Fallback handler could not load library C:/Program Files/2020.3.6f1/Editor/Data/Mono/lib/libdl
Fallback handler could not load library C:/Program Files/2020.3.6f1/Editor/Data/Mono/lib/libdl.dll
Fallback handler could not load library C:/Program Files/2020.3.6f1/Editor/Data/Mono/lib/libdl
Fallback handler could not load library C:/Program Files/2020.3.6f1/Editor/Data/Mono/lib/libdl
Fallback handler could not load library C:/Program Files/2020.3.6f1/Editor/Data/Mono/lib/libdl.dll
Fallback handler could not load library C:/Program Files/2020.3.6f1/Editor/Data/Mono/lib/libdl
- Completed reload, in 10.440 seconds
Platform modules already initialized, skipping
Shader 'Universal Render Pipeline/Particles/Lit': fallback shader 'Universal Render Pipeline/Particles/SimpleLit' not found
Refreshing native plugins compatible for Editor in 3.66 ms, found 6 plugins.
Preloading 0 native plugins for Editor in 0.00 ms.
Unloading 3594 Unused Serialized files (Serialized files now loaded: 0)
System memory in use before: 182.1 MB.
System memory in use after: 182.3 MB.

Unloading 63 unused Assets to reduce memory usage. Loaded Objects now: 4465.
Total: 21.790900 ms (FindLiveObjects: 0.479400 ms CreateObjectMapping: 0.238000 ms MarkObjects: 20.672600 ms  DeleteObjects: 0.389400 ms)

========================================================================
Received Import Request.
  Time since last request: 188.526684 seconds.
  path: Assets/Plugins
  artifactKey: Guid(720712be6e31c444f88f57bb85bf5fa5) Importer(815301076,1909f56bfc062723c751e8b465ee728b)
Start importing Assets/Plugins using Guid(720712be6e31c444f88f57bb85bf5fa5) Importer(815301076,1909f56bfc062723c751e8b465ee728b)  -> (artifact id: 'c31a13d3e15e54e2196309be278ad5e5') in 0.097581 seconds
  Import took 0.156802 seconds .

========================================================================
Received Import Request.
  Time since last request: 102.658637 seconds.
  path: Assets/Assets2/MODELS/materials/BLACK.mat
  artifactKey: Guid(dc6f21c2ff45ee44d8a8669f684f6345) Importer(815301076,1909f56bfc062723c751e8b465ee728b)
Start importing Assets/Assets2/MODELS/materials/BLACK.mat using Guid(dc6f21c2ff45ee44d8a8669f684f6345) Importer(815301076,1909f56bfc062723c751e8b465ee728b)  -> (artifact id: '5c7c47f17c45067856de48be04a7f950') in 0.964518 seconds
  Import took 0.997069 seconds .

========================================================================
Received Import Request.
  Time since last request: 0.001158 seconds.
  path: Assets/Assets2/MODELS/materials/SIMPLE BLUE.mat
  artifactKey: Guid(81b862119a898a140aab675bfed0e162) Importer(815301076,1909f56bfc062723c751e8b465ee728b)
Start importing Assets/Assets2/MODELS/materials/SIMPLE BLUE.mat using Guid(81b862119a898a140aab675bfed0e162) Importer(815301076,1909f56bfc062723c751e8b465ee728b)  -> (artifact id: 'fb18f3f7dc8529d340e1c9ce22df66d7') in 0.083515 seconds
  Import took 0.102662 seconds .

========================================================================
Received Import Request.
  Time since last request: 0.000419 seconds.
  path: Assets/Assets2/MODELS/materials/SIMPLE SKIN.mat
  artifactKey: Guid(f5aff91904a50f0449b4e7ff62e3efd7) Importer(815301076,1909f56bfc062723c751e8b465ee728b)
Start importing Assets/Assets2/MODELS/materials/SIMPLE SKIN.mat using Guid(f5aff91904a50f0449b4e7ff62e3efd7) Importer(815301076,1909f56bfc062723c751e8b465ee728b)  -> (artifact id: '937bdcc493d40dc4f5846fb3731f6cae') in 0.083230 seconds
  Import took 0.109293 seconds .

========================================================================
Received Import Request.
  Time since last request: 0.000596 seconds.
  path: Assets/Assets2/MODELS/materials
  artifactKey: Guid(27f5cbd5fc6c2ac49ab18140b7109d43) Importer(815301076,1909f56bfc062723c751e8b465ee728b)
Start importing Assets/Assets2/MODELS/materials using Guid(27f5cbd5fc6c2ac49ab18140b7109d43) Importer(815301076,1909f56bfc062723c751e8b465ee728b)  -> (artifact id: '66c88e295f813cbf903fbf9b1d48befb') in 0.045252 seconds
  Import took 0.067613 seconds .

========================================================================
Received Import Request.
  Time since last request: 0.000360 seconds.
  path: Assets/Assets2/MODELS/materials/SIMPLE WHITE.mat
  artifactKey: Guid(d023b1e7cf307a2498166d4fcba20b6b) Importer(815301076,1909f56bfc062723c751e8b465ee728b)
Start importing Assets/Assets2/MODELS/materials/SIMPLE WHITE.mat using Guid(d023b1e7cf307a2498166d4fcba20b6b) Importer(815301076,1909f56bfc062723c751e8b465ee728b)  -> (artifact id: 'ce5813e428825e8d44fefbc5db79c022') in 0.097024 seconds
  Import took 0.136436 seconds .

========================================================================
Received Import Request.
  Time since last request: 0.001960 seconds.
  path: Assets/Assets2/MODELS/materials/SIMPLE GRAY.mat
  artifactKey: Guid(a57289c37d9862e49a39a339e4807c5b) Importer(815301076,1909f56bfc062723c751e8b465ee728b)
Start importing Assets/Assets2/MODELS/materials/SIMPLE GRAY.mat using Guid(a57289c37d9862e49a39a339e4807c5b) Importer(815301076,1909f56bfc062723c751e8b465ee728b)  -> (artifact id: '887a0ffcfbe321cf028bd63fdc32d563') in 0.078690 seconds
  Import took 0.102726 seconds .

========================================================================
Received Import Request.
  Time since last request: 0.001644 seconds.
  path: Assets/Assets2/MODELS/materials/SIMPLE DARK.mat
  artifactKey: Guid(e8eaf090186f5f84c9f23e68f7c497a9) Importer(815301076,1909f56bfc062723c751e8b465ee728b)
Start importing Assets/Assets2/MODELS/materials/SIMPLE DARK.mat using Guid(e8eaf090186f5f84c9f23e68f7c497a9) Importer(815301076,1909f56bfc062723c751e8b465ee728b)  -> (artifact id: '4a0a2f9db3c10526cb4c9a94909bf176') in 0.072957 seconds
  Import took 0.098078 seconds .

========================================================================
Received Import Request.
  Time since last request: 0.000388 seconds.
  path: Assets/Assets2/MODELS/materials/SIMPLE HAIR.mat
  artifactKey: Guid(b7e8b31d140ab324282bc3200f14e08c) Importer(815301076,1909f56bfc062723c751e8b465ee728b)
Start importing Assets/Assets2/MODELS/materials/SIMPLE HAIR.mat using Guid(b7e8b31d140ab324282bc3200f14e08c) Importer(815301076,1909f56bfc062723c751e8b465ee728b)  -> (artifact id: '823610725d25c164029be7329f737297') in 0.080793 seconds
  Import took 0.105369 seconds .

========================================================================
Received Import Request.
  Time since last request: 0.000496 seconds.
  path: Assets/Assets2/MODELS/materials/SIMPLE RED.mat
  artifactKey: Guid(64cb64e78d428304f98e234d827d6bde) Importer(815301076,1909f56bfc062723c751e8b465ee728b)
Start importing Assets/Assets2/MODELS/materials/SIMPLE RED.mat using Guid(64cb64e78d428304f98e234d827d6bde) Importer(815301076,1909f56bfc062723c751e8b465ee728b)  -> (artifact id: '399a682cc10bade162b1b23e1e1916d7') in 0.083668 seconds
  Import took 0.110745 seconds .

========================================================================
Received Prepare
Registering precompiled user dll's ...
Registered in 0.171538 seconds.
Begin MonoManager ReloadAssembly
Fallback handler could not load library C:/Program Files/2020.3.6f1/Editor/Data/Mono/lib/libdl
Fallback handler could not load library C:/Program Files/2020.3.6f1/Editor/Data/Mono/lib/libdl.dll
Fallback handler could not load library C:/Program Files/2020.3.6f1/Editor/Data/Mono/lib/libdl
Native extension for WindowsStandalone target not found
Refreshing native plugins compatible for Editor in 6.32 ms, found 6 plugins.
Preloading 0 native plugins for Editor in 0.00 ms.
Mono: successfully reloaded assembly
Fallback handler could not load library C:/Program Files/2020.3.6f1/Editor/Data/Mono/lib/libdl
Fallback handler could not load library C:/Program Files/2020.3.6f1/Editor/Data/Mono/lib/libdl.dll
Fallback handler could not load library C:/Program Files/2020.3.6f1/Editor/Data/Mono/lib/libdl
Fallback handler could not load library C:/Program Files/2020.3.6f1/Editor/Data/Mono/lib/libdl
Fallback handler could not load library C:/Program Files/2020.3.6f1/Editor/Data/Mono/lib/libdl.dll
Fallback handler could not load library C:/Program Files/2020.3.6f1/Editor/Data/Mono/lib/libdl
- Completed reload, in  9.831 seconds
Platform modules already initialized, skipping
Shader 'Universal Render Pipeline/Particles/Lit': fallback shader 'Universal Render Pipeline/Particles/SimpleLit' not found
Refreshing native plugins compatible for Editor in 9.15 ms, found 6 plugins.
Preloading 0 native plugins for Editor in 0.00 ms.
Unloading 3594 Unused Serialized files (Serialized files now loaded: 0)
System memory in use before: 182.2 MB.
System memory in use after: 182.5 MB.

Unloading 63 unused Assets to reduce memory usage. Loaded Objects now: 4504.
Total: 38.483800 ms (FindLiveObjects: 7.343200 ms CreateObjectMapping: 3.507300 ms MarkObjects: 27.502400 ms  DeleteObjects: 0.112900 ms)

AssetImportWorkerClient::OnTransportError - code=2 error=End of file
