Using pre-set license
Built from '2020.3/staging' branch; Version is '2020.3.6f1 (338bb68529b2) revision 3378102'; Using compiler version '192528614'; Build Type 'Release'
OS: 'Windows 10 Pro; OS build 19042.1052; Version 2009; 64bit' Language: 'en' Physical Memory: 16161 MB
BatchMode: 1, IsHumanControllingUs: 0, StartBugReporterOnCrash: 0, Is64bit: 1, IsPro: 0

 COMMAND LINE ARGUMENTS:
C:\Program Files\2020.3.6f1\Editor\Unity.exe
-adb2
-batchMode
-noUpm
-name
AssetImportWorker0
-projectPath
C:/Users/kahyt/OneDrive/Desktop/Unity projects/Dungeon
-logFile
Logs/AssetImportWorker0.log
-srvPort
61158
Successfully changed project path to: C:/Users/kahyt/OneDrive/Desktop/Unity projects/Dungeon
C:/Users/kahyt/OneDrive/Desktop/Unity projects/Dungeon
Using Asset Import Pipeline V2.
Refreshing native plugins compatible for Editor in 149.50 ms, found 0 plugins.
Preloading 0 native plugins for Editor in 0.00 ms.
Initialize engine version: 2020.3.6f1 (338bb68529b2)
[Subsystems] Discovering subsystems at path C:/Program Files/2020.3.6f1/Editor/Data/Resources/UnitySubsystems
[Subsystems] Discovering subsystems at path C:/Users/kahyt/OneDrive/Desktop/Unity projects/Dungeon/Assets
GfxDevice: creating device client; threaded=0
Direct3D:
    Version:  Direct3D 11.0 [level 11.1]
    Renderer: NVIDIA GeForce MX350 (ID=0x1c94)
    Vendor:   
    VRAM:     1979 MB
    Driver:   30.0.14.7111
Initialize mono
Mono path[0] = 'C:/Program Files/2020.3.6f1/Editor/Data/Managed'
Mono path[1] = 'C:/Program Files/2020.3.6f1/Editor/Data/MonoBleedingEdge/lib/mono/unityjit'
Mono config path = 'C:/Program Files/2020.3.6f1/Editor/Data/MonoBleedingEdge/etc'
Using monoOptions --debugger-agent=transport=dt_socket,embedding=1,server=y,suspend=n,address=127.0.0.1:56368
Begin MonoManager ReloadAssembly
Registering precompiled unity dll's ...
Register platform support module: C:/Program Files/2020.3.6f1/Editor/Data/PlaybackEngines/WindowsStandaloneSupport/UnityEditor.WindowsStandalone.Extensions.dll
Registered in 0.008061 seconds.
Native extension for WindowsStandalone target not found
Refreshing native plugins compatible for Editor in 131.76 ms, found 0 plugins.
Preloading 0 native plugins for Editor in 0.00 ms.
Mono: successfully reloaded assembly
- Completed reload, in 10.253 seconds
Platform modules already initialized, skipping
Registering precompiled user dll's ...
Registered in 0.004587 seconds.
Begin MonoManager ReloadAssembly
Native extension for WindowsStandalone target not found
Refreshing native plugins compatible for Editor in 0.83 ms, found 0 plugins.
Preloading 0 native plugins for Editor in 0.00 ms.
Mono: successfully reloaded assembly
- Completed reload, in  5.957 seconds
Platform modules already initialized, skipping
========================================================================
Worker process is ready to serve import requests
Launched and connected shader compiler UnityShaderCompiler.exe after 0.15 seconds
Refreshing native plugins compatible for Editor in 1.17 ms, found 0 plugins.
Preloading 0 native plugins for Editor in 0.00 ms.
Unloading 1692 Unused Serialized files (Serialized files now loaded: 0)
System memory in use before: 84.7 MB.
System memory in use after: 84.8 MB.

Unloading 11 unused Assets to reduce memory usage. Loaded Objects now: 2141.
Total: 6.307200 ms (FindLiveObjects: 0.274600 ms CreateObjectMapping: 0.095000 ms MarkObjects: 5.787600 ms  DeleteObjects: 0.147300 ms)

========================================================================
Received Import Request.
  path: Assets/Character/alex.fbx
  artifactKey: Guid(1a0f38ee06a9a4c458f5d34705e14e64) Importer(815301076,1909f56bfc062723c751e8b465ee728b)
Start importing Assets/Character/alex.fbx using Guid(1a0f38ee06a9a4c458f5d34705e14e64) Importer(815301076,1909f56bfc062723c751e8b465ee728b)  -> (artifact id: 'd5b3bb574e296149671271d48f808c7e') in 1.341713 seconds
  Import took 1.359498 seconds .

========================================================================
Received Import Request.
  Time since last request: 59.317260 seconds.
  path: Assets/Character/alex.fbx
  artifactKey: Guid(1a0f38ee06a9a4c458f5d34705e14e64) Importer(815301076,1909f56bfc062723c751e8b465ee728b)
Start importing Assets/Character/alex.fbx using Guid(1a0f38ee06a9a4c458f5d34705e14e64) Importer(815301076,1909f56bfc062723c751e8b465ee728b)  -> (artifact id: 'd5b3bb574e296149671271d48f808c7e') in 0.544294 seconds
  Import took 0.559980 seconds .

========================================================================
Received Import Request.
  Time since last request: 10305.402020 seconds.
  path: Assets/alex.fbx
  artifactKey: Guid(a46ea46934c25f642b22006566bc991f) Importer(815301076,1909f56bfc062723c751e8b465ee728b)
Start importing Assets/alex.fbx using Guid(a46ea46934c25f642b22006566bc991f) Importer(815301076,1909f56bfc062723c751e8b465ee728b)  -> (artifact id: 'd67b6a04036141cd3bcc6552addf7595') in 0.342572 seconds
  Import took 0.353598 seconds .

========================================================================
Received Import Request.
  Time since last request: 1122.058056 seconds.
  path: Assets/MATERIALS
  artifactKey: Guid(00cc41517d5b68346a2327a218cf41a9) Importer(815301076,1909f56bfc062723c751e8b465ee728b)
Start importing Assets/MATERIALS using Guid(00cc41517d5b68346a2327a218cf41a9) Importer(815301076,1909f56bfc062723c751e8b465ee728b)  -> (artifact id: '605b8f37dd8944b76f15461d70eea888') in 0.025307 seconds
  Import took 0.034532 seconds .

========================================================================
Received Import Request.
  Time since last request: 0.005354 seconds.
  path: Assets/MATERIALS/New Material.mat
  artifactKey: Guid(26408e033c3c5ad4b878a111638c47cf) Importer(815301076,1909f56bfc062723c751e8b465ee728b)
Start importing Assets/MATERIALS/New Material.mat using Guid(26408e033c3c5ad4b878a111638c47cf) Importer(815301076,1909f56bfc062723c751e8b465ee728b)  -> (artifact id: '699ab9718d6740e0b32a7f3ae71805ab') in 0.092885 seconds
  Import took 0.099501 seconds .

========================================================================
Received Import Request.
  Time since last request: 0.000336 seconds.
  path: Assets/MATERIALS/Sword_12 1.FBX
  artifactKey: Guid(f3ac2fcb0065463488bcf90c3102a544) Importer(815301076,1909f56bfc062723c751e8b465ee728b)
Start importing Assets/MATERIALS/Sword_12 1.FBX using Guid(f3ac2fcb0065463488bcf90c3102a544) Importer(815301076,1909f56bfc062723c751e8b465ee728b)  -> (artifact id: 'cd32557e03601cfa6b0b5592d72ad8a7') in 0.076174 seconds
  Import took 0.081509 seconds .

========================================================================
Received Import Request.
  Time since last request: 5.734365 seconds.
  path: Assets/Kevin Iglesias
  artifactKey: Guid(ea306a2c01f72ef4a8b762faaa5d2984) Importer(815301076,1909f56bfc062723c751e8b465ee728b)
Start importing Assets/Kevin Iglesias using Guid(ea306a2c01f72ef4a8b762faaa5d2984) Importer(815301076,1909f56bfc062723c751e8b465ee728b)  -> (artifact id: 'ef5e2b4282fea4dba045beb309f8f65b') in 0.028583 seconds
  Import took 0.033495 seconds .

========================================================================
Received Import Request.
  Time since last request: 1.531652 seconds.
  path: Assets/Kevin Iglesias/Basic Motions
  artifactKey: Guid(2cb279c410b7a3e4dbf4aab42283effa) Importer(815301076,1909f56bfc062723c751e8b465ee728b)
Start importing Assets/Kevin Iglesias/Basic Motions using Guid(2cb279c410b7a3e4dbf4aab42283effa) Importer(815301076,1909f56bfc062723c751e8b465ee728b)  -> (artifact id: 'd5e978360954154f4f6f711fb7a8cdb1') in 0.023502 seconds
  Import took 0.030315 seconds .

========================================================================
Received Import Request.
  Time since last request: 3.929876 seconds.
  path: Assets/Kevin Iglesias/Basic Motions/Animations
  artifactKey: Guid(7eb11f9df068c2b45bc52cfc0d6e3f25) Importer(815301076,1909f56bfc062723c751e8b465ee728b)
Start importing Assets/Kevin Iglesias/Basic Motions/Animations using Guid(7eb11f9df068c2b45bc52cfc0d6e3f25) Importer(815301076,1909f56bfc062723c751e8b465ee728b)  -> (artifact id: 'c81238f947df827b8ca5acbd743a0526') in 0.028474 seconds
  Import took 0.036059 seconds .

========================================================================
Received Import Request.
  Time since last request: 1.568754 seconds.
  path: Assets/Kevin Iglesias/Basic Motions/Animations/Idles
  artifactKey: Guid(99b531c8964d97245a8f67495e2a1a95) Importer(815301076,1909f56bfc062723c751e8b465ee728b)
Start importing Assets/Kevin Iglesias/Basic Motions/Animations/Idles using Guid(99b531c8964d97245a8f67495e2a1a95) Importer(815301076,1909f56bfc062723c751e8b465ee728b)  -> (artifact id: '67cdc9bef9e08b18abc7204ba8892a72') in 0.023372 seconds
  Import took 0.030762 seconds .

========================================================================
Received Import Request.
  Time since last request: 0.021040 seconds.
  path: Assets/Kevin Iglesias/Basic Motions/Animations/Idles/BasicMotions@Idle01.fbx
  artifactKey: Guid(a3422ad278cd9a94aa3da8e6bff9deea) Importer(815301076,1909f56bfc062723c751e8b465ee728b)
Start importing Assets/Kevin Iglesias/Basic Motions/Animations/Idles/BasicMotions@Idle01.fbx using Guid(a3422ad278cd9a94aa3da8e6bff9deea) Importer(815301076,1909f56bfc062723c751e8b465ee728b)  -> (artifact id: '86b5428767f4a7d3f27e1a0ed6c6bdbc') in 0.048004 seconds
  Import took 0.054057 seconds .

========================================================================
Received Import Request.
  Time since last request: 0.000383 seconds.
  path: Assets/Kevin Iglesias/Basic Motions/Animations/Idles/BasicMotions@Idle02.fbx
  artifactKey: Guid(69d59c13a83a7c74a8cc0607ded391ec) Importer(815301076,1909f56bfc062723c751e8b465ee728b)
Start importing Assets/Kevin Iglesias/Basic Motions/Animations/Idles/BasicMotions@Idle02.fbx using Guid(69d59c13a83a7c74a8cc0607ded391ec) Importer(815301076,1909f56bfc062723c751e8b465ee728b)  -> (artifact id: 'af9b02d5a84309c2a0d15a442a5e0f09') in 0.026061 seconds
  Import took 0.033526 seconds .

========================================================================
Received Prepare
Registering precompiled user dll's ...
Registered in 0.048949 seconds.
Begin MonoManager ReloadAssembly
Native extension for WindowsStandalone target not found
Refreshing native plugins compatible for Editor in 0.92 ms, found 0 plugins.
Preloading 0 native plugins for Editor in 0.00 ms.
Mono: successfully reloaded assembly
- Completed reload, in  7.512 seconds
Platform modules already initialized, skipping
Refreshing native plugins compatible for Editor in 0.52 ms, found 0 plugins.
Preloading 0 native plugins for Editor in 0.00 ms.
Unloading 1718 Unused Serialized files (Serialized files now loaded: 0)
System memory in use before: 102.4 MB.
System memory in use after: 102.6 MB.

Unloading 13 unused Assets to reduce memory usage. Loaded Objects now: 2226.
Total: 7.529200 ms (FindLiveObjects: 0.571500 ms CreateObjectMapping: 0.360700 ms MarkObjects: 6.529200 ms  DeleteObjects: 0.062300 ms)

========================================================================
Received Prepare
Registering precompiled user dll's ...
Registered in 0.005131 seconds.
Begin MonoManager ReloadAssembly
Native extension for WindowsStandalone target not found
Refreshing native plugins compatible for Editor in 0.50 ms, found 0 plugins.
Preloading 0 native plugins for Editor in 0.00 ms.
Mono: successfully reloaded assembly
- Completed reload, in  2.753 seconds
Platform modules already initialized, skipping
Refreshing native plugins compatible for Editor in 1.35 ms, found 0 plugins.
Preloading 0 native plugins for Editor in 0.00 ms.
Unloading 1718 Unused Serialized files (Serialized files now loaded: 0)
System memory in use before: 102.5 MB.
System memory in use after: 102.6 MB.

Unloading 6 unused Assets to reduce memory usage. Loaded Objects now: 2229.
Total: 6.600300 ms (FindLiveObjects: 1.263300 ms CreateObjectMapping: 1.215600 ms MarkObjects: 4.078900 ms  DeleteObjects: 0.037000 ms)

========================================================================
Received Prepare
Registering precompiled user dll's ...
Registered in 0.005213 seconds.
Begin MonoManager ReloadAssembly
Native extension for WindowsStandalone target not found
Refreshing native plugins compatible for Editor in 0.46 ms, found 0 plugins.
Preloading 0 native plugins for Editor in 0.00 ms.
Mono: successfully reloaded assembly
- Completed reload, in  1.857 seconds
Platform modules already initialized, skipping
Refreshing native plugins compatible for Editor in 0.53 ms, found 0 plugins.
Preloading 0 native plugins for Editor in 0.00 ms.
Unloading 2014 Unused Serialized files (Serialized files now loaded: 0)
System memory in use before: 111.8 MB.
System memory in use after: 111.9 MB.

Unloading 4 unused Assets to reduce memory usage. Loaded Objects now: 2524.
Total: 5.965500 ms (FindLiveObjects: 0.508000 ms CreateObjectMapping: 0.390900 ms MarkObjects: 4.918600 ms  DeleteObjects: 0.144700 ms)

AssetImportWorkerClient::OnTransportError - code=2 error=End of file
