Using pre-set license
Built from '2020.3/staging' branch; Version is '2020.3.6f1 (338bb68529b2) revision 3378102'; Using compiler version '192528614'; Build Type 'Release'
OS: 'Windows 10 Pro; OS build 19042.1165; Version 2009; 64bit' Language: 'en' Physical Memory: 16161 MB
BatchMode: 1, IsHumanControllingUs: 0, StartBugReporterOnCrash: 0, Is64bit: 1, IsPro: 0

 COMMAND LINE ARGUMENTS:
C:\Program Files\2020.3.6f1\Editor\Unity.exe
-adb2
-batchMode
-noUpm
-name
AssetImportWorker7
-projectPath
C:/Users/kahyt/OneDrive/Documents/GitHub/FantasyRPG
-logFile
Logs/AssetImportWorker7.log
-srvPort
50544
Successfully changed project path to: C:/Users/kahyt/OneDrive/Documents/GitHub/FantasyRPG
C:/Users/kahyt/OneDrive/Documents/GitHub/FantasyRPG
Using Asset Import Pipeline V2.
Refreshing native plugins compatible for Editor in 726.56 ms, found 6 plugins.
Preloading 0 native plugins for Editor in 0.00 ms.
Initialize engine version: 2020.3.6f1 (338bb68529b2)
[Subsystems] Discovering subsystems at path C:/Program Files/2020.3.6f1/Editor/Data/Resources/UnitySubsystems
[Subsystems] Discovering subsystems at path C:/Users/kahyt/OneDrive/Documents/GitHub/FantasyRPG/Assets
GfxDevice: creating device client; threaded=0
Direct3D:
    Version:  Direct3D 11.0 [level 11.1]
    Renderer: NVIDIA GeForce MX350 (ID=0x1c94)
    Vendor:   
    VRAM:     1979 MB
    Driver:   30.0.14.7141
Shader 'Universal Render Pipeline/Particles/Lit': fallback shader 'Universal Render Pipeline/Particles/SimpleLit' not found
Initialize mono
Mono path[0] = 'C:/Program Files/2020.3.6f1/Editor/Data/Managed'
Mono path[1] = 'C:/Program Files/2020.3.6f1/Editor/Data/MonoBleedingEdge/lib/mono/unityjit'
Mono config path = 'C:/Program Files/2020.3.6f1/Editor/Data/MonoBleedingEdge/etc'
Using monoOptions --debugger-agent=transport=dt_socket,embedding=1,server=y,suspend=n,address=127.0.0.1:56624
Begin MonoManager ReloadAssembly
Registering precompiled unity dll's ...
Register platform support module: C:/Program Files/2020.3.6f1/Editor/Data/PlaybackEngines/WindowsStandaloneSupport/UnityEditor.WindowsStandalone.Extensions.dll
Registered in 0.010507 seconds.
Native extension for WindowsStandalone target not found
Refreshing native plugins compatible for Editor in 250.42 ms, found 6 plugins.
Preloading 0 native plugins for Editor in 0.00 ms.
Mono: successfully reloaded assembly
- Completed reload, in 10.579 seconds
Platform modules already initialized, skipping
Registering precompiled user dll's ...
Registered in 0.043839 seconds.
Begin MonoManager ReloadAssembly
Native extension for WindowsStandalone target not found
Refreshing native plugins compatible for Editor in 133.27 ms, found 6 plugins.
Preloading 0 native plugins for Editor in 0.00 ms.
Mono: successfully reloaded assembly
Fallback handler could not load library C:/Program Files/2020.3.6f1/Editor/Data/Mono/lib/libdl
Fallback handler could not load library C:/Program Files/2020.3.6f1/Editor/Data/Mono/lib/libdl.dll
Fallback handler could not load library C:/Program Files/2020.3.6f1/Editor/Data/Mono/lib/libdl
Fallback handler could not load library C:/Program Files/2020.3.6f1/Editor/Data/Mono/lib/libdl
Fallback handler could not load library C:/Program Files/2020.3.6f1/Editor/Data/Mono/lib/libdl.dll
Fallback handler could not load library C:/Program Files/2020.3.6f1/Editor/Data/Mono/lib/libdl
- Completed reload, in  3.431 seconds
Platform modules already initialized, skipping
========================================================================
Worker process is ready to serve import requests
Shader 'Universal Render Pipeline/Particles/Lit': fallback shader 'Universal Render Pipeline/Particles/SimpleLit' not found
Launched and connected shader compiler UnityShaderCompiler.exe after 0.08 seconds
Refreshing native plugins compatible for Editor in 2.06 ms, found 6 plugins.
Preloading 0 native plugins for Editor in 0.00 ms.
Unloading 3771 Unused Serialized files (Serialized files now loaded: 0)
System memory in use before: 174.2 MB.
System memory in use after: 174.4 MB.

Unloading 71 unused Assets to reduce memory usage. Loaded Objects now: 4332.
Total: 5.238800 ms (FindLiveObjects: 0.334700 ms CreateObjectMapping: 0.163100 ms MarkObjects: 4.521600 ms  DeleteObjects: 0.217600 ms)

========================================================================
Received Import Request.
  path: Assets/Assets2/MODELS/alex2 (1).fbx
  artifactKey: Guid(6fe023c3f27aad3428dd29bb59080bb2) Importer(815301076,1909f56bfc062723c751e8b465ee728b)
Start importing Assets/Assets2/MODELS/alex2 (1).fbx using Guid(6fe023c3f27aad3428dd29bb59080bb2) Importer(815301076,1909f56bfc062723c751e8b465ee728b)  -> (artifact id: '67f8bc63cfa49c0e353614573316a87c') in 1.161830 seconds
  Import took 1.178086 seconds .

========================================================================
Received Import Request.
  Time since last request: 0.000532 seconds.
  path: Assets/Assets2/515-5154977_frost-effect-png.png
  artifactKey: Guid(87954605d2c31624a8552b409c1f425a) Importer(815301076,1909f56bfc062723c751e8b465ee728b)
Start importing Assets/Assets2/515-5154977_frost-effect-png.png using Guid(87954605d2c31624a8552b409c1f425a) Importer(815301076,1909f56bfc062723c751e8b465ee728b)  -> (artifact id: '9a293f1595b6e93b592b9b9f21d3f58d') in 0.070024 seconds
  Import took 0.081814 seconds .

========================================================================
Received Import Request.
  Time since last request: 0.000515 seconds.
  path: Assets/Assets2/MODELS/Low Poly Knife.blend
  artifactKey: Guid(c79399d761f829743a6f4f3a5ad880a2) Importer(815301076,1909f56bfc062723c751e8b465ee728b)
Start importing Assets/Assets2/MODELS/Low Poly Knife.blend using Guid(c79399d761f829743a6f4f3a5ad880a2) Importer(815301076,1909f56bfc062723c751e8b465ee728b)  -> (artifact id: 'e9bfd01f63378bc712f376bd1f0b746b') in 0.096228 seconds
  Import took 0.110417 seconds .

========================================================================
Received Import Request.
  Time since last request: 0.000655 seconds.
  path: Assets/Assets2/MODELS/NEW MAP.blend
  artifactKey: Guid(0e378937337836548984afb52c99b04b) Importer(815301076,1909f56bfc062723c751e8b465ee728b)
Start importing Assets/Assets2/MODELS/NEW MAP.blend using Guid(0e378937337836548984afb52c99b04b) Importer(815301076,1909f56bfc062723c751e8b465ee728b)  -> (artifact id: '63af00d7d8f941022e925d3e9bca8424') in 0.244548 seconds
  Import took 0.255583 seconds .

========================================================================
Received Import Request.
  Time since last request: 0.000487 seconds.
  path: Assets/Assets2/SCENES
  artifactKey: Guid(e5e9b3c54f947be4e961fe709fa2303b) Importer(815301076,1909f56bfc062723c751e8b465ee728b)
Start importing Assets/Assets2/SCENES using Guid(e5e9b3c54f947be4e961fe709fa2303b) Importer(815301076,1909f56bfc062723c751e8b465ee728b)  -> (artifact id: '19d907cb6b2e30284688d83e53a04f64') in 0.013495 seconds
  Import took 0.024173 seconds .

========================================================================
Received Import Request.
  Time since last request: 0.000437 seconds.
  path: Assets/Assets2/Stairs3.obj
  artifactKey: Guid(4836c2dbf2a459e498ecc5d0907ed349) Importer(815301076,1909f56bfc062723c751e8b465ee728b)
Start importing Assets/Assets2/Stairs3.obj using Guid(4836c2dbf2a459e498ecc5d0907ed349) Importer(815301076,1909f56bfc062723c751e8b465ee728b)  -> (artifact id: 'c463f8611b070876ae8ef2b8cfac1164') in 0.053734 seconds
  Import took 0.065694 seconds .

========================================================================
Received Import Request.
  Time since last request: 0.000514 seconds.
  path: Assets/Assets2/Stairs2.obj
  artifactKey: Guid(ecdfb9cd14262c04aadd53235c3d4051) Importer(815301076,1909f56bfc062723c751e8b465ee728b)
Start importing Assets/Assets2/Stairs2.obj using Guid(ecdfb9cd14262c04aadd53235c3d4051) Importer(815301076,1909f56bfc062723c751e8b465ee728b)  -> (artifact id: '954cf8d6580a530525a2e8f77b152d2e') in 0.050109 seconds
  Import took 0.061828 seconds .

========================================================================
Received Import Request.
  Time since last request: 0.000520 seconds.
  path: Assets/Assets2/SCENES/MAIN SCENE.unity
  artifactKey: Guid(b27077ae9d8b32244805f81286649b49) Importer(815301076,1909f56bfc062723c751e8b465ee728b)
Start importing Assets/Assets2/SCENES/MAIN SCENE.unity using Guid(b27077ae9d8b32244805f81286649b49) Importer(815301076,1909f56bfc062723c751e8b465ee728b)  -> (artifact id: 'db5b9017d6a9461eb7931c9a998df538') in 0.015840 seconds
  Import took 0.024476 seconds .

========================================================================
Received Import Request.
  Time since last request: 0.000429 seconds.
  path: Assets/Assets2/MODELS
  artifactKey: Guid(9d9e858e3479e4849a638d121d4083b6) Importer(815301076,1909f56bfc062723c751e8b465ee728b)
Start importing Assets/Assets2/MODELS using Guid(9d9e858e3479e4849a638d121d4083b6) Importer(815301076,1909f56bfc062723c751e8b465ee728b)  -> (artifact id: 'b1944e2611b0d6e9d59ce0f4dca006bb') in 0.011632 seconds
  Import took 0.021760 seconds .

========================================================================
Received Import Request.
  Time since last request: 0.000436 seconds.
  path: Assets/Assets2/Stairs.obj
  artifactKey: Guid(be5634b1548ff1b49af2d84ca45b09e6) Importer(815301076,1909f56bfc062723c751e8b465ee728b)
Start importing Assets/Assets2/Stairs.obj using Guid(be5634b1548ff1b49af2d84ca45b09e6) Importer(815301076,1909f56bfc062723c751e8b465ee728b)  -> (artifact id: '3684114fa4052f0dfa3532b475afd8dd') in 0.078642 seconds
  Import took 0.098164 seconds .

========================================================================
Received Import Request.
  Time since last request: 0.001563 seconds.
  path: Assets/Assets2/MODELS/OLD MAP.blend
  artifactKey: Guid(151603169af404c48a7f9a74a9ec31e5) Importer(815301076,1909f56bfc062723c751e8b465ee728b)
Start importing Assets/Assets2/MODELS/OLD MAP.blend using Guid(151603169af404c48a7f9a74a9ec31e5) Importer(815301076,1909f56bfc062723c751e8b465ee728b)  -> (artifact id: 'e4601cf09c76f0a060ccb225501513a9') in 1.246283 seconds
  Import took 1.269930 seconds .

========================================================================
Received Import Request.
  Time since last request: 425.790327 seconds.
  path: Assets/Assets2/PREFABS/CAMERA MANAGER.prefab
  artifactKey: Guid(e5291675d899d914aa8ef2ebddee9814) Importer(815301076,1909f56bfc062723c751e8b465ee728b)
Start importing Assets/Assets2/PREFABS/CAMERA MANAGER.prefab using Guid(e5291675d899d914aa8ef2ebddee9814) Importer(815301076,1909f56bfc062723c751e8b465ee728b)  -> (artifact id: '752a4e084e61e58fc2428918d77f8b97') in 0.024441 seconds
  Import took 0.037732 seconds .

========================================================================
Received Import Request.
  Time since last request: 0.000543 seconds.
  path: Assets/Assets2/PREFABS/MAP.prefab
  artifactKey: Guid(58608830380359b4eb0f88a8d7b82df4) Importer(815301076,1909f56bfc062723c751e8b465ee728b)
Start importing Assets/Assets2/PREFABS/MAP.prefab using Guid(58608830380359b4eb0f88a8d7b82df4) Importer(815301076,1909f56bfc062723c751e8b465ee728b)  -> (artifact id: '133b356fe4c169e5a4095138db072456') in 0.185196 seconds
  Import took 0.194830 seconds .

========================================================================
Received Import Request.
  Time since last request: 0.000423 seconds.
  path: Assets/Assets2/PREFABS/PLAYER.prefab
  artifactKey: Guid(cdbb2aae98cfdad49a5c764cda909dc3) Importer(815301076,1909f56bfc062723c751e8b465ee728b)
Start importing Assets/Assets2/PREFABS/PLAYER.prefab using Guid(cdbb2aae98cfdad49a5c764cda909dc3) Importer(815301076,1909f56bfc062723c751e8b465ee728b)  -> (artifact id: '1adfdeab0667f7229592c82b03d9ed54') in 0.302874 seconds
  Import took 0.315073 seconds .

========================================================================
Received Import Request.
  Time since last request: 0.000501 seconds.
  path: Assets/Assets2/PREFABS/PlayerHealthBarCanvas.prefab
  artifactKey: Guid(b1c38589e57b2ff4d87e5f421f5bc5ab) Importer(815301076,1909f56bfc062723c751e8b465ee728b)
Start importing Assets/Assets2/PREFABS/PlayerHealthBarCanvas.prefab using Guid(b1c38589e57b2ff4d87e5f421f5bc5ab) Importer(815301076,1909f56bfc062723c751e8b465ee728b)  -> (artifact id: 'a7c870191bcb648421f4f7226052eb6d') in 0.031796 seconds
  Import took 0.044731 seconds .

========================================================================
Received Import Request.
  Time since last request: 0.000551 seconds.
  path: Assets/Assets2/PREFABS/MainCamera.prefab
  artifactKey: Guid(a3ad3d1e66a7b4a43be73433a9bde20c) Importer(815301076,1909f56bfc062723c751e8b465ee728b)
Start importing Assets/Assets2/PREFABS/MainCamera.prefab using Guid(a3ad3d1e66a7b4a43be73433a9bde20c) Importer(815301076,1909f56bfc062723c751e8b465ee728b)  -> (artifact id: '6b51c5840d71ee2a694766f4cfdb566a') in 0.028077 seconds
  Import took 0.040562 seconds .

========================================================================
Received Import Request.
  Time since last request: 0.000430 seconds.
  path: Assets/Assets2/PREFABS/CM FreeLook1.prefab
  artifactKey: Guid(02b51001fc5338b489e969b271237df1) Importer(815301076,1909f56bfc062723c751e8b465ee728b)
Start importing Assets/Assets2/PREFABS/CM FreeLook1.prefab using Guid(02b51001fc5338b489e969b271237df1) Importer(815301076,1909f56bfc062723c751e8b465ee728b)  -> (artifact id: 'ed0b1d33d5cf2e7381c563c8f278421d') in 0.067941 seconds
  Import took 0.081159 seconds .

========================================================================
Received Import Request.
  Time since last request: 0.000426 seconds.
  path: Assets/Assets2/PREFABS/Zombie1.prefab
  artifactKey: Guid(8cb958e2b6e0df046abe53eea383ed76) Importer(815301076,1909f56bfc062723c751e8b465ee728b)
Start importing Assets/Assets2/PREFABS/Zombie1.prefab using Guid(8cb958e2b6e0df046abe53eea383ed76) Importer(815301076,1909f56bfc062723c751e8b465ee728b)  -> (artifact id: '064f3df306b5ae1c37074b4fd100e52a') in 0.792744 seconds
  Import took 0.805709 seconds .

========================================================================
Received Import Request.
  Time since last request: 0.000423 seconds.
  path: Assets/Assets2/SCRIPTS/Engel_C.obj
  artifactKey: Guid(b47b487ac6174ad42a036c23e7cd06e4) Importer(815301076,1909f56bfc062723c751e8b465ee728b)
Start importing Assets/Assets2/SCRIPTS/Engel_C.obj using Guid(b47b487ac6174ad42a036c23e7cd06e4) Importer(815301076,1909f56bfc062723c751e8b465ee728b)  -> (artifact id: '28834980e43daf14105d6e36695ce3fe') in 0.133818 seconds
  Import took 0.145904 seconds .

========================================================================
Received Import Request.
  Time since last request: 0.000893 seconds.
  path: Assets/Assets2/SCRIPTS/GrassMaterial.mat
  artifactKey: Guid(af6434878dc26f1468f59651fdb48c65) Importer(815301076,1909f56bfc062723c751e8b465ee728b)
Start importing Assets/Assets2/SCRIPTS/GrassMaterial.mat using Guid(af6434878dc26f1468f59651fdb48c65) Importer(815301076,1909f56bfc062723c751e8b465ee728b)  -> (artifact id: 'f1326008abaa5d63234a3539796fe353') in 0.801883 seconds
  Import took 0.810914 seconds .

========================================================================
Received Import Request.
  Time since last request: 0.000299 seconds.
  path: Assets/Assets2/MATERIALS/SnowMaterial.mat
  artifactKey: Guid(9ec8640aa11d95642adae958dc712b83) Importer(815301076,1909f56bfc062723c751e8b465ee728b)
Start importing Assets/Assets2/MATERIALS/SnowMaterial.mat using Guid(9ec8640aa11d95642adae958dc712b83) Importer(815301076,1909f56bfc062723c751e8b465ee728b)  -> (artifact id: '366a56561ca1fda3777c6b24f07282da') in 0.028414 seconds
  Import took 0.040708 seconds .

========================================================================
Received Import Request.
  Time since last request: 0.000461 seconds.
  path: Assets/Assets2/MATERIALS/StoneTextures.png
  artifactKey: Guid(b9dae159ce8852543aae5800ad0edbb9) Importer(815301076,1909f56bfc062723c751e8b465ee728b)
Start importing Assets/Assets2/MATERIALS/StoneTextures.png using Guid(b9dae159ce8852543aae5800ad0edbb9) Importer(815301076,1909f56bfc062723c751e8b465ee728b)  -> (artifact id: '82813d547b5eec45350a9bed077ec268') in 0.030253 seconds
  Import took 0.040533 seconds .

========================================================================
Received Import Request.
  Time since last request: 0.000485 seconds.
  path: Assets/Assets2/MATERIALS/SnowTexture.png
  artifactKey: Guid(c3d904cf3f47a524393789692e95ce7e) Importer(815301076,1909f56bfc062723c751e8b465ee728b)
Start importing Assets/Assets2/MATERIALS/SnowTexture.png using Guid(c3d904cf3f47a524393789692e95ce7e) Importer(815301076,1909f56bfc062723c751e8b465ee728b)  -> (artifact id: 'd0a37201325f8212de0cc18e49eecb13') in 0.027262 seconds
  Import took 0.040770 seconds .

========================================================================
Received Import Request.
  Time since last request: 0.000452 seconds.
  path: Assets/Assets2/MATERIALS/Cobblestone.sbsar
  artifactKey: Guid(f446cc2d5a73dbd49ba3cfd17c7693b5) Importer(815301076,1909f56bfc062723c751e8b465ee728b)
Start importing Assets/Assets2/MATERIALS/Cobblestone.sbsar using Guid(f446cc2d5a73dbd49ba3cfd17c7693b5) Importer(815301076,1909f56bfc062723c751e8b465ee728b)  -> (artifact id: '9293e4130ab57e3d40b160f40f4d7c10') in 0.867175 seconds
  Import took 0.877870 seconds .

========================================================================
Received Import Request.
  Time since last request: 0.000378 seconds.
  path: Assets/Assets2/SCRIPTS/Engel_C_Engel_O_Material_u1_v1.png
  artifactKey: Guid(da1ceb3801d319d4d963a736b6d4c097) Importer(815301076,1909f56bfc062723c751e8b465ee728b)
Start importing Assets/Assets2/SCRIPTS/Engel_C_Engel_O_Material_u1_v1.png using Guid(da1ceb3801d319d4d963a736b6d4c097) Importer(815301076,1909f56bfc062723c751e8b465ee728b)  -> (artifact id: '06217ab76ca36614b2234d374eab6ef3') in 0.033919 seconds
  Import took 0.045084 seconds .

========================================================================
Received Import Request.
  Time since last request: 0.000483 seconds.
  path: Assets/Assets2/MATERIALS/StoneMaterial.mat
  artifactKey: Guid(0966254652e8e3c42b47aeef194b7526) Importer(815301076,1909f56bfc062723c751e8b465ee728b)
Start importing Assets/Assets2/MATERIALS/StoneMaterial.mat using Guid(0966254652e8e3c42b47aeef194b7526) Importer(815301076,1909f56bfc062723c751e8b465ee728b)  -> (artifact id: 'acfac3601940e31fe0286a4f99884b03') in 0.032846 seconds
  Import took 0.045144 seconds .

========================================================================
Received Import Request.
  Time since last request: 0.000329 seconds.
  path: Assets/Assets2/MATERIALS/grass.png
  artifactKey: Guid(b2682a7cf9573594db4619abf370bb68) Importer(815301076,1909f56bfc062723c751e8b465ee728b)
Start importing Assets/Assets2/MATERIALS/grass.png using Guid(b2682a7cf9573594db4619abf370bb68) Importer(815301076,1909f56bfc062723c751e8b465ee728b)  -> (artifact id: '7e0883526085a69bc56b9d85d73745f4') in 0.028448 seconds
  Import took 0.039374 seconds .

========================================================================
Received Import Request.
  Time since last request: 0.000315 seconds.
  path: Assets/Assets2/MATERIALS/bottom.mat
  artifactKey: Guid(03295bd1a6042c244800af1fff6b69e9) Importer(815301076,1909f56bfc062723c751e8b465ee728b)
Start importing Assets/Assets2/MATERIALS/bottom.mat using Guid(03295bd1a6042c244800af1fff6b69e9) Importer(815301076,1909f56bfc062723c751e8b465ee728b)  -> (artifact id: 'd63db01d157e3e4b0ec9c9b1988bfb52') in 0.035502 seconds
  Import took 0.047960 seconds .

========================================================================
Received Import Request.
  Time since last request: 0.000463 seconds.
  path: Assets/Assets2/MATERIALS/GridBox_Default.png
  artifactKey: Guid(6e04e60bf0c64344ba2115228e014678) Importer(815301076,1909f56bfc062723c751e8b465ee728b)
Start importing Assets/Assets2/MATERIALS/GridBox_Default.png using Guid(6e04e60bf0c64344ba2115228e014678) Importer(815301076,1909f56bfc062723c751e8b465ee728b)  -> (artifact id: '694144f656bb8a8eaa7c33a7ac661b1e') in 0.025478 seconds
  Import took 0.038239 seconds .

========================================================================
Received Import Request.
  Time since last request: 0.000547 seconds.
  path: Assets/Assets2/MATERIALS/Snowflake.png
  artifactKey: Guid(d4792f051bea0c844902ce2a22ee7bf5) Importer(815301076,1909f56bfc062723c751e8b465ee728b)
Start importing Assets/Assets2/MATERIALS/Snowflake.png using Guid(d4792f051bea0c844902ce2a22ee7bf5) Importer(815301076,1909f56bfc062723c751e8b465ee728b)  -> (artifact id: 'c41566f3d7f73b921463b29fa7f3513a') in 0.030755 seconds
  Import took 0.044208 seconds .

========================================================================
Received Import Request.
  Time since last request: 0.000454 seconds.
  path: Assets/Assets2/MATERIALS/Engel_O_Material_u1_v1.mat
  artifactKey: Guid(93c9b6614c08b4c41abcaca9fea8b4b9) Importer(815301076,1909f56bfc062723c751e8b465ee728b)
Start importing Assets/Assets2/MATERIALS/Engel_O_Material_u1_v1.mat using Guid(93c9b6614c08b4c41abcaca9fea8b4b9) Importer(815301076,1909f56bfc062723c751e8b465ee728b)  -> (artifact id: '37ea16fe3ad440a8a8c505e3e39c48a6') in 0.033113 seconds
  Import took 0.046718 seconds .

========================================================================
Received Import Request.
  Time since last request: 0.000511 seconds.
  path: Assets/Assets2/PREFABS/KNIFE.prefab
  artifactKey: Guid(68c64e0607911dc4ab689a4e17d4f6e3) Importer(815301076,1909f56bfc062723c751e8b465ee728b)
Start importing Assets/Assets2/PREFABS/KNIFE.prefab using Guid(68c64e0607911dc4ab689a4e17d4f6e3) Importer(815301076,1909f56bfc062723c751e8b465ee728b)  -> (artifact id: 'e6f6b7ceeabb3a36ecb484b15dd942a3') in 0.035671 seconds
  Import took 0.048547 seconds .

========================================================================
Received Import Request.
  Time since last request: 0.000438 seconds.
  path: Assets/Assets2/MATERIALS/ForceField.mat
  artifactKey: Guid(c36c46f3084ffed4cbfc4b546fe4f955) Importer(815301076,1909f56bfc062723c751e8b465ee728b)
Start importing Assets/Assets2/MATERIALS/ForceField.mat using Guid(c36c46f3084ffed4cbfc4b546fe4f955) Importer(815301076,1909f56bfc062723c751e8b465ee728b)  -> (artifact id: '5d077c002ff2e3c660bc5932dcc4e06f') in 0.027299 seconds
  Import took 0.037581 seconds .

========================================================================
Received Import Request.
  Time since last request: 6.331349 seconds.
  path: Assets/Assets2/MATERIALS/Environment materials
  artifactKey: Guid(8945b97054169b04a86d2799f6de95af) Importer(815301076,1909f56bfc062723c751e8b465ee728b)
Start importing Assets/Assets2/MATERIALS/Environment materials using Guid(8945b97054169b04a86d2799f6de95af) Importer(815301076,1909f56bfc062723c751e8b465ee728b)  -> (artifact id: 'a9f72875cbd6f924c065b1a957c06c97') in 0.016132 seconds
  Import took 0.030439 seconds .

========================================================================
Received Import Request.
  Time since last request: 0.005367 seconds.
  path: Assets/Assets2/MATERIALS/Environment materials/BLUE.mat
  artifactKey: Guid(0ac3395f3dfdb084ba1fe6751970e7bc) Importer(815301076,1909f56bfc062723c751e8b465ee728b)
Start importing Assets/Assets2/MATERIALS/Environment materials/BLUE.mat using Guid(0ac3395f3dfdb084ba1fe6751970e7bc) Importer(815301076,1909f56bfc062723c751e8b465ee728b)  -> (artifact id: '71311e530cd2c12aa1cab354c953700e') in 0.032065 seconds
  Import took 0.043859 seconds .

========================================================================
Received Import Request.
  Time since last request: 0.000423 seconds.
  path: Assets/Assets2/MATERIALS/Environment materials/BROWN.mat
  artifactKey: Guid(5f9de66f2c100d14093f491821374e95) Importer(815301076,1909f56bfc062723c751e8b465ee728b)
Start importing Assets/Assets2/MATERIALS/Environment materials/BROWN.mat using Guid(5f9de66f2c100d14093f491821374e95) Importer(815301076,1909f56bfc062723c751e8b465ee728b)  -> (artifact id: '38644cadd7b5ab5084875447f4c19648') in 0.030352 seconds
  Import took 0.047638 seconds .

========================================================================
Received Import Request.
  Time since last request: 0.000482 seconds.
  path: Assets/Assets2/MATERIALS/Environment materials/Gray.mat
  artifactKey: Guid(b8a9e601fa054784182dcb42b96e99ac) Importer(815301076,1909f56bfc062723c751e8b465ee728b)
Start importing Assets/Assets2/MATERIALS/Environment materials/Gray.mat using Guid(b8a9e601fa054784182dcb42b96e99ac) Importer(815301076,1909f56bfc062723c751e8b465ee728b)  -> (artifact id: 'a90ca6edc8afdad20ed8037cc43cae3b') in 0.031573 seconds
  Import took 0.045858 seconds .

========================================================================
Received Import Request.
  Time since last request: 0.000452 seconds.
  path: Assets/Assets2/MATERIALS/Environment materials/GrassMaterial.mat
  artifactKey: Guid(323b061c04e9a24438343edcecb9bb91) Importer(815301076,1909f56bfc062723c751e8b465ee728b)
Start importing Assets/Assets2/MATERIALS/Environment materials/GrassMaterial.mat using Guid(323b061c04e9a24438343edcecb9bb91) Importer(815301076,1909f56bfc062723c751e8b465ee728b)  -> (artifact id: '3d0982f437e1a1a9e2acf98bd50f05e2') in 0.027665 seconds
  Import took 0.040053 seconds .

========================================================================
Received Import Request.
  Time since last request: 0.000400 seconds.
  path: Assets/Assets2/MATERIALS/Environment materials/WALLS.mat
  artifactKey: Guid(bc6bd58d7eb921640967d2ef0eefbaa5) Importer(815301076,1909f56bfc062723c751e8b465ee728b)
Start importing Assets/Assets2/MATERIALS/Environment materials/WALLS.mat using Guid(bc6bd58d7eb921640967d2ef0eefbaa5) Importer(815301076,1909f56bfc062723c751e8b465ee728b)  -> (artifact id: '56ea6e1b5c4b93ed63a947c322cd4e28') in 0.032086 seconds
  Import took 0.043704 seconds .

========================================================================
Received Import Request.
  Time since last request: 0.000490 seconds.
  path: Assets/Assets2/MATERIALS/Environment materials/CobbleStone.mat
  artifactKey: Guid(07399b454f2509d4cb9225d118ec33cf) Importer(815301076,1909f56bfc062723c751e8b465ee728b)
Start importing Assets/Assets2/MATERIALS/Environment materials/CobbleStone.mat using Guid(07399b454f2509d4cb9225d118ec33cf) Importer(815301076,1909f56bfc062723c751e8b465ee728b)  -> (artifact id: '52ea812934e2d6e38e315e2e671f54f5') in 0.038808 seconds
  Import took 0.050780 seconds .

========================================================================
Received Import Request.
  Time since last request: 0.001139 seconds.
  path: Assets/Assets2/MATERIALS/Environment materials/SIMPLE WHITE 2.mat
  artifactKey: Guid(65b2b7e8179e20c47ae900ef972270e1) Importer(815301076,1909f56bfc062723c751e8b465ee728b)
Start importing Assets/Assets2/MATERIALS/Environment materials/SIMPLE WHITE 2.mat using Guid(65b2b7e8179e20c47ae900ef972270e1) Importer(815301076,1909f56bfc062723c751e8b465ee728b)  -> (artifact id: '68dcd3caa7e7ee645985d45203d61f68') in 0.030050 seconds
  Import took 0.045954 seconds .

========================================================================
Received Import Request.
  Time since last request: 0.000397 seconds.
  path: Assets/Assets2/MATERIALS/Environment materials/Water.mat
  artifactKey: Guid(00eea2eda816eb74cb2286a529f5ba3b) Importer(815301076,1909f56bfc062723c751e8b465ee728b)
Start importing Assets/Assets2/MATERIALS/Environment materials/Water.mat using Guid(00eea2eda816eb74cb2286a529f5ba3b) Importer(815301076,1909f56bfc062723c751e8b465ee728b)  -> (artifact id: 'b850d21061fc2f676006f6fa5c8a9f7c') in 0.960960 seconds
  Import took 0.970710 seconds .

========================================================================
Received Prepare
Registering precompiled user dll's ...
Registered in 0.038349 seconds.
Begin MonoManager ReloadAssembly
Fallback handler could not load library C:/Program Files/2020.3.6f1/Editor/Data/Mono/lib/libdl
Fallback handler could not load library C:/Program Files/2020.3.6f1/Editor/Data/Mono/lib/libdl.dll
Fallback handler could not load library C:/Program Files/2020.3.6f1/Editor/Data/Mono/lib/libdl
Native extension for WindowsStandalone target not found
Refreshing native plugins compatible for Editor in 2.67 ms, found 6 plugins.
Preloading 0 native plugins for Editor in 0.00 ms.
Mono: successfully reloaded assembly
Fallback handler could not load library C:/Program Files/2020.3.6f1/Editor/Data/Mono/lib/libdl
Fallback handler could not load library C:/Program Files/2020.3.6f1/Editor/Data/Mono/lib/libdl.dll
Fallback handler could not load library C:/Program Files/2020.3.6f1/Editor/Data/Mono/lib/libdl
Fallback handler could not load library C:/Program Files/2020.3.6f1/Editor/Data/Mono/lib/libdl
Fallback handler could not load library C:/Program Files/2020.3.6f1/Editor/Data/Mono/lib/libdl.dll
Fallback handler could not load library C:/Program Files/2020.3.6f1/Editor/Data/Mono/lib/libdl
- Completed reload, in  3.717 seconds
Platform modules already initialized, skipping
Shader 'Universal Render Pipeline/Particles/Lit': fallback shader 'Universal Render Pipeline/Particles/SimpleLit' not found
Refreshing native plugins compatible for Editor in 4.64 ms, found 6 plugins.
Preloading 0 native plugins for Editor in 0.00 ms.
Unloading 3597 Unused Serialized files (Serialized files now loaded: 0)
System memory in use before: 188.3 MB.
System memory in use after: 188.5 MB.

Unloading 66 unused Assets to reduce memory usage. Loaded Objects now: 4437.
Total: 9.088400 ms (FindLiveObjects: 0.646600 ms CreateObjectMapping: 0.250300 ms MarkObjects: 7.946700 ms  DeleteObjects: 0.242000 ms)

========================================================================
Received Prepare
Registering precompiled user dll's ...
Registered in 0.043779 seconds.
Begin MonoManager ReloadAssembly
Fallback handler could not load library C:/Program Files/2020.3.6f1/Editor/Data/Mono/lib/libdl
Fallback handler could not load library C:/Program Files/2020.3.6f1/Editor/Data/Mono/lib/libdl.dll
Fallback handler could not load library C:/Program Files/2020.3.6f1/Editor/Data/Mono/lib/libdl
Native extension for WindowsStandalone target not found
Refreshing native plugins compatible for Editor in 2.14 ms, found 6 plugins.
Preloading 0 native plugins for Editor in 0.00 ms.
Mono: successfully reloaded assembly
Fallback handler could not load library C:/Program Files/2020.3.6f1/Editor/Data/Mono/lib/libdl
Fallback handler could not load library C:/Program Files/2020.3.6f1/Editor/Data/Mono/lib/libdl.dll
Fallback handler could not load library C:/Program Files/2020.3.6f1/Editor/Data/Mono/lib/libdl
Fallback handler could not load library C:/Program Files/2020.3.6f1/Editor/Data/Mono/lib/libdl
Fallback handler could not load library C:/Program Files/2020.3.6f1/Editor/Data/Mono/lib/libdl.dll
Fallback handler could not load library C:/Program Files/2020.3.6f1/Editor/Data/Mono/lib/libdl
- Completed reload, in  3.022 seconds
Platform modules already initialized, skipping
Shader 'Universal Render Pipeline/Particles/Lit': fallback shader 'Universal Render Pipeline/Particles/SimpleLit' not found
Refreshing native plugins compatible for Editor in 2.23 ms, found 6 plugins.
Preloading 0 native plugins for Editor in 0.00 ms.
Unloading 3595 Unused Serialized files (Serialized files now loaded: 0)
System memory in use before: 188.2 MB.
System memory in use after: 188.4 MB.

Unloading 64 unused Assets to reduce memory usage. Loaded Objects now: 4440.
Total: 8.987800 ms (FindLiveObjects: 0.480900 ms CreateObjectMapping: 0.260100 ms MarkObjects: 8.094300 ms  DeleteObjects: 0.149700 ms)

========================================================================
Received Prepare
Registering precompiled user dll's ...
Registered in 0.039611 seconds.
Begin MonoManager ReloadAssembly
Fallback handler could not load library C:/Program Files/2020.3.6f1/Editor/Data/Mono/lib/libdl
Fallback handler could not load library C:/Program Files/2020.3.6f1/Editor/Data/Mono/lib/libdl.dll
Fallback handler could not load library C:/Program Files/2020.3.6f1/Editor/Data/Mono/lib/libdl
Native extension for WindowsStandalone target not found
Refreshing native plugins compatible for Editor in 3.42 ms, found 6 plugins.
Preloading 0 native plugins for Editor in 0.00 ms.
Mono: successfully reloaded assembly
Fallback handler could not load library C:/Program Files/2020.3.6f1/Editor/Data/Mono/lib/libdl
Fallback handler could not load library C:/Program Files/2020.3.6f1/Editor/Data/Mono/lib/libdl.dll
Fallback handler could not load library C:/Program Files/2020.3.6f1/Editor/Data/Mono/lib/libdl
Fallback handler could not load library C:/Program Files/2020.3.6f1/Editor/Data/Mono/lib/libdl
Fallback handler could not load library C:/Program Files/2020.3.6f1/Editor/Data/Mono/lib/libdl.dll
Fallback handler could not load library C:/Program Files/2020.3.6f1/Editor/Data/Mono/lib/libdl
- Completed reload, in  3.742 seconds
Platform modules already initialized, skipping
Shader 'Universal Render Pipeline/Particles/Lit': fallback shader 'Universal Render Pipeline/Particles/SimpleLit' not found
Refreshing native plugins compatible for Editor in 2.61 ms, found 6 plugins.
Preloading 0 native plugins for Editor in 0.00 ms.
Unloading 3595 Unused Serialized files (Serialized files now loaded: 0)
System memory in use before: 188.2 MB.
System memory in use after: 188.4 MB.

Unloading 64 unused Assets to reduce memory usage. Loaded Objects now: 4443.
Total: 6.532500 ms (FindLiveObjects: 0.703300 ms CreateObjectMapping: 0.284800 ms MarkObjects: 5.354000 ms  DeleteObjects: 0.188100 ms)

========================================================================
Received Prepare
Registering precompiled user dll's ...
Registered in 0.036299 seconds.
Begin MonoManager ReloadAssembly
Fallback handler could not load library C:/Program Files/2020.3.6f1/Editor/Data/Mono/lib/libdl
Fallback handler could not load library C:/Program Files/2020.3.6f1/Editor/Data/Mono/lib/libdl.dll
Fallback handler could not load library C:/Program Files/2020.3.6f1/Editor/Data/Mono/lib/libdl
Native extension for WindowsStandalone target not found
Refreshing native plugins compatible for Editor in 3.52 ms, found 6 plugins.
Preloading 0 native plugins for Editor in 0.00 ms.
Mono: successfully reloaded assembly
Fallback handler could not load library C:/Program Files/2020.3.6f1/Editor/Data/Mono/lib/libdl
Fallback handler could not load library C:/Program Files/2020.3.6f1/Editor/Data/Mono/lib/libdl.dll
Fallback handler could not load library C:/Program Files/2020.3.6f1/Editor/Data/Mono/lib/libdl
Fallback handler could not load library C:/Program Files/2020.3.6f1/Editor/Data/Mono/lib/libdl
Fallback handler could not load library C:/Program Files/2020.3.6f1/Editor/Data/Mono/lib/libdl.dll
Fallback handler could not load library C:/Program Files/2020.3.6f1/Editor/Data/Mono/lib/libdl
- Completed reload, in  3.621 seconds
Platform modules already initialized, skipping
Shader 'Universal Render Pipeline/Particles/Lit': fallback shader 'Universal Render Pipeline/Particles/SimpleLit' not found
Refreshing native plugins compatible for Editor in 2.15 ms, found 6 plugins.
Preloading 0 native plugins for Editor in 0.00 ms.
Unloading 3595 Unused Serialized files (Serialized files now loaded: 0)
System memory in use before: 188.2 MB.
System memory in use after: 188.4 MB.

Unloading 64 unused Assets to reduce memory usage. Loaded Objects now: 4446.
Total: 8.338100 ms (FindLiveObjects: 0.754500 ms CreateObjectMapping: 0.318000 ms MarkObjects: 6.977200 ms  DeleteObjects: 0.285500 ms)

========================================================================
Received Import Request.
  Time since last request: 505.525634 seconds.
  path: Assets/Assets2/SCRIPTS/PLAYER/PlayerControls.inputactions
  artifactKey: Guid(7ad4e5d0e5f1f0e48ac3600bd962db5d) Importer(815301076,1909f56bfc062723c751e8b465ee728b)
Start importing Assets/Assets2/SCRIPTS/PLAYER/PlayerControls.inputactions using Guid(7ad4e5d0e5f1f0e48ac3600bd962db5d) Importer(815301076,1909f56bfc062723c751e8b465ee728b)  -> (artifact id: '520882b941d7459f2588d2e2a246a2ec') in 0.062720 seconds
  Import took 0.075686 seconds .

========================================================================
Received Prepare
Registering precompiled user dll's ...
Registered in 0.071112 seconds.
Begin MonoManager ReloadAssembly
Fallback handler could not load library C:/Program Files/2020.3.6f1/Editor/Data/Mono/lib/libdl
Fallback handler could not load library C:/Program Files/2020.3.6f1/Editor/Data/Mono/lib/libdl.dll
Fallback handler could not load library C:/Program Files/2020.3.6f1/Editor/Data/Mono/lib/libdl
Native extension for WindowsStandalone target not found
Refreshing native plugins compatible for Editor in 3.22 ms, found 6 plugins.
Preloading 0 native plugins for Editor in 0.00 ms.
Mono: successfully reloaded assembly
Fallback handler could not load library C:/Program Files/2020.3.6f1/Editor/Data/Mono/lib/libdl
Fallback handler could not load library C:/Program Files/2020.3.6f1/Editor/Data/Mono/lib/libdl.dll
Fallback handler could not load library C:/Program Files/2020.3.6f1/Editor/Data/Mono/lib/libdl
Fallback handler could not load library C:/Program Files/2020.3.6f1/Editor/Data/Mono/lib/libdl
Fallback handler could not load library C:/Program Files/2020.3.6f1/Editor/Data/Mono/lib/libdl.dll
Fallback handler could not load library C:/Program Files/2020.3.6f1/Editor/Data/Mono/lib/libdl
- Completed reload, in  4.523 seconds
Platform modules already initialized, skipping
Shader 'Universal Render Pipeline/Particles/Lit': fallback shader 'Universal Render Pipeline/Particles/SimpleLit' not found
Refreshing native plugins compatible for Editor in 2.74 ms, found 6 plugins.
Preloading 0 native plugins for Editor in 0.00 ms.
Unloading 3595 Unused Serialized files (Serialized files now loaded: 0)
System memory in use before: 188.3 MB.
System memory in use after: 188.5 MB.

Unloading 64 unused Assets to reduce memory usage. Loaded Objects now: 4449.
Total: 10.282100 ms (FindLiveObjects: 0.568900 ms CreateObjectMapping: 0.575300 ms MarkObjects: 8.920000 ms  DeleteObjects: 0.214400 ms)

========================================================================
Received Prepare
Registering precompiled user dll's ...
Registered in 0.045074 seconds.
Begin MonoManager ReloadAssembly
Fallback handler could not load library C:/Program Files/2020.3.6f1/Editor/Data/Mono/lib/libdl
Fallback handler could not load library C:/Program Files/2020.3.6f1/Editor/Data/Mono/lib/libdl.dll
Fallback handler could not load library C:/Program Files/2020.3.6f1/Editor/Data/Mono/lib/libdl
Native extension for WindowsStandalone target not found
Refreshing native plugins compatible for Editor in 2.13 ms, found 6 plugins.
Preloading 0 native plugins for Editor in 0.00 ms.
Mono: successfully reloaded assembly
Fallback handler could not load library C:/Program Files/2020.3.6f1/Editor/Data/Mono/lib/libdl
Fallback handler could not load library C:/Program Files/2020.3.6f1/Editor/Data/Mono/lib/libdl.dll
Fallback handler could not load library C:/Program Files/2020.3.6f1/Editor/Data/Mono/lib/libdl
Fallback handler could not load library C:/Program Files/2020.3.6f1/Editor/Data/Mono/lib/libdl
Fallback handler could not load library C:/Program Files/2020.3.6f1/Editor/Data/Mono/lib/libdl.dll
Fallback handler could not load library C:/Program Files/2020.3.6f1/Editor/Data/Mono/lib/libdl
- Completed reload, in  3.396 seconds
Platform modules already initialized, skipping
Shader 'Universal Render Pipeline/Particles/Lit': fallback shader 'Universal Render Pipeline/Particles/SimpleLit' not found
Refreshing native plugins compatible for Editor in 2.95 ms, found 6 plugins.
Preloading 0 native plugins for Editor in 0.00 ms.
Unloading 3595 Unused Serialized files (Serialized files now loaded: 0)
System memory in use before: 188.4 MB.
System memory in use after: 188.6 MB.

Unloading 64 unused Assets to reduce memory usage. Loaded Objects now: 4452.
Total: 8.801200 ms (FindLiveObjects: 0.518200 ms CreateObjectMapping: 0.234900 ms MarkObjects: 7.526900 ms  DeleteObjects: 0.517700 ms)

AssetImportWorkerClient::OnTransportError - code=2 error=End of file
