Using pre-set license
Built from '2020.3/staging' branch; Version is '2020.3.6f1 (338bb68529b2) revision 3378102'; Using compiler version '192528614'; Build Type 'Release'
OS: 'Windows 10 Pro; OS build 19042.1083; Version 2009; 64bit' Language: 'en' Physical Memory: 16161 MB
BatchMode: 1, IsHumanControllingUs: 0, StartBugReporterOnCrash: 0, Is64bit: 1, IsPro: 0

 COMMAND LINE ARGUMENTS:
C:\Program Files\2020.3.6f1\Editor\Unity.exe
-adb2
-batchMode
-noUpm
-name
AssetImportWorker18
-projectPath
C:/Users/kahyt/OneDrive/Desktop/Unity projects/Dungeon
-logFile
Logs/AssetImportWorker18.log
-srvPort
58656
Successfully changed project path to: C:/Users/kahyt/OneDrive/Desktop/Unity projects/Dungeon
C:/Users/kahyt/OneDrive/Desktop/Unity projects/Dungeon
Using Asset Import Pipeline V2.
Refreshing native plugins compatible for Editor in 1287.32 ms, found 2 plugins.
Preloading 0 native plugins for Editor in 0.00 ms.
Initialize engine version: 2020.3.6f1 (338bb68529b2)
[Subsystems] Discovering subsystems at path C:/Program Files/2020.3.6f1/Editor/Data/Resources/UnitySubsystems
[Subsystems] Discovering subsystems at path C:/Users/kahyt/OneDrive/Desktop/Unity projects/Dungeon/Assets
GfxDevice: creating device client; threaded=0
