Using pre-set license
Built from '2020.3/staging' branch; Version is '2020.3.6f1 (338bb68529b2) revision 3378102'; Using compiler version '192528614'; Build Type 'Release'
OS: 'Windows 10 Pro; OS build 22000.348; Version 2009; 64bit' Language: 'en' Physical Memory: 16160 MB
BatchMode: 1, IsHumanControllingUs: 0, StartBugReporterOnCrash: 0, Is64bit: 1, IsPro: 0

 COMMAND LINE ARGUMENTS:
D:\UnityHub\Editor\2020.3.6f1\Editor\Unity.exe
-adb2
-batchMode
-noUpm
-name
AssetImportWorker1
-projectPath
C:/Users/kahyt/OneDrive/Desktop/GITHUB/FantasyRPG
-logFile
Logs/AssetImportWorker1.log
-srvPort
60446
Successfully changed project path to: C:/Users/kahyt/OneDrive/Desktop/GITHUB/FantasyRPG
C:/Users/kahyt/OneDrive/Desktop/GITHUB/FantasyRPG
Using Asset Import Pipeline V2.
Refreshing native plugins compatible for Editor in 89.37 ms, found 1 plugins.
Preloading 0 native plugins for Editor in 0.00 ms.
Initialize engine version: 2020.3.6f1 (338bb68529b2)
[Subsystems] Discovering subsystems at path D:/UnityHub/Editor/2020.3.6f1/Editor/Data/Resources/UnitySubsystems
[Subsystems] Discovering subsystems at path C:/Users/kahyt/OneDrive/Desktop/GITHUB/FantasyRPG/Assets
GfxDevice: creating device client; threaded=0
Direct3D:
    Version:  Direct3D 11.0 [level 11.1]
    Renderer: NVIDIA GeForce MX350 (ID=0x1c94)
    Vendor:   
    VRAM:     1979 MB
    Driver:   30.0.14.7196
Shader 'Universal Render Pipeline/Particles/Lit': fallback shader 'Universal Render Pipeline/Particles/SimpleLit' not found
Initialize mono
Mono path[0] = 'D:/UnityHub/Editor/2020.3.6f1/Editor/Data/Managed'
Mono path[1] = 'D:/UnityHub/Editor/2020.3.6f1/Editor/Data/MonoBleedingEdge/lib/mono/unityjit'
Mono config path = 'D:/UnityHub/Editor/2020.3.6f1/Editor/Data/MonoBleedingEdge/etc'
Using monoOptions --debugger-agent=transport=dt_socket,embedding=1,server=y,suspend=n,address=127.0.0.1:56852
Begin MonoManager ReloadAssembly
Registering precompiled unity dll's ...
Register platform support module: D:/UnityHub/Editor/2020.3.6f1/Editor/Data/PlaybackEngines/WindowsStandaloneSupport/UnityEditor.WindowsStandalone.Extensions.dll
Registered in 0.000906 seconds.
Native extension for WindowsStandalone target not found
Refreshing native plugins compatible for Editor in 166.35 ms, found 1 plugins.
Preloading 0 native plugins for Editor in 0.00 ms.
Mono: successfully reloaded assembly
- Completed reload, in  1.343 seconds
Platform modules already initialized, skipping
Registering precompiled user dll's ...
Registered in 0.004402 seconds.
Begin MonoManager ReloadAssembly
Native extension for WindowsStandalone target not found
Refreshing native plugins compatible for Editor in 167.02 ms, found 1 plugins.
Preloading 0 native plugins for Editor in 0.00 ms.
Mono: successfully reloaded assembly
- Completed reload, in  4.481 seconds
Platform modules already initialized, skipping
========================================================================
Worker process is ready to serve import requests
Shader 'Universal Render Pipeline/Particles/Lit': fallback shader 'Universal Render Pipeline/Particles/SimpleLit' not found
Launched and connected shader compiler UnityShaderCompiler.exe after 0.06 seconds
Refreshing native plugins compatible for Editor in 1.40 ms, found 1 plugins.
Preloading 0 native plugins for Editor in 0.00 ms.
Unloading 3738 Unused Serialized files (Serialized files now loaded: 0)
System memory in use before: 172.3 MB.
System memory in use after: 172.5 MB.

Unloading 18 unused Assets to reduce memory usage. Loaded Objects now: 4181.
Total: 5.530200 ms (FindLiveObjects: 0.641400 ms CreateObjectMapping: 0.306000 ms MarkObjects: 4.365700 ms  DeleteObjects: 0.214600 ms)

========================================================================
Received Import Request.
  path: Assets/ANIMATION/PLAYER/Climbing.anim
  artifactKey: Guid(ad3ef0627bd9e5d4f82e46f44fc80bd7) Importer(815301076,1909f56bfc062723c751e8b465ee728b)
Start importing Assets/ANIMATION/PLAYER/Climbing.anim using Guid(ad3ef0627bd9e5d4f82e46f44fc80bd7) Importer(815301076,1909f56bfc062723c751e8b465ee728b)  -> (artifact id: '7cb5ad9569e713f350407e10f08f23e2') in 0.153110 seconds
  Import took 0.169994 seconds .

========================================================================
Received Import Request.
  Time since last request: 0.002571 seconds.
  path: Assets/ANIMATION/PLAYER/ClimbingUp.anim
  artifactKey: Guid(4be4110d93f00d148b26db948a7eca95) Importer(815301076,1909f56bfc062723c751e8b465ee728b)
Start importing Assets/ANIMATION/PLAYER/ClimbingUp.anim using Guid(4be4110d93f00d148b26db948a7eca95) Importer(815301076,1909f56bfc062723c751e8b465ee728b)  -> (artifact id: 'b69279abf7b8ef9796a26322930ebb3f') in 0.095724 seconds
  Import took 0.129431 seconds .

========================================================================
Received Import Request.
  Time since last request: 92.368309 seconds.
  path: Assets/ANIMATION/PLAYER/Climbing.fbx
  artifactKey: Guid(5cf12015540dc6d468e240df0a48aa41) Importer(815301076,1909f56bfc062723c751e8b465ee728b)
Start importing Assets/ANIMATION/PLAYER/Climbing.fbx using Guid(5cf12015540dc6d468e240df0a48aa41) Importer(815301076,1909f56bfc062723c751e8b465ee728b)  -> (artifact id: 'db394a145118b2bdd709d688f39ad2bb') in 0.974607 seconds
  Import took 0.996367 seconds .

========================================================================
Received Import Request.
  Time since last request: 8.908299 seconds.
  path: Assets/ANIMATION/PLAYER/Climbing.fbx
  artifactKey: Guid(5cf12015540dc6d468e240df0a48aa41) Importer(815301076,1909f56bfc062723c751e8b465ee728b)
Start importing Assets/ANIMATION/PLAYER/Climbing.fbx using Guid(5cf12015540dc6d468e240df0a48aa41) Importer(815301076,1909f56bfc062723c751e8b465ee728b)  -> (artifact id: '6549c3d00b2e581a2d119a3e08120c1c') in 0.093723 seconds
  Import took 0.105610 seconds .

========================================================================
Received Import Request.
  Time since last request: 3.751016 seconds.
  path: Assets/ANIMATION/PLAYER/Armature_Armature_mixamo.com_Layer0.anim
  artifactKey: Guid(26fbbb456abf8e64da68dfc0c5ca83ae) Importer(815301076,1909f56bfc062723c751e8b465ee728b)
Start importing Assets/ANIMATION/PLAYER/Armature_Armature_mixamo.com_Layer0.anim using Guid(26fbbb456abf8e64da68dfc0c5ca83ae) Importer(815301076,1909f56bfc062723c751e8b465ee728b)  -> (artifact id: 'aabbc47c2c0153468a400f05daa31aa5') in 0.035489 seconds
  Import took 0.045898 seconds .

========================================================================
Received Import Request.
  Time since last request: 31.618715 seconds.
  path: Assets/ANIMATION/PLAYER/Climbing.anim
  artifactKey: Guid(26fbbb456abf8e64da68dfc0c5ca83ae) Importer(815301076,1909f56bfc062723c751e8b465ee728b)
Start importing Assets/ANIMATION/PLAYER/Climbing.anim using Guid(26fbbb456abf8e64da68dfc0c5ca83ae) Importer(815301076,1909f56bfc062723c751e8b465ee728b)  -> (artifact id: '8b0a36ee101b8bfe8381e12f0ab7304f') in 0.028322 seconds
  Import took 0.038029 seconds .

========================================================================
Received Import Request.
  Time since last request: 68.142928 seconds.
  path: Assets/ANIMATION/PLAYER/Humanoid.controller
  artifactKey: Guid(637f24cdf5f4c1049a3e146f811ecc9d) Importer(815301076,1909f56bfc062723c751e8b465ee728b)
Start importing Assets/ANIMATION/PLAYER/Humanoid.controller using Guid(637f24cdf5f4c1049a3e146f811ecc9d) Importer(815301076,1909f56bfc062723c751e8b465ee728b)  -> (artifact id: '795115c90fedf58f41ea8ee3fcb47769') in 0.402645 seconds
  Import took 0.410847 seconds .

========================================================================
Received Prepare
Registering precompiled user dll's ...
Registered in 0.003099 seconds.
Begin MonoManager ReloadAssembly
Native extension for WindowsStandalone target not found
Refreshing native plugins compatible for Editor in 0.60 ms, found 1 plugins.
Preloading 0 native plugins for Editor in 0.00 ms.
Mono: successfully reloaded assembly
- Completed reload, in  1.810 seconds
Platform modules already initialized, skipping
Shader 'Universal Render Pipeline/Particles/Lit': fallback shader 'Universal Render Pipeline/Particles/SimpleLit' not found
Refreshing native plugins compatible for Editor in 0.82 ms, found 1 plugins.
Preloading 0 native plugins for Editor in 0.00 ms.
Unloading 3555 Unused Serialized files (Serialized files now loaded: 0)
System memory in use before: 177.4 MB.
System memory in use after: 177.6 MB.

Unloading 11 unused Assets to reduce memory usage. Loaded Objects now: 4266.
Total: 9.977000 ms (FindLiveObjects: 1.022600 ms CreateObjectMapping: 0.436300 ms MarkObjects: 8.356400 ms  DeleteObjects: 0.156200 ms)

========================================================================
Received Prepare
Registering precompiled user dll's ...
Registered in 0.004135 seconds.
Begin MonoManager ReloadAssembly
Native extension for WindowsStandalone target not found
Refreshing native plugins compatible for Editor in 0.74 ms, found 1 plugins.
Preloading 0 native plugins for Editor in 0.00 ms.
Mono: successfully reloaded assembly
- Completed reload, in  1.410 seconds
Platform modules already initialized, skipping
Shader 'Universal Render Pipeline/Particles/Lit': fallback shader 'Universal Render Pipeline/Particles/SimpleLit' not found
Refreshing native plugins compatible for Editor in 0.62 ms, found 1 plugins.
Preloading 0 native plugins for Editor in 0.00 ms.
Unloading 3555 Unused Serialized files (Serialized files now loaded: 0)
System memory in use before: 177.5 MB.
System memory in use after: 177.7 MB.

Unloading 11 unused Assets to reduce memory usage. Loaded Objects now: 4269.
Total: 3.600800 ms (FindLiveObjects: 0.402200 ms CreateObjectMapping: 0.160000 ms MarkObjects: 2.950400 ms  DeleteObjects: 0.086600 ms)

========================================================================
Received Prepare
Registering precompiled user dll's ...
Registered in 0.002346 seconds.
Begin MonoManager ReloadAssembly
Native extension for WindowsStandalone target not found
Refreshing native plugins compatible for Editor in 0.64 ms, found 1 plugins.
Preloading 0 native plugins for Editor in 0.00 ms.
Mono: successfully reloaded assembly
- Completed reload, in  1.388 seconds
Platform modules already initialized, skipping
Shader 'Universal Render Pipeline/Particles/Lit': fallback shader 'Universal Render Pipeline/Particles/SimpleLit' not found
Refreshing native plugins compatible for Editor in 0.79 ms, found 1 plugins.
Preloading 0 native plugins for Editor in 0.00 ms.
Unloading 3555 Unused Serialized files (Serialized files now loaded: 0)
System memory in use before: 177.5 MB.
System memory in use after: 177.7 MB.

Unloading 11 unused Assets to reduce memory usage. Loaded Objects now: 4272.
Total: 4.323600 ms (FindLiveObjects: 0.532800 ms CreateObjectMapping: 0.179800 ms MarkObjects: 3.513600 ms  DeleteObjects: 0.095800 ms)

========================================================================
Received Prepare
Registering precompiled user dll's ...
Registered in 0.002381 seconds.
Begin MonoManager ReloadAssembly
Native extension for WindowsStandalone target not found
Refreshing native plugins compatible for Editor in 0.67 ms, found 1 plugins.
Preloading 0 native plugins for Editor in 0.00 ms.
Mono: successfully reloaded assembly
- Completed reload, in  1.336 seconds
Platform modules already initialized, skipping
Shader 'Universal Render Pipeline/Particles/Lit': fallback shader 'Universal Render Pipeline/Particles/SimpleLit' not found
Refreshing native plugins compatible for Editor in 0.76 ms, found 1 plugins.
Preloading 0 native plugins for Editor in 0.00 ms.
Unloading 3555 Unused Serialized files (Serialized files now loaded: 0)
System memory in use before: 177.6 MB.
System memory in use after: 177.8 MB.

Unloading 11 unused Assets to reduce memory usage. Loaded Objects now: 4275.
Total: 4.158300 ms (FindLiveObjects: 0.623200 ms CreateObjectMapping: 0.246000 ms MarkObjects: 3.175000 ms  DeleteObjects: 0.112300 ms)

AssetImportWorkerClient::OnTransportError - code=2 error=End of file
