Using pre-set license
Built from '2020.3/staging' branch; Version is '2020.3.6f1 (338bb68529b2) revision 3378102'; Using compiler version '192528614'; Build Type 'Release'
OS: 'Windows 10 Pro; OS build 19042.1110; Version 2009; 64bit' Language: 'en' Physical Memory: 16161 MB
BatchMode: 1, IsHumanControllingUs: 0, StartBugReporterOnCrash: 0, Is64bit: 1, IsPro: 0

 COMMAND LINE ARGUMENTS:
C:\Program Files\2020.3.6f1\Editor\Unity.exe
-adb2
-batchMode
-noUpm
-name
AssetImportWorker3
-projectPath
C:/Users/kahyt/OneDrive/Documents/GitHub/FantasyRPG
-logFile
Logs/AssetImportWorker3.log
-srvPort
58958
Successfully changed project path to: C:/Users/kahyt/OneDrive/Documents/GitHub/FantasyRPG
C:/Users/kahyt/OneDrive/Documents/GitHub/FantasyRPG
Using Asset Import Pipeline V2.
Refreshing native plugins compatible for Editor in 398.41 ms, found 2 plugins.
Preloading 0 native plugins for Editor in 0.00 ms.
Initialize engine version: 2020.3.6f1 (338bb68529b2)
[Subsystems] Discovering subsystems at path C:/Program Files/2020.3.6f1/Editor/Data/Resources/UnitySubsystems
[Subsystems] Discovering subsystems at path C:/Users/kahyt/OneDrive/Documents/GitHub/FantasyRPG/Assets
GfxDevice: creating device client; threaded=0
Direct3D:
    Version:  Direct3D 11.0 [level 11.1]
    Renderer: NVIDIA GeForce MX350 (ID=0x1c94)
    Vendor:   
    VRAM:     1979 MB
    Driver:   30.0.14.7111
Shader 'Universal Render Pipeline/Particles/Lit': fallback shader 'Universal Render Pipeline/Particles/SimpleLit' not found
Initialize mono
Mono path[0] = 'C:/Program Files/2020.3.6f1/Editor/Data/Managed'
Mono path[1] = 'C:/Program Files/2020.3.6f1/Editor/Data/MonoBleedingEdge/lib/mono/unityjit'
Mono config path = 'C:/Program Files/2020.3.6f1/Editor/Data/MonoBleedingEdge/etc'
Using monoOptions --debugger-agent=transport=dt_socket,embedding=1,server=y,suspend=n,address=127.0.0.1:56084
Begin MonoManager ReloadAssembly
Registering precompiled unity dll's ...
Register platform support module: C:/Program Files/2020.3.6f1/Editor/Data/PlaybackEngines/WindowsStandaloneSupport/UnityEditor.WindowsStandalone.Extensions.dll
Registered in 0.009646 seconds.
Native extension for WindowsStandalone target not found
Refreshing native plugins compatible for Editor in 257.04 ms, found 2 plugins.
Preloading 0 native plugins for Editor in 0.00 ms.
Mono: successfully reloaded assembly
- Completed reload, in 11.434 seconds
Platform modules already initialized, skipping
Registering precompiled user dll's ...
Registered in 0.040474 seconds.
Begin MonoManager ReloadAssembly
Native extension for WindowsStandalone target not found
Refreshing native plugins compatible for Editor in 152.19 ms, found 2 plugins.
Preloading 0 native plugins for Editor in 0.00 ms.
Mono: successfully reloaded assembly
- Completed reload, in  3.916 seconds
Platform modules already initialized, skipping
========================================================================
Worker process is ready to serve import requests
Shader 'Universal Render Pipeline/Particles/Lit': fallback shader 'Universal Render Pipeline/Particles/SimpleLit' not found
Launched and connected shader compiler UnityShaderCompiler.exe after 0.10 seconds
Refreshing native plugins compatible for Editor in 1.65 ms, found 2 plugins.
Preloading 0 native plugins for Editor in 0.00 ms.
Unloading 3560 Unused Serialized files (Serialized files now loaded: 0)
System memory in use before: 159.0 MB.
System memory in use after: 159.2 MB.

Unloading 35 unused Assets to reduce memory usage. Loaded Objects now: 4146.
Total: 9.447300 ms (FindLiveObjects: 0.406900 ms CreateObjectMapping: 0.271600 ms MarkObjects: 8.600600 ms  DeleteObjects: 0.164800 ms)

========================================================================
Received Import Request.
  path: Assets/MAP3.blend
  artifactKey: Guid(a1c8235c618e2b846be36693c299a220) Importer(815301076,1909f56bfc062723c751e8b465ee728b)
Start importing Assets/MAP3.blend using Guid(a1c8235c618e2b846be36693c299a220) Importer(815301076,1909f56bfc062723c751e8b465ee728b)  -> (artifact id: '7cdb3c147b1d207837677c48cabd98a2') in 1.321114 seconds
  Import took 1.335838 seconds .

========================================================================
Received Import Request.
  Time since last request: 0.000463 seconds.
  path: Assets/WaterShader.shadergraph
  artifactKey: Guid(b92a21fe305e28b4997caeb00154d14c) Importer(815301076,1909f56bfc062723c751e8b465ee728b)
Start importing Assets/WaterShader.shadergraph using Guid(b92a21fe305e28b4997caeb00154d14c) Importer(815301076,1909f56bfc062723c751e8b465ee728b)  -> (artifact id: '15e3533cff6a3f9f9863c20fdaf5ea59') in 0.022416 seconds
  Import took 0.032689 seconds .

========================================================================
Received Import Request.
  Time since last request: 52.271990 seconds.
  path: Assets/SCENES
  artifactKey: Guid(e5e9b3c54f947be4e961fe709fa2303b) Importer(815301076,1909f56bfc062723c751e8b465ee728b)
Start importing Assets/SCENES using Guid(e5e9b3c54f947be4e961fe709fa2303b) Importer(815301076,1909f56bfc062723c751e8b465ee728b)  -> (artifact id: '19d907cb6b2e30284688d83e53a04f64') in 0.015754 seconds
  Import took 0.025330 seconds .

========================================================================
Received Import Request.
  Time since last request: 1.851648 seconds.
  path: Assets/SCENES/MAIN SCENE.unity
  artifactKey: Guid(b27077ae9d8b32244805f81286649b49) Importer(815301076,1909f56bfc062723c751e8b465ee728b)
Start importing Assets/SCENES/MAIN SCENE.unity using Guid(b27077ae9d8b32244805f81286649b49) Importer(815301076,1909f56bfc062723c751e8b465ee728b)  -> (artifact id: '893bc7b78518ede1812f7c35348f50ea') in 0.019317 seconds
  Import took 0.030978 seconds .

========================================================================
Received Import Request.
  Time since last request: 224.016718 seconds.
  path: Assets/MATERIALS
  artifactKey: Guid(00cc41517d5b68346a2327a218cf41a9) Importer(815301076,1909f56bfc062723c751e8b465ee728b)
Start importing Assets/MATERIALS using Guid(00cc41517d5b68346a2327a218cf41a9) Importer(815301076,1909f56bfc062723c751e8b465ee728b)  -> (artifact id: '605b8f37dd8944b76f15461d70eea888') in 0.019544 seconds
  Import took 0.039480 seconds .

========================================================================
Received Import Request.
  Time since last request: 0.006977 seconds.
  path: Assets/MATERIALS/GridBox_Default.png
  artifactKey: Guid(6e04e60bf0c64344ba2115228e014678) Importer(815301076,1909f56bfc062723c751e8b465ee728b)
Start importing Assets/MATERIALS/GridBox_Default.png using Guid(6e04e60bf0c64344ba2115228e014678) Importer(815301076,1909f56bfc062723c751e8b465ee728b)  -> (artifact id: 'bc7ee92e89d09bde2c89b8587fb63c1e') in 0.083011 seconds
  Import took 0.095725 seconds .

========================================================================
Received Import Request.
  Time since last request: 1.275766 seconds.
  path: Assets/MATERIALS/Textured
  artifactKey: Guid(c9e35258dcbd3724eb3b088532af82de) Importer(815301076,1909f56bfc062723c751e8b465ee728b)
Start importing Assets/MATERIALS/Textured using Guid(c9e35258dcbd3724eb3b088532af82de) Importer(815301076,1909f56bfc062723c751e8b465ee728b)  -> (artifact id: 'f7e05184c5c3dd8436d3236ea9bd7f9b') in 0.017424 seconds
  Import took 0.033816 seconds .

========================================================================
Received Import Request.
  Time since last request: 0.029269 seconds.
  path: Assets/MATERIALS/Textured/Billboard.mat
  artifactKey: Guid(8d98e2d2f6043c94893cbd1a9400acaf) Importer(815301076,1909f56bfc062723c751e8b465ee728b)
Start importing Assets/MATERIALS/Textured/Billboard.mat using Guid(8d98e2d2f6043c94893cbd1a9400acaf) Importer(815301076,1909f56bfc062723c751e8b465ee728b)  -> (artifact id: 'bd3eb007429f11f37252c74bbc4cddf9') in 0.063807 seconds
  Import took 0.075248 seconds .

========================================================================
Received Import Request.
  Time since last request: 0.000411 seconds.
  path: Assets/MATERIALS/Textured/Iceberg.png
  artifactKey: Guid(03d1fef0f3665134f98a8661634054a6) Importer(815301076,1909f56bfc062723c751e8b465ee728b)
Start importing Assets/MATERIALS/Textured/Iceberg.png using Guid(03d1fef0f3665134f98a8661634054a6) Importer(815301076,1909f56bfc062723c751e8b465ee728b)  -> (artifact id: 'c1724bd1e9b34bc4e84cd7888ea8f9d6') in 0.033631 seconds
  Import took 0.049685 seconds .

========================================================================
Received Import Request.
  Time since last request: 0.000497 seconds.
  path: Assets/MATERIALS/Textured/GRID.mat
  artifactKey: Guid(4144a08cf96e66740832d57137011edb) Importer(815301076,1909f56bfc062723c751e8b465ee728b)
Start importing Assets/MATERIALS/Textured/GRID.mat using Guid(4144a08cf96e66740832d57137011edb) Importer(815301076,1909f56bfc062723c751e8b465ee728b)  -> (artifact id: '7d65396557b823fe99f511e7872b4876') in 0.046751 seconds
  Import took 0.060405 seconds .

========================================================================
Received Import Request.
  Time since last request: 0.000839 seconds.
  path: Assets/MATERIALS/Textured/Snow.mat
  artifactKey: Guid(38c083e9a13664248a25a650dd2e5013) Importer(815301076,1909f56bfc062723c751e8b465ee728b)
Start importing Assets/MATERIALS/Textured/Snow.mat using Guid(38c083e9a13664248a25a650dd2e5013) Importer(815301076,1909f56bfc062723c751e8b465ee728b)  -> (artifact id: '35e4b8be983485b96bee8e98d32fbb18') in 0.045837 seconds
  Import took 0.059998 seconds .

========================================================================
Received Import Request.
  Time since last request: 0.000348 seconds.
  path: Assets/MATERIALS/Textured/Rusty.mat
  artifactKey: Guid(4d6189d77ec90ec4996538ccc860c38c) Importer(815301076,1909f56bfc062723c751e8b465ee728b)
Start importing Assets/MATERIALS/Textured/Rusty.mat using Guid(4d6189d77ec90ec4996538ccc860c38c) Importer(815301076,1909f56bfc062723c751e8b465ee728b)  -> (artifact id: '8bc9396625dfefdc1742314ba97d1e04') in 0.080493 seconds
  Import took 0.096862 seconds .

========================================================================
Received Import Request.
  Time since last request: 0.000416 seconds.
  path: Assets/MATERIALS/Textured/Snow.png
  artifactKey: Guid(b2570f69699e1e94c90af3e9421c6e53) Importer(815301076,1909f56bfc062723c751e8b465ee728b)
Start importing Assets/MATERIALS/Textured/Snow.png using Guid(b2570f69699e1e94c90af3e9421c6e53) Importer(815301076,1909f56bfc062723c751e8b465ee728b)  -> (artifact id: '7c4bc9d5b431c85c1a697d2ca87b15d4') in 0.034077 seconds
  Import took 0.049088 seconds .

========================================================================
Received Import Request.
  Time since last request: 0.000838 seconds.
  path: Assets/MATERIALS/Textured/Fassade.mat
  artifactKey: Guid(90d99e89efe536d4ebcbddf4b96c3751) Importer(815301076,1909f56bfc062723c751e8b465ee728b)
Start importing Assets/MATERIALS/Textured/Fassade.mat using Guid(90d99e89efe536d4ebcbddf4b96c3751) Importer(815301076,1909f56bfc062723c751e8b465ee728b)  -> (artifact id: '549eb2d970da819d0233cf8e4f125b05') in 0.044224 seconds
  Import took 0.060293 seconds .

========================================================================
Received Import Request.
  Time since last request: 0.000430 seconds.
  path: Assets/MATERIALS/Textured/GridMaterial.mat
  artifactKey: Guid(2010d94e78b73924fb442121d4b59261) Importer(815301076,1909f56bfc062723c751e8b465ee728b)
Start importing Assets/MATERIALS/Textured/GridMaterial.mat using Guid(2010d94e78b73924fb442121d4b59261) Importer(815301076,1909f56bfc062723c751e8b465ee728b)  -> (artifact id: 'd4f027893cb80e4a46a4c9d8ae62d784') in 0.036721 seconds
  Import took 0.052346 seconds .

========================================================================
Received Import Request.
  Time since last request: 0.000484 seconds.
  path: Assets/MATERIALS/Textured/Fassade.mat
  artifactKey: Guid(90d99e89efe536d4ebcbddf4b96c3751) Importer(815301076,1909f56bfc062723c751e8b465ee728b)
Start importing Assets/MATERIALS/Textured/Fassade.mat using Guid(90d99e89efe536d4ebcbddf4b96c3751) Importer(815301076,1909f56bfc062723c751e8b465ee728b)  -> (artifact id: '549eb2d970da819d0233cf8e4f125b05') in 0.038275 seconds
  Import took 0.053290 seconds .

========================================================================
Received Import Request.
  Time since last request: 0.000378 seconds.
  path: Assets/MATERIALS/Textured/TemporalWater.mat
  artifactKey: Guid(00eea2eda816eb74cb2286a529f5ba3b) Importer(815301076,1909f56bfc062723c751e8b465ee728b)
Start importing Assets/MATERIALS/Textured/TemporalWater.mat using Guid(00eea2eda816eb74cb2286a529f5ba3b) Importer(815301076,1909f56bfc062723c751e8b465ee728b)  -> (artifact id: 'c2a4b64d4f8c53b8c61e3a23268b8fdb') in 0.055405 seconds
  Import took 0.068619 seconds .

========================================================================
Received Import Request.
  Time since last request: 0.000479 seconds.
  path: Assets/MATERIALS/Textured/Concrete.mat
  artifactKey: Guid(3851443a43d53374fac9653ce498d591) Importer(815301076,1909f56bfc062723c751e8b465ee728b)
Start importing Assets/MATERIALS/Textured/Concrete.mat using Guid(3851443a43d53374fac9653ce498d591) Importer(815301076,1909f56bfc062723c751e8b465ee728b)  -> (artifact id: '46ff40d2bd36c5afd21d331f4d9e88ea') in 0.040541 seconds
  Import took 0.053141 seconds .

========================================================================
Received Import Request.
  Time since last request: 3.002229 seconds.
  path: Assets/MATERIALS/Environment materials
  artifactKey: Guid(8945b97054169b04a86d2799f6de95af) Importer(815301076,1909f56bfc062723c751e8b465ee728b)
Start importing Assets/MATERIALS/Environment materials using Guid(8945b97054169b04a86d2799f6de95af) Importer(815301076,1909f56bfc062723c751e8b465ee728b)  -> (artifact id: 'a9f72875cbd6f924c065b1a957c06c97') in 0.019656 seconds
  Import took 0.032734 seconds .

========================================================================
Received Import Request.
  Time since last request: 0.000440 seconds.
  path: Assets/MATERIALS/Environment materials/BLUE.mat
  artifactKey: Guid(0ac3395f3dfdb084ba1fe6751970e7bc) Importer(815301076,1909f56bfc062723c751e8b465ee728b)
Start importing Assets/MATERIALS/Environment materials/BLUE.mat using Guid(0ac3395f3dfdb084ba1fe6751970e7bc) Importer(815301076,1909f56bfc062723c751e8b465ee728b)  -> (artifact id: '3ecab51bafc55acb6d2643031ea0555b') in 0.036057 seconds
  Import took 0.047211 seconds .

========================================================================
Received Import Request.
  Time since last request: 0.000537 seconds.
  path: Assets/MATERIALS/Environment materials/BROWN.mat
  artifactKey: Guid(5f9de66f2c100d14093f491821374e95) Importer(815301076,1909f56bfc062723c751e8b465ee728b)
Start importing Assets/MATERIALS/Environment materials/BROWN.mat using Guid(5f9de66f2c100d14093f491821374e95) Importer(815301076,1909f56bfc062723c751e8b465ee728b)  -> (artifact id: '73e76ad460ea1c4f9549cee494e99d31') in 0.154691 seconds
  Import took 0.164713 seconds .

========================================================================
Received Import Request.
  Time since last request: 0.000376 seconds.
  path: Assets/MATERIALS/Environment materials/Gray.mat
  artifactKey: Guid(b8a9e601fa054784182dcb42b96e99ac) Importer(815301076,1909f56bfc062723c751e8b465ee728b)
Start importing Assets/MATERIALS/Environment materials/Gray.mat using Guid(b8a9e601fa054784182dcb42b96e99ac) Importer(815301076,1909f56bfc062723c751e8b465ee728b)  -> (artifact id: '8e73d96edbc0cd5ac30849481181d35d') in 0.033871 seconds
  Import took 0.044093 seconds .

========================================================================
Received Import Request.
  Time since last request: 0.000517 seconds.
  path: Assets/MATERIALS/Environment materials/WALLS.mat
  artifactKey: Guid(bc6bd58d7eb921640967d2ef0eefbaa5) Importer(815301076,1909f56bfc062723c751e8b465ee728b)
Start importing Assets/MATERIALS/Environment materials/WALLS.mat using Guid(bc6bd58d7eb921640967d2ef0eefbaa5) Importer(815301076,1909f56bfc062723c751e8b465ee728b)  -> (artifact id: '58998020ce6aff733a313518e6d217fe') in 0.043930 seconds
  Import took 0.057948 seconds .

========================================================================
Received Import Request.
  Time since last request: 0.000449 seconds.
  path: Assets/MATERIALS/Environment materials/SIMPLE WHITE 2.mat
  artifactKey: Guid(65b2b7e8179e20c47ae900ef972270e1) Importer(815301076,1909f56bfc062723c751e8b465ee728b)
Start importing Assets/MATERIALS/Environment materials/SIMPLE WHITE 2.mat using Guid(65b2b7e8179e20c47ae900ef972270e1) Importer(815301076,1909f56bfc062723c751e8b465ee728b)  -> (artifact id: '9ef9409558164601615cfe44c75b7f3f') in 0.036673 seconds
  Import took 0.050216 seconds .

========================================================================
Received Import Request.
  Time since last request: 213.965229 seconds.
  path: Assets
  artifactKey: Guid(00000000000000001000000000000000) Importer(815301076,1909f56bfc062723c751e8b465ee728b)
Start importing Assets using Guid(00000000000000001000000000000000) Importer(815301076,1909f56bfc062723c751e8b465ee728b)  -> (artifact id: '2c602d4445bd9e0e517b9a7c882a2249') in 0.027884 seconds
  Import took 0.048715 seconds .

========================================================================
Received Import Request.
  Time since last request: 33.605276 seconds.
  path: Assets/UniversalRenderPipelineAsset.asset
  artifactKey: Guid(6c92c7a97d910994cb39875ae283d785) Importer(815301076,1909f56bfc062723c751e8b465ee728b)
Start importing Assets/UniversalRenderPipelineAsset.asset using Guid(6c92c7a97d910994cb39875ae283d785) Importer(815301076,1909f56bfc062723c751e8b465ee728b)  -> (artifact id: '438c0243d2a23f3b2d8bffbe685d3279') in 0.815347 seconds
  Import took 0.833687 seconds .

========================================================================
Received Import Request.
  Time since last request: 0.000385 seconds.
  path: Assets/UniversalRenderPipelineAsset_Renderer.asset
  artifactKey: Guid(b14c853989ac56f4aa4009449bc81828) Importer(815301076,1909f56bfc062723c751e8b465ee728b)
Start importing Assets/UniversalRenderPipelineAsset_Renderer.asset using Guid(b14c853989ac56f4aa4009449bc81828) Importer(815301076,1909f56bfc062723c751e8b465ee728b)  -> (artifact id: '4b49cdd533c5ad7adaf1288b452657c0') in 0.123641 seconds
  Import took 0.147639 seconds .

========================================================================
Received Prepare
Switching render pipeline 00000000000000000000000000000000 -> 6c92c7a97d910994cb39875ae283d785
Shader 'Universal Render Pipeline/Particles/Lit': fallback shader 'Universal Render Pipeline/Particles/SimpleLit' not found
Refreshing native plugins compatible for Editor in 13.75 ms, found 2 plugins.
Preloading 0 native plugins for Editor in 0.00 ms.
Unloading 73 Unused Serialized files (Serialized files now loaded: 0)
System memory in use before: 95.2 MB.
System memory in use after: 95.3 MB.

Unloading 25 unused Assets to reduce memory usage. Loaded Objects now: 4246.
Total: 7.082500 ms (FindLiveObjects: 0.566500 ms CreateObjectMapping: 0.244800 ms MarkObjects: 6.105700 ms  DeleteObjects: 0.163200 ms)

========================================================================
Received Import Request.
  Time since last request: 158.134234 seconds.
  path: Assets/MAP3.blend
  artifactKey: Guid(a1c8235c618e2b846be36693c299a220) Importer(815301076,1909f56bfc062723c751e8b465ee728b)
Start importing Assets/MAP3.blend using Guid(a1c8235c618e2b846be36693c299a220) Importer(815301076,1909f56bfc062723c751e8b465ee728b)  -> (artifact id: '958b4e40520ef97e54ffea453d3fae73') in 1.313604 seconds
  Import took 1.326227 seconds .

========================================================================
Received Import Request.
  Time since last request: 0.000619 seconds.
  path: Assets/UniversalRenderPipelineAsset.asset
  artifactKey: Guid(6c92c7a97d910994cb39875ae283d785) Importer(815301076,1909f56bfc062723c751e8b465ee728b)
Start importing Assets/UniversalRenderPipelineAsset.asset using Guid(6c92c7a97d910994cb39875ae283d785) Importer(815301076,1909f56bfc062723c751e8b465ee728b)  -> (artifact id: '800c537f5f56dca3ee6325671513fff3') in 0.017245 seconds
  Import took 0.031997 seconds .

========================================================================
Received Import Request.
  Time since last request: 0.000503 seconds.
  path: Assets/UniversalRenderPipelineAsset_Renderer.asset
  artifactKey: Guid(b14c853989ac56f4aa4009449bc81828) Importer(815301076,1909f56bfc062723c751e8b465ee728b)
Start importing Assets/UniversalRenderPipelineAsset_Renderer.asset using Guid(b14c853989ac56f4aa4009449bc81828) Importer(815301076,1909f56bfc062723c751e8b465ee728b)  -> (artifact id: '3b44a18ed7c0d7e266e3cbd0dc435fab') in 0.009953 seconds
  Import took 0.020409 seconds .

========================================================================
Received Import Request.
  Time since last request: 873.746519 seconds.
  path: Assets/PACKAGES/CITY ASSETS/Concrete barriers/wall/wall.obj
  artifactKey: Guid(1aa03e6236207ab4083010bbdfa4ade2) Importer(815301076,1909f56bfc062723c751e8b465ee728b)
Start importing Assets/PACKAGES/CITY ASSETS/Concrete barriers/wall/wall.obj using Guid(1aa03e6236207ab4083010bbdfa4ade2) Importer(815301076,1909f56bfc062723c751e8b465ee728b)  -> (artifact id: 'baa35e740d0601459df6942cee082943') in 0.076309 seconds
  Import took 0.093422 seconds .

========================================================================
Received Import Request.
  Time since last request: 0.000500 seconds.
  path: Assets/PACKAGES/ZOMBIE/Animations/Zombie@Z_Walk1.FBX
  artifactKey: Guid(1d31b4476a14a0246b2e0f023e8877fe) Importer(815301076,1909f56bfc062723c751e8b465ee728b)
Start importing Assets/PACKAGES/ZOMBIE/Animations/Zombie@Z_Walk1.FBX using Guid(1d31b4476a14a0246b2e0f023e8877fe) Importer(815301076,1909f56bfc062723c751e8b465ee728b)  -> (artifact id: 'c237e8216f0517baf4b56feb4e1ec53b') in 0.471734 seconds
  Import took 0.488429 seconds .

========================================================================
Received Import Request.
  Time since last request: 0.000588 seconds.
  path: Assets/PACKAGES/ZOMBIE/Animations/Zombie@Z_Run.FBX
  artifactKey: Guid(55edd2c9d257d3f4481dfd16015bf8c1) Importer(815301076,1909f56bfc062723c751e8b465ee728b)
Start importing Assets/PACKAGES/ZOMBIE/Animations/Zombie@Z_Run.FBX using Guid(55edd2c9d257d3f4481dfd16015bf8c1) Importer(815301076,1909f56bfc062723c751e8b465ee728b)  -> (artifact id: '2af1a495676ede8b26de44173ea2bff3') in 0.287721 seconds
  Import took 0.302551 seconds .

========================================================================
Received Import Request.
  Time since last request: 0.000418 seconds.
  path: Assets/PACKAGES/ZOMBIE/Animations/Zombie@Z_Walk.FBX
  artifactKey: Guid(59dbfb66512f63c4eb6e1e30e0603198) Importer(815301076,1909f56bfc062723c751e8b465ee728b)
Start importing Assets/PACKAGES/ZOMBIE/Animations/Zombie@Z_Walk.FBX using Guid(59dbfb66512f63c4eb6e1e30e0603198) Importer(815301076,1909f56bfc062723c751e8b465ee728b)  -> (artifact id: 'f98a98584c819460f6e0c521ae0a5b86') in 0.308763 seconds
  Import took 0.322837 seconds .

========================================================================
Received Import Request.
  Time since last request: 0.000602 seconds.
  path: Assets/PACKAGES/ZOMBIE/Animations/Zombie@Z_Attack.FBX
  artifactKey: Guid(631762b9a30b33a42836730a6b37d13f) Importer(815301076,1909f56bfc062723c751e8b465ee728b)
Start importing Assets/PACKAGES/ZOMBIE/Animations/Zombie@Z_Attack.FBX using Guid(631762b9a30b33a42836730a6b37d13f) Importer(815301076,1909f56bfc062723c751e8b465ee728b)  -> (artifact id: '4b916d90fb4b2c93d76ec79b9453ce18') in 0.294670 seconds
  Import took 0.308824 seconds .

========================================================================
Received Import Request.
  Time since last request: 0.000320 seconds.
  path: Assets/PACKAGES/ZOMBIE/Animations/Zombie@Z_Idle.FBX
  artifactKey: Guid(0d6373858f853604b960cf84b7d3dfbf) Importer(815301076,1909f56bfc062723c751e8b465ee728b)
Start importing Assets/PACKAGES/ZOMBIE/Animations/Zombie@Z_Idle.FBX using Guid(0d6373858f853604b960cf84b7d3dfbf) Importer(815301076,1909f56bfc062723c751e8b465ee728b)  -> (artifact id: 'ba675445c771ac41d969f66b72040c9e') in 0.319611 seconds
  Import took 0.335232 seconds .

========================================================================
Received Import Request.
  Time since last request: 0.000487 seconds.
  path: Assets/MATERIALS/Environment materials/WALLS.mat
  artifactKey: Guid(bc6bd58d7eb921640967d2ef0eefbaa5) Importer(815301076,1909f56bfc062723c751e8b465ee728b)
Start importing Assets/MATERIALS/Environment materials/WALLS.mat using Guid(bc6bd58d7eb921640967d2ef0eefbaa5) Importer(815301076,1909f56bfc062723c751e8b465ee728b)  -> (artifact id: 'e7654c7a60c5e07ac39b9b3738af5dfe') in 0.035151 seconds
  Import took 0.053657 seconds .

========================================================================
Received Import Request.
  Time since last request: 0.001427 seconds.
  path: Assets/PACKAGES/ZOMBIE/Animations/Zombie@Z_Walk1_InPlace.FBX
  artifactKey: Guid(3fa7045af54b82c47852949257d136c7) Importer(815301076,1909f56bfc062723c751e8b465ee728b)
Start importing Assets/PACKAGES/ZOMBIE/Animations/Zombie@Z_Walk1_InPlace.FBX using Guid(3fa7045af54b82c47852949257d136c7) Importer(815301076,1909f56bfc062723c751e8b465ee728b)  -> (artifact id: 'ace28d3e8071e3e692c491c6684788d1') in 0.289669 seconds
  Import took 0.306457 seconds .

========================================================================
Received Import Request.
  Time since last request: 0.000463 seconds.
  path: Assets/MODELS/MAP.blend
  artifactKey: Guid(9b199935bbd38944f8e4d9228bf0016c) Importer(815301076,1909f56bfc062723c751e8b465ee728b)
Start importing Assets/MODELS/MAP.blend using Guid(9b199935bbd38944f8e4d9228bf0016c) Importer(815301076,1909f56bfc062723c751e8b465ee728b)  -> (artifact id: '0a07545f1fe7425edb990a5c1cc045fe') in 0.072220 seconds
  Import took 0.085940 seconds .

========================================================================
Received Import Request.
  Time since last request: 0.000391 seconds.
  path: Assets/PACKAGES/ZOMBIE/Animations/Zombie@Z_Run_InPlace.FBX
  artifactKey: Guid(79969b20b5ba62e499ee433a4dd38701) Importer(815301076,1909f56bfc062723c751e8b465ee728b)
Start importing Assets/PACKAGES/ZOMBIE/Animations/Zombie@Z_Run_InPlace.FBX using Guid(79969b20b5ba62e499ee433a4dd38701) Importer(815301076,1909f56bfc062723c751e8b465ee728b)  -> (artifact id: 'eaa565a526323d37fee53bd76616f12c') in 0.298173 seconds
  Import took 0.315996 seconds .

========================================================================
Received Import Request.
  Time since last request: 0.000389 seconds.
  path: Assets/PACKAGES/RPG COMBAT/Demo Elements/Materials/Stage/Water.mat
  artifactKey: Guid(b7eeea2f6ad9e184fbad8260683a9f13) Importer(815301076,1909f56bfc062723c751e8b465ee728b)
Start importing Assets/PACKAGES/RPG COMBAT/Demo Elements/Materials/Stage/Water.mat using Guid(b7eeea2f6ad9e184fbad8260683a9f13) Importer(815301076,1909f56bfc062723c751e8b465ee728b)  -> (artifact id: 'a6f84f318721b7edce073f0464c00492') in 0.118303 seconds
  Import took 0.131348 seconds .

========================================================================
Received Import Request.
  Time since last request: 2.646673 seconds.
  path: Assets/MATERIALS/Default shader materials
  artifactKey: Guid(efc81ecc8e8d77f4bbddbcf7bf8d3583) Importer(815301076,1909f56bfc062723c751e8b465ee728b)
Start importing Assets/MATERIALS/Default shader materials using Guid(efc81ecc8e8d77f4bbddbcf7bf8d3583) Importer(815301076,1909f56bfc062723c751e8b465ee728b)  -> (artifact id: 'd58f963a8190c537eb4fd0e27dcc78ab') in 0.018294 seconds
  Import took 0.033241 seconds .

========================================================================
Received Import Request.
  Time since last request: 109.778082 seconds.
  path: Assets/MATERIALS/Textured/Iceberg.png
  artifactKey: Guid(03d1fef0f3665134f98a8661634054a6) Importer(815301076,1909f56bfc062723c751e8b465ee728b)
Start importing Assets/MATERIALS/Textured/Iceberg.png using Guid(03d1fef0f3665134f98a8661634054a6) Importer(815301076,1909f56bfc062723c751e8b465ee728b)  -> (artifact id: '12b9ed97857d590e9f0d97e76751bc02') in 0.032837 seconds
  Import took 0.045555 seconds .

========================================================================
Received Import Request.
  Time since last request: 0.062684 seconds.
  path: Assets/MATERIALS/Textured/Iceberg.png
  artifactKey: Guid(03d1fef0f3665134f98a8661634054a6) Importer(815301076,1909f56bfc062723c751e8b465ee728b)
Start importing Assets/MATERIALS/Textured/Iceberg.png using Guid(03d1fef0f3665134f98a8661634054a6) Importer(815301076,1909f56bfc062723c751e8b465ee728b)  -> (artifact id: '12b9ed97857d590e9f0d97e76751bc02') in 0.028399 seconds
  Import took 0.048796 seconds .

========================================================================
Received Import Request.
  Time since last request: 56.665210 seconds.
  path: Assets/MATERIALS/Textured/GRID.mat
  artifactKey: Guid(4144a08cf96e66740832d57137011edb) Importer(815301076,1909f56bfc062723c751e8b465ee728b)
Start importing Assets/MATERIALS/Textured/GRID.mat using Guid(4144a08cf96e66740832d57137011edb) Importer(815301076,1909f56bfc062723c751e8b465ee728b)  -> (artifact id: '92427e91f9072a61aadaf1772f872adb') in 0.258090 seconds
  Import took 0.282923 seconds .

========================================================================
Received Import Request.
  Time since last request: 0.000715 seconds.
  path: Assets/MATERIALS/Textured/Rusty.mat
  artifactKey: Guid(4d6189d77ec90ec4996538ccc860c38c) Importer(815301076,1909f56bfc062723c751e8b465ee728b)
Start importing Assets/MATERIALS/Textured/Rusty.mat using Guid(4d6189d77ec90ec4996538ccc860c38c) Importer(815301076,1909f56bfc062723c751e8b465ee728b)  -> (artifact id: 'e90782fd80467d4333adbb062f05f928') in 0.093973 seconds
  Import took 0.134234 seconds .

========================================================================
Received Import Request.
  Time since last request: 0.000426 seconds.
  path: Assets/MATERIALS/Textured/GridMaterial.mat
  artifactKey: Guid(2010d94e78b73924fb442121d4b59261) Importer(815301076,1909f56bfc062723c751e8b465ee728b)
Start importing Assets/MATERIALS/Textured/GridMaterial.mat using Guid(2010d94e78b73924fb442121d4b59261) Importer(815301076,1909f56bfc062723c751e8b465ee728b)  -> (artifact id: 'b01c6fb8bd15240b4f7878444b99c72e') in 0.096399 seconds
  Import took 0.115274 seconds .

========================================================================
Received Import Request.
  Time since last request: 0.000488 seconds.
  path: Assets/MATERIALS/Textured/TemporalWater.mat
  artifactKey: Guid(00eea2eda816eb74cb2286a529f5ba3b) Importer(815301076,1909f56bfc062723c751e8b465ee728b)
Start importing Assets/MATERIALS/Textured/TemporalWater.mat using Guid(00eea2eda816eb74cb2286a529f5ba3b) Importer(815301076,1909f56bfc062723c751e8b465ee728b)  -> (artifact id: 'ed98f022bd88ec3daa9200cb1b291fab') in 0.141691 seconds
  Import took 0.177739 seconds .

========================================================================
Received Import Request.
  Time since last request: 141.247962 seconds.
  path: Assets/UniversalRenderPipelineAsset_Renderer.asset
  artifactKey: Guid(b14c853989ac56f4aa4009449bc81828) Importer(815301076,1909f56bfc062723c751e8b465ee728b)
Start importing Assets/UniversalRenderPipelineAsset_Renderer.asset using Guid(b14c853989ac56f4aa4009449bc81828) Importer(815301076,1909f56bfc062723c751e8b465ee728b)  -> (artifact id: '2990fd801f5344cb149284646fb9db49') in 0.025963 seconds
  Import took 0.057287 seconds .

========================================================================
Received Import Request.
  Time since last request: 2.006264 seconds.
  path: Assets/WaterShader.shadergraph
  artifactKey: Guid(b92a21fe305e28b4997caeb00154d14c) Importer(815301076,1909f56bfc062723c751e8b465ee728b)
Start importing Assets/WaterShader.shadergraph using Guid(b92a21fe305e28b4997caeb00154d14c) Importer(815301076,1909f56bfc062723c751e8b465ee728b)  -> (artifact id: 'cf9eec5aeca5c5b7082482d78873596e') in 0.024098 seconds
  Import took 0.036426 seconds .

========================================================================
Received Import Request.
  Time since last request: 0.026814 seconds.
  path: Assets/WaterShader.shadergraph
  artifactKey: Guid(b92a21fe305e28b4997caeb00154d14c) Importer(815301076,1909f56bfc062723c751e8b465ee728b)
Start importing Assets/WaterShader.shadergraph using Guid(b92a21fe305e28b4997caeb00154d14c) Importer(815301076,1909f56bfc062723c751e8b465ee728b)  -> (artifact id: 'cf9eec5aeca5c5b7082482d78873596e') in 0.024210 seconds
  Import took 0.044775 seconds .

========================================================================
Received Import Request.
  Time since last request: 103.264443 seconds.
  path: Assets/WaterShader.shadergraph
  artifactKey: Guid(b92a21fe305e28b4997caeb00154d14c) Importer(815301076,1909f56bfc062723c751e8b465ee728b)
Start importing Assets/WaterShader.shadergraph using Guid(b92a21fe305e28b4997caeb00154d14c) Importer(815301076,1909f56bfc062723c751e8b465ee728b)  -> (artifact id: '62225f35cd6e1a1301307063a2da14c9') in 0.035027 seconds
  Import took 0.066897 seconds .

========================================================================
Received Import Request.
  Time since last request: 0.059452 seconds.
  path: Assets/WaterShader.shadergraph
  artifactKey: Guid(b92a21fe305e28b4997caeb00154d14c) Importer(815301076,1909f56bfc062723c751e8b465ee728b)
Start importing Assets/WaterShader.shadergraph using Guid(b92a21fe305e28b4997caeb00154d14c) Importer(815301076,1909f56bfc062723c751e8b465ee728b)  -> (artifact id: '62225f35cd6e1a1301307063a2da14c9') in 0.015930 seconds
  Import took 0.044729 seconds .

========================================================================
Received Import Request.
  Time since last request: 52.988585 seconds.
  path: Assets/MATERIALS/Environment materials/BLUE.mat
  artifactKey: Guid(0ac3395f3dfdb084ba1fe6751970e7bc) Importer(815301076,1909f56bfc062723c751e8b465ee728b)
Start importing Assets/MATERIALS/Environment materials/BLUE.mat using Guid(0ac3395f3dfdb084ba1fe6751970e7bc) Importer(815301076,1909f56bfc062723c751e8b465ee728b)  -> (artifact id: '71311e530cd2c12aa1cab354c953700e') in 0.043749 seconds
  Import took 0.057937 seconds .

========================================================================
Received Import Request.
  Time since last request: 0.000398 seconds.
  path: Assets/MATERIALS/Environment materials/BROWN.mat
  artifactKey: Guid(5f9de66f2c100d14093f491821374e95) Importer(815301076,1909f56bfc062723c751e8b465ee728b)
Start importing Assets/MATERIALS/Environment materials/BROWN.mat using Guid(5f9de66f2c100d14093f491821374e95) Importer(815301076,1909f56bfc062723c751e8b465ee728b)  -> (artifact id: '38644cadd7b5ab5084875447f4c19648') in 0.044210 seconds
  Import took 0.063405 seconds .

========================================================================
Received Import Request.
  Time since last request: 0.001566 seconds.
  path: Assets/MATERIALS/Environment materials/Gray.mat
  artifactKey: Guid(b8a9e601fa054784182dcb42b96e99ac) Importer(815301076,1909f56bfc062723c751e8b465ee728b)
Start importing Assets/MATERIALS/Environment materials/Gray.mat using Guid(b8a9e601fa054784182dcb42b96e99ac) Importer(815301076,1909f56bfc062723c751e8b465ee728b)  -> (artifact id: 'c6b42ab6bdbd1fa9a5c343aa0c179315') in 0.065693 seconds
  Import took 0.088586 seconds .

========================================================================
Received Import Request.
  Time since last request: 0.000506 seconds.
  path: Assets/MATERIALS/Environment materials/WALLS.mat
  artifactKey: Guid(bc6bd58d7eb921640967d2ef0eefbaa5) Importer(815301076,1909f56bfc062723c751e8b465ee728b)
Start importing Assets/MATERIALS/Environment materials/WALLS.mat using Guid(bc6bd58d7eb921640967d2ef0eefbaa5) Importer(815301076,1909f56bfc062723c751e8b465ee728b)  -> (artifact id: '33921c700eb045433cf72031872c7620') in 0.067449 seconds
  Import took 0.090433 seconds .

========================================================================
Received Import Request.
  Time since last request: 0.000550 seconds.
  path: Assets/MATERIALS/Environment materials/SIMPLE WHITE 2.mat
  artifactKey: Guid(65b2b7e8179e20c47ae900ef972270e1) Importer(815301076,1909f56bfc062723c751e8b465ee728b)
Start importing Assets/MATERIALS/Environment materials/SIMPLE WHITE 2.mat using Guid(65b2b7e8179e20c47ae900ef972270e1) Importer(815301076,1909f56bfc062723c751e8b465ee728b)  -> (artifact id: 'a3b51fc753626581c3fe46bf11c93851') in 0.055157 seconds
  Import took 0.079494 seconds .

========================================================================
Received Prepare
Registering precompiled user dll's ...
Registered in 0.922268 seconds.
Begin MonoManager ReloadAssembly
Native extension for WindowsStandalone target not found
Refreshing native plugins compatible for Editor in 3.65 ms, found 2 plugins.
Preloading 0 native plugins for Editor in 0.00 ms.
Mono: successfully reloaded assembly
- Completed reload, in  5.557 seconds
Platform modules already initialized, skipping
Shader 'Universal Render Pipeline/Particles/Lit': fallback shader 'Universal Render Pipeline/Particles/SimpleLit' not found
Refreshing native plugins compatible for Editor in 1.58 ms, found 2 plugins.
Preloading 0 native plugins for Editor in 0.00 ms.
Unloading 3464 Unused Serialized files (Serialized files now loaded: 0)
System memory in use before: 178.9 MB.
System memory in use after: 179.1 MB.

Unloading 28 unused Assets to reduce memory usage. Loaded Objects now: 4292.
Total: 9.591100 ms (FindLiveObjects: 0.929800 ms CreateObjectMapping: 0.495600 ms MarkObjects: 7.999700 ms  DeleteObjects: 0.163200 ms)

========================================================================
Received Import Request.
  Time since last request: 247.349566 seconds.
  path: Assets/MATERIALS/Environment materials/Water.mat
  artifactKey: Guid(00eea2eda816eb74cb2286a529f5ba3b) Importer(815301076,1909f56bfc062723c751e8b465ee728b)
Start importing Assets/MATERIALS/Environment materials/Water.mat using Guid(00eea2eda816eb74cb2286a529f5ba3b) Importer(815301076,1909f56bfc062723c751e8b465ee728b)  -> (artifact id: '0b746e4bb9577098f569c9635e15cda3') in 0.349438 seconds
  Import took 0.365576 seconds .

========================================================================
Received Import Request.
  Time since last request: 253.482929 seconds.
  path: Assets/WaterShader.shadergraph
  artifactKey: Guid(b92a21fe305e28b4997caeb00154d14c) Importer(815301076,1909f56bfc062723c751e8b465ee728b)
Start importing Assets/WaterShader.shadergraph using Guid(b92a21fe305e28b4997caeb00154d14c) Importer(815301076,1909f56bfc062723c751e8b465ee728b)  -> (artifact id: '95de95465c65fe87759180a965b6626c') in 0.030654 seconds
  Import took 0.054211 seconds .

========================================================================
Received Import Request.
  Time since last request: 434.315208 seconds.
  path: Assets/WaterShader.shadergraph
  artifactKey: Guid(b92a21fe305e28b4997caeb00154d14c) Importer(815301076,1909f56bfc062723c751e8b465ee728b)
Start importing Assets/WaterShader.shadergraph using Guid(b92a21fe305e28b4997caeb00154d14c) Importer(815301076,1909f56bfc062723c751e8b465ee728b)  -> (artifact id: '689c2841ac7aa8b67bf57bcf85a142f6') in 0.034714 seconds
  Import took 0.061656 seconds .

========================================================================
Received Prepare
Registering precompiled user dll's ...
Registered in 0.034077 seconds.
Begin MonoManager ReloadAssembly
Native extension for WindowsStandalone target not found
Refreshing native plugins compatible for Editor in 4.22 ms, found 2 plugins.
Preloading 0 native plugins for Editor in 0.00 ms.
Mono: successfully reloaded assembly
- Completed reload, in  4.887 seconds
Platform modules already initialized, skipping
Shader 'Universal Render Pipeline/Particles/Lit': fallback shader 'Universal Render Pipeline/Particles/SimpleLit' not found
Refreshing native plugins compatible for Editor in 3.67 ms, found 2 plugins.
Preloading 0 native plugins for Editor in 0.00 ms.
Unloading 3461 Unused Serialized files (Serialized files now loaded: 0)
System memory in use before: 179.0 MB.
System memory in use after: 179.1 MB.

Unloading 28 unused Assets to reduce memory usage. Loaded Objects now: 4331.
Total: 9.327400 ms (FindLiveObjects: 1.075400 ms CreateObjectMapping: 0.442500 ms MarkObjects: 7.474900 ms  DeleteObjects: 0.330600 ms)

========================================================================
Received Import Request.
  Time since last request: 1948.340000 seconds.
  path: Assets/SHADERS
  artifactKey: Guid(ff3a3e3279611b54383701a2ad731de6) Importer(815301076,1909f56bfc062723c751e8b465ee728b)
Start importing Assets/SHADERS using Guid(ff3a3e3279611b54383701a2ad731de6) Importer(815301076,1909f56bfc062723c751e8b465ee728b)  -> (artifact id: '20698423e778d8c2c1b68c7421c248bc') in 0.168114 seconds
  Import took 0.329583 seconds .

========================================================================
Received Import Request.
  Time since last request: 2.700770 seconds.
  path: Assets/MAP3.blend1
  artifactKey: Guid(110fcdcb5e651034290ec626bb3a2e90) Importer(815301076,1909f56bfc062723c751e8b465ee728b)
Start importing Assets/MAP3.blend1 using Guid(110fcdcb5e651034290ec626bb3a2e90) Importer(815301076,1909f56bfc062723c751e8b465ee728b)  -> (artifact id: '10218ef5cdab0ce5e616b090356f401f') in 0.070159 seconds
  Import took 0.094991 seconds .

========================================================================
Received Import Request.
  Time since last request: 12.620874 seconds.
  path: Assets/MAP1.blend1
  artifactKey: Guid(ed89ac10d8698a441918787dc0cc419e) Importer(815301076,1909f56bfc062723c751e8b465ee728b)
Start importing Assets/MAP1.blend1 using Guid(ed89ac10d8698a441918787dc0cc419e) Importer(815301076,1909f56bfc062723c751e8b465ee728b)  -> (artifact id: '50bb5d1666fb7a016afa00b20ef5f895') in 0.044445 seconds
  Import took 0.070519 seconds .

========================================================================
Received Import Request.
  Time since last request: 54.817195 seconds.
  path: Assets/SHADERS/New Shader Graph.shadergraph
  artifactKey: Guid(e76cc6b543278944ca5e86d313701f05) Importer(815301076,1909f56bfc062723c751e8b465ee728b)
Start importing Assets/SHADERS/New Shader Graph.shadergraph using Guid(e76cc6b543278944ca5e86d313701f05) Importer(815301076,1909f56bfc062723c751e8b465ee728b)  -> (artifact id: '37302c962b65296f90d3226acb6f7367') in 0.114982 seconds
  Import took 0.144071 seconds .

========================================================================
Received Import Request.
  Time since last request: 1.302155 seconds.
  path: Assets/SHADERS/New Shader Graph.shadergraph
  artifactKey: Guid(e76cc6b543278944ca5e86d313701f05) Importer(815301076,1909f56bfc062723c751e8b465ee728b)
Start importing Assets/SHADERS/New Shader Graph.shadergraph using Guid(e76cc6b543278944ca5e86d313701f05) Importer(815301076,1909f56bfc062723c751e8b465ee728b)  -> (artifact id: '37302c962b65296f90d3226acb6f7367') in 0.184798 seconds
  Import took 0.316199 seconds .

========================================================================
Received Import Request.
  Time since last request: 6.769593 seconds.
  path: Assets/SHADERS/ToonShader.shadergraph
  artifactKey: Guid(e76cc6b543278944ca5e86d313701f05) Importer(815301076,1909f56bfc062723c751e8b465ee728b)
Start importing Assets/SHADERS/ToonShader.shadergraph using Guid(e76cc6b543278944ca5e86d313701f05) Importer(815301076,1909f56bfc062723c751e8b465ee728b)  -> (artifact id: 'fc7b766114a8e1143c8b80a908699f69') in 0.093207 seconds
  Import took 0.190402 seconds .

========================================================================
Received Import Request.
  Time since last request: 307.608351 seconds.
  path: Assets/SCRIPTS/BlockCharacterCollision.cs
  artifactKey: Guid(95c0f3c8b843bb742b764d2332ef160e) Importer(815301076,1909f56bfc062723c751e8b465ee728b)
Start importing Assets/SCRIPTS/BlockCharacterCollision.cs using Guid(95c0f3c8b843bb742b764d2332ef160e) Importer(815301076,1909f56bfc062723c751e8b465ee728b)  -> (artifact id: '96b85bf236594c8230d5291256c64140') in 0.069171 seconds
  Import took 0.100261 seconds .

========================================================================
Received Import Request.
  Time since last request: 0.021158 seconds.
  path: Assets/SCRIPTS/BlockCharacterCollision.cs
  artifactKey: Guid(95c0f3c8b843bb742b764d2332ef160e) Importer(815301076,1909f56bfc062723c751e8b465ee728b)
Start importing Assets/SCRIPTS/BlockCharacterCollision.cs using Guid(95c0f3c8b843bb742b764d2332ef160e) Importer(815301076,1909f56bfc062723c751e8b465ee728b)  -> (artifact id: '96b85bf236594c8230d5291256c64140') in 0.013567 seconds
  Import took 0.027050 seconds .

========================================================================
Received Import Request.
  Time since last request: 30.961671 seconds.
  path: Assets/SCRIPTS/CustomLighting.cs
  artifactKey: Guid(a855751748f91d44d8c9631c648f237d) Importer(815301076,1909f56bfc062723c751e8b465ee728b)
Start importing Assets/SCRIPTS/CustomLighting.cs using Guid(a855751748f91d44d8c9631c648f237d) Importer(815301076,1909f56bfc062723c751e8b465ee728b)  -> (artifact id: '40d723026386e71664dc589099e69264') in 0.043117 seconds
  Import took 0.087097 seconds .

========================================================================
Received Prepare
Registering precompiled user dll's ...
Registered in 1.115120 seconds.
Begin MonoManager ReloadAssembly
Native extension for WindowsStandalone target not found
Refreshing native plugins compatible for Editor in 1.17 ms, found 2 plugins.
Preloading 0 native plugins for Editor in 0.00 ms.
Mono: successfully reloaded assembly
- Completed reload, in  3.615 seconds
Platform modules already initialized, skipping
Shader 'Universal Render Pipeline/Particles/Lit': fallback shader 'Universal Render Pipeline/Particles/SimpleLit' not found
Refreshing native plugins compatible for Editor in 1.27 ms, found 2 plugins.
Preloading 0 native plugins for Editor in 0.00 ms.
Unloading 3461 Unused Serialized files (Serialized files now loaded: 0)
System memory in use before: 179.0 MB.
System memory in use after: 179.2 MB.

Unloading 28 unused Assets to reduce memory usage. Loaded Objects now: 4334.
Total: 4.681000 ms (FindLiveObjects: 0.648700 ms CreateObjectMapping: 0.211000 ms MarkObjects: 3.668900 ms  DeleteObjects: 0.150300 ms)

========================================================================
Received Import Request.
  Time since last request: 292.794413 seconds.
  path: Assets/SHADERS/CustomLighting.hlsl
  artifactKey: Guid(de472ed81d583734692a288269daea0f) Importer(815301076,1909f56bfc062723c751e8b465ee728b)
Start importing Assets/SHADERS/CustomLighting.hlsl using Guid(de472ed81d583734692a288269daea0f) Importer(815301076,1909f56bfc062723c751e8b465ee728b)  -> (artifact id: '5d7dd1816ed79dba2629ad1fb70e880d') in 10.796384 seconds
  Import took 12.695540 seconds .

========================================================================
Received Import Request.
  Time since last request: 1780.959366 seconds.
  path: Assets/SHADERS/CustomLighting.hlsl
  artifactKey: Guid(de472ed81d583734692a288269daea0f) Importer(815301076,1909f56bfc062723c751e8b465ee728b)
Start importing Assets/SHADERS/CustomLighting.hlsl using Guid(de472ed81d583734692a288269daea0f) Importer(815301076,1909f56bfc062723c751e8b465ee728b)  -> (artifact id: '50a1b6198b426522bbfd1d3f022311ad') in 0.365547 seconds
  Import took 2.442271 seconds .

AssetImportWorkerClient::OnTransportError - code=2 error=End of file
